{"C:\\Users\\hp\\Desktop\\backend-blog-api\\SRC\\index.js":{"path":"C:\\Users\\hp\\Desktop\\backend-blog-api\\SRC\\index.js","statementMap":{"0":{"start":{"line":3,"column":0},"end":{"line":5,"column":3}},"1":{"start":{"line":6,"column":0},"end":{"line":6,"column":28}},"2":{"start":{"line":8,"column":15},"end":{"line":8,"column":57}},"3":{"start":{"line":10,"column":18},"end":{"line":10,"column":72}},"4":{"start":{"line":12,"column":21},"end":{"line":12,"column":78}},"5":{"start":{"line":14,"column":18},"end":{"line":14,"column":75}},"6":{"start":{"line":16,"column":21},"end":{"line":16,"column":78}},"7":{"start":{"line":18,"column":18},"end":{"line":18,"column":72}},"8":{"start":{"line":20,"column":18},"end":{"line":20,"column":64}},"9":{"start":{"line":22,"column":18},"end":{"line":22,"column":85}},"10":{"start":{"line":24,"column":21},"end":{"line":24,"column":91}},"11":{"start":{"line":26,"column":22},"end":{"line":26,"column":93}},"12":{"start":{"line":28,"column":19},"end":{"line":28,"column":86}},"13":{"start":{"line":30,"column":16},"end":{"line":30,"column":74}},"14":{"start":{"line":32,"column":20},"end":{"line":32,"column":80}},"15":{"start":{"line":34,"column":14},"end":{"line":34,"column":55}},"16":{"start":{"line":36,"column":39},"end":{"line":36,"column":95}},"17":{"start":{"line":38,"column":0},"end":{"line":38,"column":28}},"18":{"start":{"line":40,"column":15},"end":{"line":40,"column":34}},"19":{"start":{"line":42,"column":0},"end":{"line":45,"column":3}},"20":{"start":{"line":46,"column":10},"end":{"line":46,"column":36}},"21":{"start":{"line":47,"column":0},"end":{"line":49,"column":4}},"22":{"start":{"line":50,"column":0},"end":{"line":50,"column":39}},"23":{"start":{"line":51,"column":0},"end":{"line":51,"column":37}},"24":{"start":{"line":52,"column":0},"end":{"line":52,"column":40}},"25":{"start":{"line":53,"column":0},"end":{"line":53,"column":41}},"26":{"start":{"line":54,"column":0},"end":{"line":54,"column":38}},"27":{"start":{"line":55,"column":0},"end":{"line":55,"column":35}},"28":{"start":{"line":56,"column":0},"end":{"line":56,"column":39}},"29":{"start":{"line":58,"column":11},"end":{"line":58,"column":35}},"30":{"start":{"line":59,"column":0},"end":{"line":61,"column":3}},"31":{"start":{"line":60,"column":2},"end":{"line":60,"column":63}},"32":{"start":{"line":62,"column":0},"end":{"line":62,"column":36}},"33":{"start":{"line":63,"column":0},"end":{"line":65,"column":4}},"34":{"start":{"line":66,"column":0},"end":{"line":70,"column":3}},"35":{"start":{"line":67,"column":2},"end":{"line":69,"column":5}},"36":{"start":{"line":71,"column":0},"end":{"line":71,"column":37}},"37":{"start":{"line":72,"column":0},"end":{"line":72,"column":40}},"38":{"start":{"line":73,"column":0},"end":{"line":73,"column":37}},"39":{"start":{"line":74,"column":0},"end":{"line":74,"column":40}},"40":{"start":{"line":75,"column":0},"end":{"line":75,"column":37}},"41":{"start":{"line":76,"column":15},"end":{"line":76,"column":18}},"42":{"start":{"line":77,"column":0},"end":{"line":77,"column":30}}},"fnMap":{"0":{"name":"_interopRequireDefault","decl":{"start":{"line":36,"column":9},"end":{"line":36,"column":31}},"loc":{"start":{"line":36,"column":37},"end":{"line":36,"column":97}},"line":36},"1":{"name":"(anonymous_1)","decl":{"start":{"line":59,"column":17},"end":{"line":59,"column":18}},"loc":{"start":{"line":59,"column":29},"end":{"line":61,"column":1}},"line":59},"2":{"name":"(anonymous_2)","decl":{"start":{"line":66,"column":13},"end":{"line":66,"column":14}},"loc":{"start":{"line":66,"column":33},"end":{"line":70,"column":1}},"line":66}},"branchMap":{"0":{"loc":{"start":{"line":36,"column":46},"end":{"line":36,"column":94}},"type":"cond-expr","locations":[{"start":{"line":36,"column":70},"end":{"line":36,"column":73}},{"start":{"line":36,"column":76},"end":{"line":36,"column":94}}],"line":36},"1":{"loc":{"start":{"line":36,"column":46},"end":{"line":36,"column":67}},"type":"binary-expr","locations":[{"start":{"line":36,"column":46},"end":{"line":36,"column":49}},{"start":{"line":36,"column":53},"end":{"line":36,"column":67}}],"line":36},"2":{"loc":{"start":{"line":58,"column":11},"end":{"line":58,"column":35}},"type":"binary-expr","locations":[{"start":{"line":58,"column":11},"end":{"line":58,"column":27}},{"start":{"line":58,"column":31},"end":{"line":58,"column":35}}],"line":58}},"s":{"0":1,"1":1,"2":1,"3":1,"4":1,"5":1,"6":1,"7":1,"8":1,"9":1,"10":1,"11":1,"12":1,"13":1,"14":1,"15":1,"16":14,"17":1,"18":1,"19":1,"20":1,"21":1,"22":1,"23":1,"24":1,"25":1,"26":1,"27":1,"28":1,"29":1,"30":1,"31":1,"32":1,"33":1,"34":1,"35":0,"36":1,"37":1,"38":1,"39":1,"40":1,"41":1,"42":1},"f":{"0":14,"1":1,"2":0},"b":{"0":[11,3],"1":[14,14],"2":[1,1]},"inputSourceMap":{"version":3,"sources":["index.js"],"names":["dotEnv","config","mongoose","require","connect","process","env","MONGO_ATLAS_PW","useNewUrlParser","useUnifiedTopology","app","use","bodyParser","urlencoded","extended","json","routes","routeMsgTst","routeCmtTst","routeUserTst","routeblogpostDB","routemessagesDB","port","PORT","listen","console","log","express","get","req","res","status","message","UsaRoute","MessRoute","posRoute","commentiRoute","authRoute"],"mappings":";;;;;;;AACA;;AACA;;AACA;;AACA;;AACA;;AACA;;AACA;;AACA;;AACA;;AACA;;AACA;;AACA;;AACA;;AACA;;;;AACAA,mBAAOC,MAAP;;AAEA,IAAMC,QAAQ,GAAGC,OAAO,CAAC,UAAD,CAAxB;;AACAD,QAAQ,CAACE,OAAT,CAAiB,8BACjBC,OAAO,CAACC,GAAR,CAAYC,cADK,GACY,kEAD7B,EAEA;AAACC,EAAAA,eAAe,EAAE,IAAlB;AACIC,EAAAA,kBAAkB,EAAE;AADxB,CAFA;AAKA,IAAMC,GAAG,GAAG,0BAAZ;AAEAA,GAAG,CAACC,GAAJ,CAAQC,uBAAWC,UAAX,CAAsB;AAAEC,EAAAA,QAAQ,EAAC;AAAX,CAAtB,CAAR;AACAJ,GAAG,CAACC,GAAJ,CAAQC,uBAAWG,IAAX,EAAR;AACAL,GAAG,CAACC,GAAJ,CAAQ,GAAR,EAAaK,sBAAb;AACAN,GAAG,CAACC,GAAJ,CAAQ,GAAR,EAAYM,yBAAZ;AACAP,GAAG,CAACC,GAAJ,CAAQ,GAAR,EAAaO,0BAAb;AACAR,GAAG,CAACC,GAAJ,CAAQ,GAAR,EAAaQ,uBAAb;AACAT,GAAG,CAACC,GAAJ,CAAQ,GAAR,EAAaS,oBAAb;AACAV,GAAG,CAACC,GAAJ,CAAQ,GAAR,EAAaU,wBAAb,E,CAEA;;AACA,IAAMC,IAAI,GAAGjB,OAAO,CAACC,GAAR,CAAYiB,IAAZ,IAAoB,IAAjC;AACAb,GAAG,CAACc,MAAJ,CAAWF,IAAX,EAAiB;AAAA,SAAMG,OAAO,CAACC,GAAR,6BAAiCJ,IAAjC,SAAN;AAAA,CAAjB;AACAZ,GAAG,CAACC,GAAJ,CAAQgB,oBAAQZ,IAAR,EAAR;AACAL,GAAG,CAACC,GAAJ,CAAQgB,oBAAQd,UAAR,CAAmB;AAAEC,EAAAA,QAAQ,EAAE;AAAZ,CAAnB,CAAR;AACAJ,GAAG,CAACkB,GAAJ,CAAQ,GAAR,EAAa,UAACC,GAAD,EAAMC,GAAN;AAAA,SAAcA,GAAG,CAACC,MAAJ,CAAW,GAAX,EAAgBhB,IAAhB,CAAqB;AAAEiB,IAAAA,OAAO,EAAE;AAAX,GAArB,CAAd;AAAA,CAAb;AACAtB,GAAG,CAACC,GAAJ,CAAQ,GAAR,EAAYsB,sBAAZ;AACAvB,GAAG,CAACC,GAAJ,CAAQ,GAAR,EAAYuB,yBAAZ;AACAxB,GAAG,CAACC,GAAJ,CAAQ,GAAR,EAAYwB,sBAAZ;AACAzB,GAAG,CAACC,GAAJ,CAAQ,GAAR,EAAYyB,yBAAZ;AACA1B,GAAG,CAACC,GAAJ,CAAQ,GAAR,EAAY0B,sBAAZ;eACe3B,G","sourceRoot":"C:\\Users\\hp\\Desktop\\backend-blog-api\\SRC\\","sourcesContent":["\r\nimport express from 'express';\r\nimport UsaRoute from './routes/usersRoute';\r\nimport MessRoute from './routes/messagesRoute';\r\nimport posRoute from './routes/postsRoute.js';\r\nimport commentiRoute from './routes/commentsRoute';\r\nimport authRoute from './routes/authRoutes';\r\nimport bodyParser from 'body-parser';\r\nimport routes from './routesTesting/post.routes.test';\r\nimport routeMsgTst from './routesTesting/message.routes.test';\r\nimport routeCmtTst from './routesTesting/comments.routes.test';\r\nimport routeUserTst from './routesTesting/users.route.test';\r\nimport routeblogpostDB from './routes/blogpost.route';\r\nimport routemessagesDB from './routes/message.route.db';\r\nimport dotEnv from 'dotenv';\r\ndotEnv.config() \r\n\r\nconst mongoose = require('mongoose');\r\nmongoose.connect(\"mongodb+srv://ange-admin:\" + \r\nprocess.env.MONGO_ATLAS_PW + \"@cluster0.cjtky.mongodb.net/<dbname>?retryWrites=true&w=majority\",\r\n{useNewUrlParser: true,\r\n    useUnifiedTopology: true});\r\n\r\nconst app = express();\r\n\r\napp.use(bodyParser.urlencoded({ extended:true }));\r\napp.use(bodyParser.json());\r\napp.use('/', routes);\r\napp.use('/',routeMsgTst);\r\napp.use('/', routeCmtTst);\r\napp.use('/', routeUserTst);\r\napp.use('/', routeblogpostDB);\r\napp.use('/', routemessagesDB);\r\n\r\n//PORT\r\nconst port = process.env.PORT || 5000;\r\napp.listen(port, () => console.log(`listening on port ${port}...`));\r\napp.use(express.json());\r\napp.use(express.urlencoded({ extended: false }));\r\napp.get('/', (req, res) => res.status(200).json({ message: 'Welcome To Backend-blog-api Project ' }));\r\napp.use('/',UsaRoute);\r\napp.use('/',MessRoute);\r\napp.use('/',posRoute);\r\napp.use('/',commentiRoute);\r\napp.use('/',authRoute);\r\nexport default app;"]},"_coverageSchema":"1a1c01bbd47fc00a2c39e90264f33305004495a9","hash":"6182f17533af9b4c9e928c48829c40ce40d03eee","contentHash":"a6946d22e1c25cb8d19b0d30675b8140bb17ee22316eab0480998e48cd45e827"},"C:\\Users\\hp\\Desktop\\backend-blog-api\\SRC\\routes\\usersRoute.js":{"path":"C:\\Users\\hp\\Desktop\\backend-blog-api\\SRC\\routes\\usersRoute.js","statementMap":{"0":{"start":{"line":3,"column":0},"end":{"line":5,"column":3}},"1":{"start":{"line":6,"column":0},"end":{"line":6,"column":28}},"2":{"start":{"line":8,"column":15},"end":{"line":8,"column":57}},"3":{"start":{"line":10,"column":13},"end":{"line":10,"column":44}},"4":{"start":{"line":12,"column":39},"end":{"line":12,"column":95}},"5":{"start":{"line":14,"column":13},"end":{"line":14,"column":41}},"6":{"start":{"line":16,"column":0},"end":{"line":16,"column":40}},"7":{"start":{"line":17,"column":0},"end":{"line":17,"column":35}},"8":{"start":{"line":18,"column":0},"end":{"line":18,"column":44}},"9":{"start":{"line":19,"column":0},"end":{"line":19,"column":39}},"10":{"start":{"line":20,"column":0},"end":{"line":20,"column":49}},"11":{"start":{"line":21,"column":15},"end":{"line":21,"column":21}},"12":{"start":{"line":22,"column":0},"end":{"line":22,"column":30}}},"fnMap":{"0":{"name":"_interopRequireDefault","decl":{"start":{"line":12,"column":9},"end":{"line":12,"column":31}},"loc":{"start":{"line":12,"column":37},"end":{"line":12,"column":97}},"line":12}},"branchMap":{"0":{"loc":{"start":{"line":12,"column":46},"end":{"line":12,"column":94}},"type":"cond-expr","locations":[{"start":{"line":12,"column":70},"end":{"line":12,"column":73}},{"start":{"line":12,"column":76},"end":{"line":12,"column":94}}],"line":12},"1":{"loc":{"start":{"line":12,"column":46},"end":{"line":12,"column":67}},"type":"binary-expr","locations":[{"start":{"line":12,"column":46},"end":{"line":12,"column":49}},{"start":{"line":12,"column":53},"end":{"line":12,"column":67}}],"line":12}},"s":{"0":1,"1":1,"2":1,"3":1,"4":1,"5":1,"6":1,"7":1,"8":1,"9":1,"10":1,"11":1,"12":1},"f":{"0":1},"b":{"0":[0,1],"1":[1,1]},"inputSourceMap":{"version":3,"sources":["usersRoute.js"],"names":["router","express","Router","post","createUser","get","getAll","getUserById","put","update","deleteUser"],"mappings":";;;;;;;AAAA;;AACA;;;;AAEA,IAAMA,MAAM,GAAGC,oBAAQC,MAAR,EAAf;;AACAF,MAAM,CAACG,IAAP,CAAY,OAAZ,EAAqBC,iBAArB;AACAJ,MAAM,CAACK,GAAP,CAAW,OAAX,EAAoBC,aAApB;AACAN,MAAM,CAACK,GAAP,CAAW,WAAX,EAAwBE,kBAAxB;AACAP,MAAM,CAACQ,GAAP,CAAW,WAAX,EAAwBC,aAAxB;AACAT,MAAM,UAAN,CAAc,WAAd,EAA2BU,iBAA3B;eACeV,M","sourceRoot":"C:\\Users\\hp\\Desktop\\backend-blog-api\\SRC\\routes\\","sourcesContent":["import express from 'express';\r\nimport {getAllUsers,getAll,getUserById,update,deleteUser, createUser} from '../controllers/users';\r\n\r\nconst router = express.Router();\r\nrouter.post('/user', createUser);\r\nrouter.get('/user', getAll);\r\nrouter.get('/user/:id', getUserById);\r\nrouter.put('/user/:id', update);\r\nrouter.delete('/user/:id', deleteUser);\r\nexport default router;"]},"_coverageSchema":"1a1c01bbd47fc00a2c39e90264f33305004495a9","hash":"1fce8a78c6f2676d00e01f1328c74fc08752f4a6","contentHash":"7fe2340db0fc6ccbb2aab9a84abdf58f3dd8e5f0556b492bd835d3cefae5de3a"},"C:\\Users\\hp\\Desktop\\backend-blog-api\\SRC\\controllers\\users.js":{"path":"C:\\Users\\hp\\Desktop\\backend-blog-api\\SRC\\controllers\\users.js","statementMap":{"0":{"start":{"line":3,"column":0},"end":{"line":5,"column":3}},"1":{"start":{"line":6,"column":0},"end":{"line":6,"column":105}},"2":{"start":{"line":8,"column":23},"end":{"line":8,"column":83}},"3":{"start":{"line":10,"column":25},"end":{"line":10,"column":92}},"4":{"start":{"line":12,"column":12},"end":{"line":12,"column":27}},"5":{"start":{"line":14,"column":39},"end":{"line":14,"column":95}},"6":{"start":{"line":16,"column":13},"end":{"line":31,"column":1}},"7":{"start":{"line":17,"column":2},"end":{"line":22,"column":3}},"8":{"start":{"line":18,"column":4},"end":{"line":21,"column":7}},"9":{"start":{"line":24,"column":2},"end":{"line":30,"column":5}},"10":{"start":{"line":33,"column":0},"end":{"line":33,"column":24}},"11":{"start":{"line":35,"column":18},"end":{"line":54,"column":1}},"12":{"start":{"line":36,"column":11},"end":{"line":36,"column":24}},"13":{"start":{"line":38,"column":13},"end":{"line":40,"column":4}},"14":{"start":{"line":39,"column":4},"end":{"line":39,"column":26}},"15":{"start":{"line":42,"column":2},"end":{"line":48,"column":3}},"16":{"start":{"line":43,"column":4},"end":{"line":47,"column":7}},"17":{"start":{"line":50,"column":2},"end":{"line":53,"column":5}},"18":{"start":{"line":56,"column":0},"end":{"line":56,"column":34}},"19":{"start":{"line":58,"column":17},"end":{"line":84,"column":1}},"20":{"start":{"line":59,"column":13},"end":{"line":64,"column":3}},"21":{"start":{"line":66,"column":14},"end":{"line":68,"column":4}},"22":{"start":{"line":67,"column":4},"end":{"line":67,"column":38}},"23":{"start":{"line":70,"column":2},"end":{"line":83,"column":3}},"24":{"start":{"line":71,"column":4},"end":{"line":74,"column":7}},"25":{"start":{"line":76,"column":4},"end":{"line":76,"column":43}},"26":{"start":{"line":78,"column":4},"end":{"line":82,"column":7}},"27":{"start":{"line":86,"column":0},"end":{"line":86,"column":32}},"28":{"start":{"line":88,"column":13},"end":{"line":109,"column":1}},"29":{"start":{"line":89,"column":11},"end":{"line":89,"column":24}},"30":{"start":{"line":91,"column":13},"end":{"line":93,"column":4}},"31":{"start":{"line":92,"column":4},"end":{"line":92,"column":26}},"32":{"start":{"line":95,"column":2},"end":{"line":103,"column":3}},"33":{"start":{"line":96,"column":4},"end":{"line":96,"column":35}},"34":{"start":{"line":97,"column":4},"end":{"line":97,"column":41}},"35":{"start":{"line":98,"column":4},"end":{"line":102,"column":7}},"36":{"start":{"line":105,"column":2},"end":{"line":108,"column":5}},"37":{"start":{"line":111,"column":0},"end":{"line":111,"column":24}},"38":{"start":{"line":113,"column":17},"end":{"line":136,"column":1}},"39":{"start":{"line":114,"column":11},"end":{"line":114,"column":24}},"40":{"start":{"line":116,"column":13},"end":{"line":118,"column":4}},"41":{"start":{"line":117,"column":4},"end":{"line":117,"column":26}},"42":{"start":{"line":120,"column":2},"end":{"line":130,"column":3}},"43":{"start":{"line":121,"column":12},"end":{"line":121,"column":56}},"44":{"start":{"line":123,"column":4},"end":{"line":123,"column":45}},"45":{"start":{"line":125,"column":4},"end":{"line":129,"column":7}},"46":{"start":{"line":132,"column":2},"end":{"line":135,"column":5}},"47":{"start":{"line":138,"column":0},"end":{"line":138,"column":32}}},"fnMap":{"0":{"name":"_interopRequireDefault","decl":{"start":{"line":14,"column":9},"end":{"line":14,"column":31}},"loc":{"start":{"line":14,"column":37},"end":{"line":14,"column":97}},"line":14},"1":{"name":"getAll","decl":{"start":{"line":16,"column":22},"end":{"line":16,"column":28}},"loc":{"start":{"line":16,"column":39},"end":{"line":31,"column":1}},"line":16},"2":{"name":"getUserById","decl":{"start":{"line":35,"column":27},"end":{"line":35,"column":38}},"loc":{"start":{"line":35,"column":49},"end":{"line":54,"column":1}},"line":35},"3":{"name":"(anonymous_3)","decl":{"start":{"line":38,"column":48},"end":{"line":38,"column":49}},"loc":{"start":{"line":38,"column":64},"end":{"line":40,"column":3}},"line":38},"4":{"name":"createUser","decl":{"start":{"line":58,"column":26},"end":{"line":58,"column":36}},"loc":{"start":{"line":58,"column":47},"end":{"line":84,"column":1}},"line":58},"5":{"name":"(anonymous_5)","decl":{"start":{"line":66,"column":49},"end":{"line":66,"column":50}},"loc":{"start":{"line":66,"column":66},"end":{"line":68,"column":3}},"line":66},"6":{"name":"update","decl":{"start":{"line":88,"column":22},"end":{"line":88,"column":28}},"loc":{"start":{"line":88,"column":39},"end":{"line":109,"column":1}},"line":88},"7":{"name":"(anonymous_7)","decl":{"start":{"line":91,"column":48},"end":{"line":91,"column":49}},"loc":{"start":{"line":91,"column":64},"end":{"line":93,"column":3}},"line":91},"8":{"name":"deleteUser","decl":{"start":{"line":113,"column":26},"end":{"line":113,"column":36}},"loc":{"start":{"line":113,"column":47},"end":{"line":136,"column":1}},"line":113},"9":{"name":"(anonymous_9)","decl":{"start":{"line":116,"column":48},"end":{"line":116,"column":49}},"loc":{"start":{"line":116,"column":64},"end":{"line":118,"column":3}},"line":116}},"branchMap":{"0":{"loc":{"start":{"line":14,"column":46},"end":{"line":14,"column":94}},"type":"cond-expr","locations":[{"start":{"line":14,"column":70},"end":{"line":14,"column":73}},{"start":{"line":14,"column":76},"end":{"line":14,"column":94}}],"line":14},"1":{"loc":{"start":{"line":14,"column":46},"end":{"line":14,"column":67}},"type":"binary-expr","locations":[{"start":{"line":14,"column":46},"end":{"line":14,"column":49}},{"start":{"line":14,"column":53},"end":{"line":14,"column":67}}],"line":14},"2":{"loc":{"start":{"line":17,"column":2},"end":{"line":22,"column":3}},"type":"if","locations":[{"start":{"line":17,"column":2},"end":{"line":22,"column":3}},{"start":{"line":17,"column":2},"end":{"line":22,"column":3}}],"line":17},"3":{"loc":{"start":{"line":42,"column":2},"end":{"line":48,"column":3}},"type":"if","locations":[{"start":{"line":42,"column":2},"end":{"line":48,"column":3}},{"start":{"line":42,"column":2},"end":{"line":48,"column":3}}],"line":42},"4":{"loc":{"start":{"line":70,"column":2},"end":{"line":83,"column":3}},"type":"if","locations":[{"start":{"line":70,"column":2},"end":{"line":83,"column":3}},{"start":{"line":70,"column":2},"end":{"line":83,"column":3}}],"line":70},"5":{"loc":{"start":{"line":95,"column":2},"end":{"line":103,"column":3}},"type":"if","locations":[{"start":{"line":95,"column":2},"end":{"line":103,"column":3}},{"start":{"line":95,"column":2},"end":{"line":103,"column":3}}],"line":95},"6":{"loc":{"start":{"line":120,"column":2},"end":{"line":130,"column":3}},"type":"if","locations":[{"start":{"line":120,"column":2},"end":{"line":130,"column":3}},{"start":{"line":120,"column":2},"end":{"line":130,"column":3}}],"line":120}},"s":{"0":1,"1":1,"2":1,"3":1,"4":1,"5":2,"6":1,"7":0,"8":0,"9":0,"10":1,"11":1,"12":0,"13":0,"14":0,"15":0,"16":0,"17":0,"18":1,"19":1,"20":0,"21":0,"22":0,"23":0,"24":0,"25":0,"26":0,"27":1,"28":1,"29":0,"30":0,"31":0,"32":0,"33":0,"34":0,"35":0,"36":0,"37":1,"38":1,"39":0,"40":0,"41":0,"42":0,"43":0,"44":0,"45":0,"46":0,"47":1},"f":{"0":2,"1":0,"2":0,"3":0,"4":0,"5":0,"6":0,"7":0,"8":0,"9":0},"b":{"0":[2,0],"1":[2,2],"2":[0,0],"3":[0,0],"4":[0,0],"5":[0,0],"6":[0,0]},"inputSourceMap":{"version":3,"sources":["users.js"],"names":["getAll","req","res","users","status","json","error","message","data","getUserById","id","params","user","filter","createUser","email","body","password","role","userf","user1","push","update","deleteUser","a","indexOf","splice"],"mappings":";;;;;;;AAAA;;AACA;;AACA;;;;AAGO,IAAMA,MAAM,GAAG,SAATA,MAAS,CAACC,GAAD,EAAMC,GAAN,EAAc;AAChC,MAAI,CAACC,2BAAL,EAAY;AAER,WAAOD,GAAG,CAACE,MAAJ,CAAW,GAAX,EAAgBC,IAAhB,CAAqB;AACxBD,MAAAA,MAAM,EAAE,GADgB;AAExBE,MAAAA,KAAK,EAAE;AAFiB,KAArB,CAAP;AAIH;;AACD,SAAOJ,GAAG,CAACE,MAAJ,CAAW,GAAX,EAAgBC,IAAhB,CAAqB;AACxBD,IAAAA,MAAM,EAAE,GADgB;AAExBG,IAAAA,OAAO,EAAE,8BAFe;AAGxBC,IAAAA,IAAI,EAAE;AACFL,MAAAA,KAAK,EAALA;AADE;AAHkB,GAArB,CAAP;AAOH,CAfM;;;;AAgBA,IAAMM,WAAW,GAAG,SAAdA,WAAc,CAACR,GAAD,EAAMC,GAAN,EAAc;AACrC,MAAMQ,EAAE,GAAGT,GAAG,CAACU,MAAJ,CAAWD,EAAtB;;AACA,MAAME,IAAI,GAAGT,4BAAMU,MAAN,CAAa,UAACD,IAAD,EAAU;AAChC,WAAOA,IAAI,CAACF,EAAL,KAAYA,EAAnB;AACH,GAFY,CAAb;;AAGA,MAAIE,IAAI,CAAC,CAAD,CAAR,EAAa;AACT,WAAOV,GAAG,CAACE,MAAJ,CAAW,GAAX,EAAgBC,IAAhB,CAAqB;AACxBD,MAAAA,MAAM,EAAE,GADgB;AAExBG,MAAAA,OAAO,EAAE,6BAFe;AAGxBC,MAAAA,IAAI,EAAEI;AAHkB,KAArB,CAAP;AAKH;;AACD,SAAOV,GAAG,CAACE,MAAJ,CAAW,GAAX,EAAgBC,IAAhB,CAAqB;AACxBD,IAAAA,MAAM,EAAE,GADgB;AAExBE,IAAAA,KAAK,EAAE;AAFiB,GAArB,CAAP;AAKH,CAjBM;;;;AAkBA,IAAMQ,UAAU,GAAG,SAAbA,UAAa,CAACb,GAAD,EAAMC,GAAN,EAAc;AACpC,MAAMU,IAAI,GAAG;AACTF,IAAAA,EAAE,EAAE,eADK;AAETK,IAAAA,KAAK,EAAEd,GAAG,CAACe,IAAJ,CAASD,KAFP;AAGTE,IAAAA,QAAQ,EAAEhB,GAAG,CAACe,IAAJ,CAASC,QAHV;AAITC,IAAAA,IAAI,EAAEjB,GAAG,CAACe,IAAJ,CAASE;AAJN,GAAb;;AAMA,MAAMC,KAAK,GAAGhB,4BAAMU,MAAN,CAAa,UAACO,KAAD,EAAW;AAClC,WAAOA,KAAK,CAACL,KAAN,KAAgBH,IAAI,CAACG,KAA5B;AACH,GAFa,CAAd;;AAGA,MAAII,KAAK,CAAC,CAAD,CAAT,EAAc;AACd,WAAOjB,GAAG,CAACE,MAAJ,CAAW,GAAX,EAAgBC,IAAhB,CAAqB;AACxBD,MAAAA,MAAM,EAAE,GADgB;AAExBE,MAAAA,KAAK,sBAAeM,IAAI,CAACG,KAApB;AAFmB,KAArB,CAAP;AAIC,GALD,MAKK;AACDZ,gCAAMkB,IAAN,CAAWT,IAAX;;AACA,WAAOV,GAAG,CAACE,MAAJ,CAAW,GAAX,EAAgBC,IAAhB,CAAqB;AACxBD,MAAAA,MAAM,EAAE,GADgB;AAExBG,MAAAA,OAAO,EAAE,2BAFe;AAGxBC,MAAAA,IAAI,EAAEL;AAHkB,KAArB,CAAP;AAKH;AAEJ,CAxBM;;;;AAyBA,IAAMmB,MAAM,GAAC,SAAPA,MAAO,CAACrB,GAAD,EAAKC,GAAL,EAAW;AAC3B,MAAMQ,EAAE,GAAGT,GAAG,CAACU,MAAJ,CAAWD,EAAtB;;AACA,MAAME,IAAI,GAAGT,4BAAMU,MAAN,CAAa,UAACD,IAAD,EAAU;AAChC,WAAOA,IAAI,CAACF,EAAL,KAAYA,EAAnB;AACH,GAFY,CAAb;;AAGA,MAAGE,IAAI,CAAC,CAAD,CAAP,EAAW;AACPA,IAAAA,IAAI,CAAC,CAAD,CAAJ,CAAQG,KAAR,GAAcd,GAAG,CAACe,IAAJ,CAASD,KAAvB;AACAH,IAAAA,IAAI,CAAC,CAAD,CAAJ,CAAQK,QAAR,GAAkBhB,GAAG,CAACe,IAAJ,CAASC,QAA3B;AACA,WAAOf,GAAG,CAACE,MAAJ,CAAW,GAAX,EAAgBC,IAAhB,CAAqB;AACxBD,MAAAA,MAAM,EAAE,GADgB;AAExBG,MAAAA,OAAO,EAAE,2BAFe;AAGxBC,MAAAA,IAAI,EAAEL;AAHkB,KAArB,CAAP;AAKH;;AACD,SAAOD,GAAG,CAACE,MAAJ,CAAW,GAAX,EAAgBC,IAAhB,CAAqB;AACxBD,IAAAA,MAAM,EAAE,GADgB;AAExBE,IAAAA,KAAK,EAAE;AAFiB,GAArB,CAAP;AAKH,CAnBM;;;;AAqBA,IAAMiB,UAAU,GAAC,SAAXA,UAAW,CAACtB,GAAD,EAAKC,GAAL,EAAW;AAC/B,MAAMQ,EAAE,GAACT,GAAG,CAACU,MAAJ,CAAWD,EAApB;;AACA,MAAME,IAAI,GAAGT,4BAAMU,MAAN,CAAa,UAACD,IAAD,EAAU;AAChC,WAAOA,IAAI,CAACF,EAAL,KAAYA,EAAnB;AACH,GAFY,CAAb;;AAGA,MAAGE,IAAI,CAAC,CAAD,CAAP,EAAW;AACP,QAAIY,CAAC,GAAGrB,4BAAMsB,OAAN,CAAcb,IAAI,CAAC,CAAD,CAAlB,CAAR;;AACAT,gCAAMuB,MAAN,CAAaF,CAAb,EAAgB,CAAhB;;AACA,WAAOtB,GAAG,CAACE,MAAJ,CAAW,GAAX,EAAgBC,IAAhB,CAAqB;AACxBD,MAAAA,MAAM,EAAE,GADgB;AAExBG,MAAAA,OAAO,EAAE,2BAFe;AAGxBC,MAAAA,IAAI,EAAEI;AAHkB,KAArB,CAAP;AAKH;;AACD,SAAOV,GAAG,CAACE,MAAJ,CAAW,GAAX,EAAgBC,IAAhB,CAAqB;AACxBD,IAAAA,MAAM,EAAE,GADgB;AAExBE,IAAAA,KAAK,EAAE;AAFiB,GAArB,CAAP;AAIH,CAlBM","sourceRoot":"C:\\Users\\hp\\Desktop\\backend-blog-api\\SRC\\controllers\\","sourcesContent":["import users from '../models/userscollection';\r\nimport generateToken from '../middlewares/authenticationjwt';\r\nimport { v4 as uuidv4 } from 'uuid';\r\n\r\n\r\nexport const getAll = (req, res) => {\r\n    if (!users) {\r\n        \r\n        return res.status(404).json({\r\n            status: 404, \r\n            error: 'No user found',\r\n        });\r\n    }\r\n    return res.status(200).json({\r\n        status: 200,\r\n        message: 'users successfully retrieved',\r\n        data: {\r\n            users,\r\n        },\r\n    });\r\n};\r\nexport const getUserById = (req, res) => {\r\n    const id = req.params.id;\r\n    const user = users.filter((user) => {\r\n        return user.id === id;\r\n    });\r\n    if (user[0]) {\r\n        return res.status(200).json({\r\n            status: 200,\r\n            message: 'user successfully retrieved',\r\n            data: user,\r\n        });\r\n    }\r\n    return res.status(404).json({\r\n        status: 404,\r\n        error: 'user not found',\r\n    });\r\n\r\n};\r\nexport const createUser = (req, res) => {\r\n    const user = { \r\n        id: uuidv4(),\r\n        email: req.body.email,\r\n        password: req.body.password,\r\n        role: req.body.role\r\n    };\r\n    const userf = users.filter((user1) => {\r\n        return user1.email === user.email ;\r\n    });\r\n    if (userf[0]) {\r\n    return res.status(409).json({\r\n        status: 409,\r\n        error: `user with ${user.email} already exists`,\r\n    });\r\n    }else{\r\n        users.push(user);\r\n        return res.status(201).json({\r\n            status: 201,\r\n            message: 'user successfully created',\r\n            data: users,\r\n        });\r\n    }\r\n\r\n};\r\nexport const update=(req,res)=>{\r\n    const id = req.params.id;\r\n    const user = users.filter((user) => {\r\n        return user.id === id;\r\n    });\r\n    if(user[0]){\r\n        user[0].email=req.body.email;\r\n        user[0].password= req.body.password;\r\n        return res.status(200).json({\r\n            status: 200,\r\n            message: 'user successfully updated',\r\n            data: users,\r\n        });\r\n    }\r\n    return res.status(404).json({\r\n        status: 404,\r\n        error: 'user not found',\r\n    });\r\n    \r\n}\r\n\r\nexport const deleteUser=(req,res)=>{\r\n    const id=req.params.id;\r\n    const user = users.filter((user) => {\r\n        return user.id === id;\r\n    });\r\n    if(user[0]){\r\n        var a = users.indexOf(user[0]);\r\n        users.splice(a, 1);\r\n        return res.status(200).json({\r\n            status: 200,\r\n            message: 'user successfully deleted',\r\n            data: user,\r\n        });\r\n    }\r\n    return res.status(404).json({\r\n        status: 404,\r\n        error: 'user not found',\r\n    });\r\n}"]},"_coverageSchema":"1a1c01bbd47fc00a2c39e90264f33305004495a9","hash":"68d73479f6da83e0d8a331db8edb3b6a44f70669","contentHash":"ca931fbb5e48c9b1fa5daae88633683d240f3823e7e91e8e9b78a1d9912e8d17"},"C:\\Users\\hp\\Desktop\\backend-blog-api\\SRC\\models\\userscollection.js":{"path":"C:\\Users\\hp\\Desktop\\backend-blog-api\\SRC\\models\\userscollection.js","statementMap":{"0":{"start":{"line":3,"column":0},"end":{"line":5,"column":3}},"1":{"start":{"line":6,"column":0},"end":{"line":6,"column":28}},"2":{"start":{"line":8,"column":12},"end":{"line":8,"column":27}},"3":{"start":{"line":10,"column":54},"end":{"line":10,"column":73}},"4":{"start":{"line":10,"column":75},"end":{"line":10,"column":326}},"5":{"start":{"line":10,"column":125},"end":{"line":10,"column":161}},"6":{"start":{"line":10,"column":163},"end":{"line":10,"column":292}},"7":{"start":{"line":10,"column":183},"end":{"line":10,"column":292}},"8":{"start":{"line":10,"column":225},"end":{"line":10,"column":288}},"9":{"start":{"line":10,"column":293},"end":{"line":10,"column":324}},"10":{"start":{"line":10,"column":327},"end":{"line":10,"column":339}},"11":{"start":{"line":12,"column":33},"end":{"line":12,"column":517}},"12":{"start":{"line":12,"column":46},"end":{"line":12,"column":47}},"13":{"start":{"line":12,"column":91},"end":{"line":12,"column":131}},"14":{"start":{"line":12,"column":133},"end":{"line":12,"column":515}},"15":{"start":{"line":12,"column":146},"end":{"line":12,"column":247}},"16":{"start":{"line":12,"column":201},"end":{"line":12,"column":243}},"17":{"start":{"line":12,"column":255},"end":{"line":12,"column":515}},"18":{"start":{"line":12,"column":295},"end":{"line":12,"column":369}},"19":{"start":{"line":12,"column":379},"end":{"line":12,"column":513}},"20":{"start":{"line":12,"column":428},"end":{"line":12,"column":509}},"21":{"start":{"line":12,"column":518},"end":{"line":12,"column":532}},"22":{"start":{"line":14,"column":44},"end":{"line":14,"column":195}},"23":{"start":{"line":14,"column":62},"end":{"line":14,"column":166}},"24":{"start":{"line":14,"column":176},"end":{"line":14,"column":193}},"25":{"start":{"line":14,"column":196},"end":{"line":14,"column":207}},"26":{"start":{"line":16,"column":12},"end":{"line":24,"column":2}},"27":{"start":{"line":25,"column":0},"end":{"line":29,"column":3}},"28":{"start":{"line":26,"column":2},"end":{"line":28,"column":11}},"29":{"start":{"line":30,"column":15},"end":{"line":30,"column":20}},"30":{"start":{"line":31,"column":0},"end":{"line":31,"column":30}}},"fnMap":{"0":{"name":"ownKeys","decl":{"start":{"line":10,"column":9},"end":{"line":10,"column":16}},"loc":{"start":{"line":10,"column":41},"end":{"line":10,"column":341}},"line":10},"1":{"name":"(anonymous_1)","decl":{"start":{"line":10,"column":208},"end":{"line":10,"column":209}},"loc":{"start":{"line":10,"column":223},"end":{"line":10,"column":290}},"line":10},"2":{"name":"_objectSpread","decl":{"start":{"line":12,"column":9},"end":{"line":12,"column":22}},"loc":{"start":{"line":12,"column":31},"end":{"line":12,"column":534}},"line":12},"3":{"name":"(anonymous_3)","decl":{"start":{"line":12,"column":184},"end":{"line":12,"column":185}},"loc":{"start":{"line":12,"column":199},"end":{"line":12,"column":245}},"line":12},"4":{"name":"(anonymous_4)","decl":{"start":{"line":12,"column":411},"end":{"line":12,"column":412}},"loc":{"start":{"line":12,"column":426},"end":{"line":12,"column":511}},"line":12},"5":{"name":"_defineProperty","decl":{"start":{"line":14,"column":9},"end":{"line":14,"column":24}},"loc":{"start":{"line":14,"column":42},"end":{"line":14,"column":209}},"line":14},"6":{"name":"(anonymous_6)","decl":{"start":{"line":25,"column":18},"end":{"line":25,"column":19}},"loc":{"start":{"line":25,"column":34},"end":{"line":29,"column":1}},"line":25}},"branchMap":{"0":{"loc":{"start":{"line":10,"column":75},"end":{"line":10,"column":326}},"type":"if","locations":[{"start":{"line":10,"column":75},"end":{"line":10,"column":326}},{"start":{"line":10,"column":75},"end":{"line":10,"column":326}}],"line":10},"1":{"loc":{"start":{"line":10,"column":163},"end":{"line":10,"column":292}},"type":"if","locations":[{"start":{"line":10,"column":163},"end":{"line":10,"column":292}},{"start":{"line":10,"column":163},"end":{"line":10,"column":292}}],"line":10},"2":{"loc":{"start":{"line":12,"column":91},"end":{"line":12,"column":131}},"type":"cond-expr","locations":[{"start":{"line":12,"column":114},"end":{"line":12,"column":126}},{"start":{"line":12,"column":129},"end":{"line":12,"column":131}}],"line":12},"3":{"loc":{"start":{"line":12,"column":133},"end":{"line":12,"column":515}},"type":"if","locations":[{"start":{"line":12,"column":133},"end":{"line":12,"column":515}},{"start":{"line":12,"column":133},"end":{"line":12,"column":515}}],"line":12},"4":{"loc":{"start":{"line":12,"column":255},"end":{"line":12,"column":515}},"type":"if","locations":[{"start":{"line":12,"column":255},"end":{"line":12,"column":515}},{"start":{"line":12,"column":255},"end":{"line":12,"column":515}}],"line":12},"5":{"loc":{"start":{"line":14,"column":44},"end":{"line":14,"column":195}},"type":"if","locations":[{"start":{"line":14,"column":44},"end":{"line":14,"column":195}},{"start":{"line":14,"column":44},"end":{"line":14,"column":195}}],"line":14}},"s":{"0":1,"1":1,"2":1,"3":2,"4":2,"5":2,"6":2,"7":2,"8":0,"9":2,"10":2,"11":2,"12":2,"13":2,"14":2,"15":2,"16":6,"17":0,"18":0,"19":0,"20":0,"21":2,"22":6,"23":0,"24":6,"25":6,"26":1,"27":1,"28":2,"29":1,"30":1},"f":{"0":2,"1":0,"2":2,"3":6,"4":0,"5":6,"6":2},"b":{"0":[2,0],"1":[2,0],"2":[2,0],"3":[2,0],"4":[0,0],"5":[0,6]},"inputSourceMap":{"version":3,"sources":["userscollection.js"],"names":["users","email","password","role","map","user","id"],"mappings":";;;;;;;AAAA;;;;;;;;AAEA,IAAIA,KAAK,GAAG,CAAC;AACTC,EAAAA,KAAK,EAAC,gBADG;AAETC,EAAAA,QAAQ,EAAC,QAFA;AAGTC,EAAAA,IAAI,EAAC;AAHI,CAAD,EAKZ;AACIF,EAAAA,KAAK,EAAC,mBADV;AAEIC,EAAAA,QAAQ,EAAC,QAFb;AAGIC,EAAAA,IAAI,EAAC;AAHT,CALY,CAAZ;AAWAH,KAAK,GAAGA,KAAK,CAACI,GAAN,CAAU,UAACC,IAAD;AAAA;AAAUC,IAAAA,EAAE,EAAC;AAAb,KAA0BD,IAA1B;AAAA,CAAV,CAAR;eACeL,K","sourceRoot":"C:\\Users\\hp\\Desktop\\backend-blog-api\\SRC\\models\\","sourcesContent":["import { v4 as uuidv4 } from 'uuid';\r\n\r\nvar users = [{\r\n    email:'ange@gmail.com',\r\n    password:'123456',\r\n    role:'admin'\r\n},\r\n{\r\n    email:'solange@gmail.com',\r\n    password:'123456',\r\n    role:'user'\r\n},\r\n];\r\nusers = users.map((user)=>({id:uuidv4(), ...user}));\r\nexport default users;"]},"_coverageSchema":"1a1c01bbd47fc00a2c39e90264f33305004495a9","hash":"3fa4695e80fe4582c491bb8bb82457a478ebf54c","contentHash":"1f97dd30308d8b3acbe499c219e7bb31e252062cb05eb44b202898b4623dbba8"},"C:\\Users\\hp\\Desktop\\backend-blog-api\\SRC\\middlewares\\authenticationjwt.js":{"path":"C:\\Users\\hp\\Desktop\\backend-blog-api\\SRC\\middlewares\\authenticationjwt.js","statementMap":{"0":{"start":{"line":3,"column":0},"end":{"line":5,"column":3}},"1":{"start":{"line":6,"column":0},"end":{"line":6,"column":65}},"2":{"start":{"line":8,"column":14},"end":{"line":8,"column":55}},"3":{"start":{"line":10,"column":39},"end":{"line":10,"column":95}},"4":{"start":{"line":12,"column":0},"end":{"line":12,"column":28}},"5":{"start":{"line":14,"column":14},"end":{"line":14,"column":32}},"6":{"start":{"line":16,"column":10},"end":{"line":16,"column":33}},"7":{"start":{"line":19,"column":31},"end":{"line":19,"column":67}},"8":{"start":{"line":20,"column":10},"end":{"line":20,"column":19}},"9":{"start":{"line":22,"column":15},"end":{"line":34,"column":1}},"10":{"start":{"line":23,"column":13},"end":{"line":26,"column":3}},"11":{"start":{"line":27,"column":2},"end":{"line":33,"column":5}},"12":{"start":{"line":30,"column":4},"end":{"line":32,"column":7}},"13":{"start":{"line":36,"column":0},"end":{"line":36,"column":28}},"14":{"start":{"line":38,"column":13},"end":{"line":42,"column":1}},"15":{"start":{"line":39,"column":2},"end":{"line":41,"column":5}},"16":{"start":{"line":44,"column":0},"end":{"line":44,"column":24}},"17":{"start":{"line":46,"column":18},"end":{"line":57,"column":1}},"18":{"start":{"line":47,"column":21},"end":{"line":47,"column":49}},"19":{"start":{"line":49,"column":2},"end":{"line":56,"column":3}},"20":{"start":{"line":50,"column":17},"end":{"line":50,"column":40}},"21":{"start":{"line":51,"column":22},"end":{"line":51,"column":31}},"22":{"start":{"line":52,"column":4},"end":{"line":52,"column":28}},"23":{"start":{"line":53,"column":4},"end":{"line":53,"column":11}},"24":{"start":{"line":55,"column":4},"end":{"line":55,"column":24}},"25":{"start":{"line":59,"column":0},"end":{"line":59,"column":34}}},"fnMap":{"0":{"name":"_interopRequireDefault","decl":{"start":{"line":10,"column":9},"end":{"line":10,"column":31}},"loc":{"start":{"line":10,"column":37},"end":{"line":10,"column":97}},"line":10},"1":{"name":"getToken","decl":{"start":{"line":22,"column":24},"end":{"line":22,"column":32}},"loc":{"start":{"line":22,"column":43},"end":{"line":34,"column":1}},"line":22},"2":{"name":"(anonymous_2)","decl":{"start":{"line":29,"column":5},"end":{"line":29,"column":6}},"loc":{"start":{"line":29,"column":27},"end":{"line":33,"column":3}},"line":29},"3":{"name":"getAPI","decl":{"start":{"line":38,"column":22},"end":{"line":38,"column":28}},"loc":{"start":{"line":38,"column":39},"end":{"line":42,"column":1}},"line":38},"4":{"name":"verifyToken","decl":{"start":{"line":46,"column":27},"end":{"line":46,"column":38}},"loc":{"start":{"line":46,"column":55},"end":{"line":57,"column":1}},"line":46}},"branchMap":{"0":{"loc":{"start":{"line":10,"column":46},"end":{"line":10,"column":94}},"type":"cond-expr","locations":[{"start":{"line":10,"column":70},"end":{"line":10,"column":73}},{"start":{"line":10,"column":76},"end":{"line":10,"column":94}}],"line":10},"1":{"loc":{"start":{"line":10,"column":46},"end":{"line":10,"column":67}},"type":"binary-expr","locations":[{"start":{"line":10,"column":46},"end":{"line":10,"column":49}},{"start":{"line":10,"column":53},"end":{"line":10,"column":67}}],"line":10},"2":{"loc":{"start":{"line":49,"column":2},"end":{"line":56,"column":3}},"type":"if","locations":[{"start":{"line":49,"column":2},"end":{"line":56,"column":3}},{"start":{"line":49,"column":2},"end":{"line":56,"column":3}}],"line":49}},"s":{"0":1,"1":1,"2":1,"3":1,"4":1,"5":1,"6":1,"7":1,"8":1,"9":1,"10":0,"11":0,"12":0,"13":1,"14":1,"15":0,"16":1,"17":1,"18":0,"19":0,"20":0,"21":0,"22":0,"23":0,"24":0,"25":1},"f":{"0":1,"1":0,"2":0,"3":0,"4":0},"b":{"0":[0,1],"1":[1,1],"2":[0,0]},"inputSourceMap":{"version":3,"sources":["authenticationjwt.js"],"names":["dotenv","config","express","require","jwt","MY_SUPER_SECRET_INGABIRE","process","env","app","getToken","req","res","user","id","name","sign","SECRET_K","expiresIn","err","token","json","getAPI","message","verifyToken","next","bearerHeader","headers","bearer","split","bearerToken","sendStatus"],"mappings":";;;;;;;AAAA;;;;AAEAA,mBAAOC,MAAP;;AACA,IAAMC,OAAO,GAAGC,OAAO,CAAC,SAAD,CAAvB;;AACA,IAAMC,GAAG,GAAGD,OAAO,CAAC,cAAD,CAAnB,C,CACA;;;IACOE,wB,GAA4BC,OAAO,CAACC,G,CAApCF,wB;AAGP,IAAMG,GAAG,GAAGN,OAAO,EAAnB,C,CAEA;;AACO,IAAMO,QAAQ,GAAG,SAAXA,QAAW,CAACC,GAAD,EAAMC,GAAN,EAAa;AAEjC,MAAMC,IAAI,GAAG;AACTC,IAAAA,EAAE,EAAE,GADK;AAETC,IAAAA,IAAI,EAAG;AAFE,GAAb;AAIHV,EAAAA,GAAG,CAACW,IAAJ,CAASH,IAAT,EAAcN,OAAO,CAACC,GAAR,CAAYS,QAA1B,EAAmC;AAAEC,IAAAA,SAAS,EAAE;AAAb,GAAnC,EAAuD,UAACC,GAAD,EAAMC,KAAN,EAAgB;AAEhER,IAAAA,GAAG,CAACS,IAAJ,CAAS;AACPD,MAAAA,KAAK,EAALA;AADO,KAAT;AAGH,GALJ;AAOA,CAbM;;;;AAeA,IAAME,MAAM,GAAG,SAATA,MAAS,CAACX,GAAD,EAAMC,GAAN,EAAc;AAChCA,EAAAA,GAAG,CAACS,IAAJ,CAAS;AACLE,IAAAA,OAAO,EAAE;AADJ,GAAT;AAGH,CAJM;;;;AAMA,IAAMC,WAAW,GAAE,SAAbA,WAAa,CAACb,GAAD,EAAMC,GAAN,EAAWa,IAAX,EAAkB;AACxC,MAAMC,YAAY,GAAGf,GAAG,CAACgB,OAAJ,CAAY,eAAZ,CAArB;;AACA,MAAG,OAAOD,YAAP,KAAwB,WAA3B,EAAwC;AACpC,QAAME,MAAM,GAAGF,YAAY,CAACG,KAAb,CAAmB,GAAnB,CAAf;AACA,QAAMC,WAAW,GAAGF,MAAM,CAAC,CAAD,CAA1B;AACAjB,IAAAA,GAAG,CAACS,KAAJ,GAAYU,WAAZ;AACAL,IAAAA,IAAI;AACP,GALD,MAKM;AACFb,IAAAA,GAAG,CAACmB,UAAJ,CAAe,GAAf;AACH;AACJ,CAVM","sourceRoot":"C:\\Users\\hp\\Desktop\\backend-blog-api\\SRC\\middlewares\\","sourcesContent":["import dotenv from 'dotenv';\r\n\r\ndotenv.config();\r\nconst express = require('express');\r\nconst jwt = require('jsonwebtoken');\r\n// const authorize = require('./autorization.middlewares');\r\nconst {MY_SUPER_SECRET_INGABIRE} = process.env;\r\n\r\n\r\nconst app = express();\r\n\r\n//user should be Authenticated !!\r\nexport const getToken = (req, res) =>{\r\n\r\n    const user = {\r\n        id: \"1\",\r\n        name : \"ANGE\"\r\n    }\r\n jwt.sign(user,process.env.SECRET_K,{ expiresIn: '24h'},(err, token) => {\r\n        \r\n        res.json({\r\n          token\r\n        });\r\n    });\r\n   \r\n}\r\n\r\nexport const getAPI = (req, res) => {\r\n    res.json({\r\n        message: 'welcome to the API'\r\n    });\r\n}\r\n\r\nexport const verifyToken= (req, res, next)=>{\r\n    const bearerHeader = req.headers['authorization'];\r\n    if(typeof bearerHeader !== 'undefined') {\r\n        const bearer = bearerHeader.split(' ');\r\n        const bearerToken = bearer[1];\r\n        req.token = bearerToken;\r\n        next();\r\n    } else{\r\n        res.sendStatus(403);\r\n    }\r\n};"]},"_coverageSchema":"1a1c01bbd47fc00a2c39e90264f33305004495a9","hash":"9b6e57db93b79e141e49ef896515461f2620e04b","contentHash":"037da6b0cfaf563bd67f89fe294ed104aa6b811a6c056b129696ebaddbd38e01"},"C:\\Users\\hp\\Desktop\\backend-blog-api\\SRC\\routes\\messagesRoute.js":{"path":"C:\\Users\\hp\\Desktop\\backend-blog-api\\SRC\\routes\\messagesRoute.js","statementMap":{"0":{"start":{"line":3,"column":0},"end":{"line":5,"column":3}},"1":{"start":{"line":6,"column":0},"end":{"line":6,"column":28}},"2":{"start":{"line":8,"column":21},"end":{"line":8,"column":60}},"3":{"start":{"line":10,"column":14},"end":{"line":10,"column":32}},"4":{"start":{"line":12,"column":13},"end":{"line":12,"column":29}},"5":{"start":{"line":14,"column":0},"end":{"line":14,"column":50}},"6":{"start":{"line":16,"column":0},"end":{"line":16,"column":54}},"7":{"start":{"line":18,"column":0},"end":{"line":18,"column":50}},"8":{"start":{"line":20,"column":0},"end":{"line":20,"column":60}},"9":{"start":{"line":21,"column":15},"end":{"line":21,"column":21}},"10":{"start":{"line":22,"column":0},"end":{"line":22,"column":30}}},"fnMap":{},"branchMap":{},"s":{"0":1,"1":1,"2":1,"3":1,"4":1,"5":1,"6":1,"7":1,"8":1,"9":1,"10":1},"f":{},"b":{},"inputSourceMap":{"version":3,"sources":["messagesRoute.js"],"names":["express","require","router","Router","get","getAllMsgs","getMsgById","post","createMsg","deleteMesg"],"mappings":";;;;;;;AAEA;;AAFA,IAAMA,OAAO,GAAGC,OAAO,CAAC,SAAD,CAAvB;;AACA,IAAMC,MAAM,GAAGF,OAAO,CAACG,MAAR,EAAf;AAGA;AACAD,MAAM,CAACE,GAAP,CAAW,UAAX,EAAuBC,yBAAvB,E,CAEA;;AACAH,MAAM,CAACE,GAAP,CAAW,cAAX,EAA2BE,yBAA3B,E,CAEA;;AACAJ,MAAM,CAACK,IAAP,CAAY,UAAZ,EAAwBC,wBAAxB,E,CAEA;;AACAN,MAAM,UAAN,CAAc,cAAd,EAA8BO,yBAA9B;eAEeP,M","sourceRoot":"C:\\Users\\hp\\Desktop\\backend-blog-api\\SRC\\routes\\","sourcesContent":["const express = require('express');\r\nconst router = express.Router();\r\nimport { getAllMsgs, getMsgById, createMsg, deleteMesg } from '../controllers/messagesContr';\r\n\r\n// get all messages\r\nrouter.get('/message', getAllMsgs);\r\n\r\n// get specific message by ID\r\nrouter.get('/message/:id', getMsgById);\r\n\r\n// create message by ID\r\nrouter.post('/message', createMsg);\r\n\r\n// delete message by ID\r\nrouter.delete('/message/:id', deleteMesg);\r\n\r\nexport default router;"]},"_coverageSchema":"1a1c01bbd47fc00a2c39e90264f33305004495a9","hash":"10617c34e020ba65ec0cad1a6cec1d85f098231e","contentHash":"7038c382fdb7a5b447f72e8104749d54efd63db40dd63ef6e3d54027192fe4b8"},"C:\\Users\\hp\\Desktop\\backend-blog-api\\SRC\\controllers\\messagesContr.js":{"path":"C:\\Users\\hp\\Desktop\\backend-blog-api\\SRC\\controllers\\messagesContr.js","statementMap":{"0":{"start":{"line":3,"column":16},"end":{"line":3,"column":69}},"1":{"start":{"line":5,"column":12},"end":{"line":5,"column":27}},"2":{"start":{"line":7,"column":39},"end":{"line":7,"column":95}},"3":{"start":{"line":9,"column":17},"end":{"line":11,"column":1}},"4":{"start":{"line":10,"column":2},"end":{"line":10,"column":33}},"5":{"start":{"line":13,"column":17},"end":{"line":21,"column":1}},"6":{"start":{"line":14,"column":11},"end":{"line":14,"column":24}},"7":{"start":{"line":16,"column":12},"end":{"line":18,"column":4}},"8":{"start":{"line":17,"column":4},"end":{"line":17,"column":25}},"9":{"start":{"line":20,"column":2},"end":{"line":20,"column":16}},"10":{"start":{"line":23,"column":16},"end":{"line":39,"column":1}},"11":{"start":{"line":24,"column":15},"end":{"line":24,"column":17}},"12":{"start":{"line":25,"column":2},"end":{"line":25,"column":30}},"13":{"start":{"line":26,"column":2},"end":{"line":26,"column":30}},"14":{"start":{"line":27,"column":2},"end":{"line":27,"column":32}},"15":{"start":{"line":28,"column":2},"end":{"line":28,"column":28}},"16":{"start":{"line":29,"column":2},"end":{"line":29,"column":27}},"17":{"start":{"line":31,"column":2},"end":{"line":31,"column":36}},"18":{"start":{"line":34,"column":2},"end":{"line":38,"column":5}},"19":{"start":{"line":41,"column":17},"end":{"line":51,"column":1}},"20":{"start":{"line":42,"column":11},"end":{"line":42,"column":24}},"21":{"start":{"line":44,"column":14},"end":{"line":46,"column":4}},"22":{"start":{"line":45,"column":4},"end":{"line":45,"column":25}},"23":{"start":{"line":48,"column":2},"end":{"line":48,"column":70}},"24":{"start":{"line":50,"column":2},"end":{"line":50,"column":33}},"25":{"start":{"line":53,"column":0},"end":{"line":58,"column":2}}},"fnMap":{"0":{"name":"_interopRequireDefault","decl":{"start":{"line":7,"column":9},"end":{"line":7,"column":31}},"loc":{"start":{"line":7,"column":37},"end":{"line":7,"column":97}},"line":7},"1":{"name":"getAllMsgs","decl":{"start":{"line":9,"column":26},"end":{"line":9,"column":36}},"loc":{"start":{"line":9,"column":47},"end":{"line":11,"column":1}},"line":9},"2":{"name":"getMsgById","decl":{"start":{"line":13,"column":26},"end":{"line":13,"column":36}},"loc":{"start":{"line":13,"column":47},"end":{"line":21,"column":1}},"line":13},"3":{"name":"(anonymous_3)","decl":{"start":{"line":16,"column":40},"end":{"line":16,"column":41}},"loc":{"start":{"line":16,"column":55},"end":{"line":18,"column":3}},"line":16},"4":{"name":"createMsg","decl":{"start":{"line":23,"column":25},"end":{"line":23,"column":34}},"loc":{"start":{"line":23,"column":45},"end":{"line":39,"column":1}},"line":23},"5":{"name":"deleteMesg","decl":{"start":{"line":41,"column":26},"end":{"line":41,"column":36}},"loc":{"start":{"line":41,"column":47},"end":{"line":51,"column":1}},"line":41},"6":{"name":"(anonymous_6)","decl":{"start":{"line":44,"column":40},"end":{"line":44,"column":41}},"loc":{"start":{"line":44,"column":55},"end":{"line":46,"column":3}},"line":44}},"branchMap":{"0":{"loc":{"start":{"line":7,"column":46},"end":{"line":7,"column":94}},"type":"cond-expr","locations":[{"start":{"line":7,"column":70},"end":{"line":7,"column":73}},{"start":{"line":7,"column":76},"end":{"line":7,"column":94}}],"line":7},"1":{"loc":{"start":{"line":7,"column":46},"end":{"line":7,"column":67}},"type":"binary-expr","locations":[{"start":{"line":7,"column":46},"end":{"line":7,"column":49}},{"start":{"line":7,"column":53},"end":{"line":7,"column":67}}],"line":7}},"s":{"0":1,"1":1,"2":1,"3":1,"4":1,"5":1,"6":0,"7":0,"8":0,"9":0,"10":1,"11":1,"12":1,"13":1,"14":1,"15":1,"16":1,"17":1,"18":1,"19":1,"20":0,"21":0,"22":0,"23":0,"24":0,"25":1},"f":{"0":1,"1":1,"2":0,"3":0,"4":1,"5":0,"6":0},"b":{"0":[1,0],"1":[1,1]},"inputSourceMap":{"version":3,"sources":["messagesContr.js"],"names":["getAllMsgs","req","res","send","messages","getMsgById","id","params","msg","filter","createMsg","newMsg","name","body","email","date","Date","push","status","json","message","data","deleteMesg","found","find","splice","indexOf","module","exports"],"mappings":";;AAAA;;AACA;;;;AAEA,IAAMA,UAAU,GAAG,SAAbA,UAAa,CAACC,GAAD,EAAMC,GAAN,EAAc;AAChCA,EAAAA,GAAG,CAACC,IAAJ,CAASC,oBAAT;AACA,CAFD;;AAGA,IAAMC,UAAU,GAAG,SAAbA,UAAa,CAACJ,GAAD,EAAMC,GAAN,EAAc;AAChC,MAAII,EAAE,GAAGL,GAAG,CAACM,MAAJ,CAAWD,EAApB;;AACA,MAAIE,GAAG,GAAGJ,qBAASK,MAAT,CAAgB,UAACD,GAAD;AAAA,WAASA,GAAG,CAACF,EAAJ,KAAWA,EAApB;AAAA,GAAhB,CAAV;;AACAJ,EAAAA,GAAG,CAACC,IAAJ,CAASK,GAAT;AACA,CAJD;;AAMA,IAAME,SAAS,GAAG,SAAZA,SAAY,CAACT,GAAD,EAAMC,GAAN,EAAc;AAC/B,MAAIS,MAAM,GAAG,EAAb;AACAA,EAAAA,MAAM,CAACL,EAAP,GAAY,eAAZ;AACAK,EAAAA,MAAM,CAACC,IAAP,GAAcX,GAAG,CAACY,IAAJ,CAASD,IAAvB;AACAD,EAAAA,MAAM,CAACG,KAAP,GAAeb,GAAG,CAACY,IAAJ,CAASC,KAAxB;AACAH,EAAAA,MAAM,CAACH,GAAP,GAAaP,GAAG,CAACY,IAAJ,CAASL,GAAtB;AACAG,EAAAA,MAAM,CAACI,IAAP,GAAc,IAAIC,IAAJ,EAAd;;AACAZ,uBAASa,IAAT,CAAcN,MAAd,EAP+B,CAQ/B;;;AACA,SAAOT,GAAG,CAACgB,MAAJ,CAAW,GAAX,EAAgBC,IAAhB,CAAqB;AACrBD,IAAAA,MAAM,EAAE,GADa;AAErBE,IAAAA,OAAO,EAAE,2BAFY;AAG3BC,IAAAA,IAAI,EAAEjB;AAHqB,GAArB,CAAP;AAKA,CAdD;;AAgBA,IAAMkB,UAAU,GAAG,SAAbA,UAAa,CAACrB,GAAD,EAAMC,GAAN,EAAc;AAChC,MAAII,EAAE,GAAGL,GAAG,CAACM,MAAJ,CAAWD,EAApB;;AACA,MAAIiB,KAAK,GAAGnB,qBAASoB,IAAT,CAAc,UAAChB,GAAD;AAAA,WAASA,GAAG,CAACF,EAAJ,KAAWA,EAApB;AAAA,GAAd,CAAZ;;AACAF,uBAASqB,MAAT,CAAgBrB,qBAASsB,OAAT,CAAiBH,KAAjB,CAAhB,EAAyC,CAAzC;;AACArB,EAAAA,GAAG,CAACC,IAAJ,CAASC,oBAAT;AACA,CALD;;AAOAuB,MAAM,CAACC,OAAP,GAAiB;AAChB5B,EAAAA,UAAU,EAAVA,UADgB;AAEhBK,EAAAA,UAAU,EAAVA,UAFgB;AAGhBK,EAAAA,SAAS,EAATA,SAHgB;AAIhBY,EAAAA,UAAU,EAAVA;AAJgB,CAAjB","sourceRoot":"C:\\Users\\hp\\Desktop\\backend-blog-api\\SRC\\controllers\\","sourcesContent":["import messages from '../models/messages';\r\nimport { v4 as uuidv4 } from 'uuid';\r\n\r\nconst getAllMsgs = (req, res) => {\r\n\tres.send(messages);\r\n};\r\nconst getMsgById = (req, res) => {\r\n\tlet id = req.params.id;\r\n\tlet msg = messages.filter((msg) => msg.id === id);\r\n\tres.send(msg);\r\n};\r\n\r\nconst createMsg = (req, res) => {\r\n\tlet newMsg = {};\r\n\tnewMsg.id = uuidv4();\r\n\tnewMsg.name = req.body.name;\r\n\tnewMsg.email = req.body.email;\r\n\tnewMsg.msg = req.body.msg;\r\n\tnewMsg.date = new Date();\r\n\tmessages.push(newMsg);\r\n\t// res.send(messages);\r\n\treturn res.status(201).json({\r\n        status: 201,\r\n        message: 'Message successfully sent',\r\n\t\tdata: messages\r\n\t});\r\n};\r\n\r\nconst deleteMesg = (req, res) => {\r\n\tlet id = req.params.id;\r\n\tlet found = messages.find((msg) => msg.id === id);\r\n\tmessages.splice(messages.indexOf(found), 1);\r\n\tres.send(messages);\r\n};\r\n\r\nmodule.exports = {\r\n\tgetAllMsgs,\r\n\tgetMsgById,\r\n\tcreateMsg,\r\n\tdeleteMesg,\r\n};"]},"_coverageSchema":"1a1c01bbd47fc00a2c39e90264f33305004495a9","hash":"f03256e7b52128c298a806fdc4067465ddc9ffac","contentHash":"0019f03129daad1d19395ad3626baed91b0fa60645437e5b2b5a656541f172d3"},"C:\\Users\\hp\\Desktop\\backend-blog-api\\SRC\\models\\messages.js":{"path":"C:\\Users\\hp\\Desktop\\backend-blog-api\\SRC\\models\\messages.js","statementMap":{"0":{"start":{"line":3,"column":0},"end":{"line":5,"column":3}},"1":{"start":{"line":6,"column":0},"end":{"line":6,"column":28}},"2":{"start":{"line":8,"column":12},"end":{"line":8,"column":27}},"3":{"start":{"line":10,"column":54},"end":{"line":10,"column":73}},"4":{"start":{"line":10,"column":75},"end":{"line":10,"column":326}},"5":{"start":{"line":10,"column":125},"end":{"line":10,"column":161}},"6":{"start":{"line":10,"column":163},"end":{"line":10,"column":292}},"7":{"start":{"line":10,"column":183},"end":{"line":10,"column":292}},"8":{"start":{"line":10,"column":225},"end":{"line":10,"column":288}},"9":{"start":{"line":10,"column":293},"end":{"line":10,"column":324}},"10":{"start":{"line":10,"column":327},"end":{"line":10,"column":339}},"11":{"start":{"line":12,"column":33},"end":{"line":12,"column":517}},"12":{"start":{"line":12,"column":46},"end":{"line":12,"column":47}},"13":{"start":{"line":12,"column":91},"end":{"line":12,"column":131}},"14":{"start":{"line":12,"column":133},"end":{"line":12,"column":515}},"15":{"start":{"line":12,"column":146},"end":{"line":12,"column":247}},"16":{"start":{"line":12,"column":201},"end":{"line":12,"column":243}},"17":{"start":{"line":12,"column":255},"end":{"line":12,"column":515}},"18":{"start":{"line":12,"column":295},"end":{"line":12,"column":369}},"19":{"start":{"line":12,"column":379},"end":{"line":12,"column":513}},"20":{"start":{"line":12,"column":428},"end":{"line":12,"column":509}},"21":{"start":{"line":12,"column":518},"end":{"line":12,"column":532}},"22":{"start":{"line":14,"column":44},"end":{"line":14,"column":195}},"23":{"start":{"line":14,"column":62},"end":{"line":14,"column":166}},"24":{"start":{"line":14,"column":176},"end":{"line":14,"column":193}},"25":{"start":{"line":14,"column":196},"end":{"line":14,"column":207}},"26":{"start":{"line":16,"column":12},"end":{"line":31,"column":2}},"27":{"start":{"line":32,"column":0},"end":{"line":36,"column":3}},"28":{"start":{"line":33,"column":2},"end":{"line":35,"column":10}},"29":{"start":{"line":37,"column":15},"end":{"line":37,"column":20}},"30":{"start":{"line":38,"column":0},"end":{"line":38,"column":30}}},"fnMap":{"0":{"name":"ownKeys","decl":{"start":{"line":10,"column":9},"end":{"line":10,"column":16}},"loc":{"start":{"line":10,"column":41},"end":{"line":10,"column":341}},"line":10},"1":{"name":"(anonymous_1)","decl":{"start":{"line":10,"column":208},"end":{"line":10,"column":209}},"loc":{"start":{"line":10,"column":223},"end":{"line":10,"column":290}},"line":10},"2":{"name":"_objectSpread","decl":{"start":{"line":12,"column":9},"end":{"line":12,"column":22}},"loc":{"start":{"line":12,"column":31},"end":{"line":12,"column":534}},"line":12},"3":{"name":"(anonymous_3)","decl":{"start":{"line":12,"column":184},"end":{"line":12,"column":185}},"loc":{"start":{"line":12,"column":199},"end":{"line":12,"column":245}},"line":12},"4":{"name":"(anonymous_4)","decl":{"start":{"line":12,"column":411},"end":{"line":12,"column":412}},"loc":{"start":{"line":12,"column":426},"end":{"line":12,"column":511}},"line":12},"5":{"name":"_defineProperty","decl":{"start":{"line":14,"column":9},"end":{"line":14,"column":24}},"loc":{"start":{"line":14,"column":42},"end":{"line":14,"column":209}},"line":14},"6":{"name":"(anonymous_6)","decl":{"start":{"line":32,"column":18},"end":{"line":32,"column":19}},"loc":{"start":{"line":32,"column":33},"end":{"line":36,"column":1}},"line":32}},"branchMap":{"0":{"loc":{"start":{"line":10,"column":75},"end":{"line":10,"column":326}},"type":"if","locations":[{"start":{"line":10,"column":75},"end":{"line":10,"column":326}},{"start":{"line":10,"column":75},"end":{"line":10,"column":326}}],"line":10},"1":{"loc":{"start":{"line":10,"column":163},"end":{"line":10,"column":292}},"type":"if","locations":[{"start":{"line":10,"column":163},"end":{"line":10,"column":292}},{"start":{"line":10,"column":163},"end":{"line":10,"column":292}}],"line":10},"2":{"loc":{"start":{"line":12,"column":91},"end":{"line":12,"column":131}},"type":"cond-expr","locations":[{"start":{"line":12,"column":114},"end":{"line":12,"column":126}},{"start":{"line":12,"column":129},"end":{"line":12,"column":131}}],"line":12},"3":{"loc":{"start":{"line":12,"column":133},"end":{"line":12,"column":515}},"type":"if","locations":[{"start":{"line":12,"column":133},"end":{"line":12,"column":515}},{"start":{"line":12,"column":133},"end":{"line":12,"column":515}}],"line":12},"4":{"loc":{"start":{"line":12,"column":255},"end":{"line":12,"column":515}},"type":"if","locations":[{"start":{"line":12,"column":255},"end":{"line":12,"column":515}},{"start":{"line":12,"column":255},"end":{"line":12,"column":515}}],"line":12},"5":{"loc":{"start":{"line":14,"column":44},"end":{"line":14,"column":195}},"type":"if","locations":[{"start":{"line":14,"column":44},"end":{"line":14,"column":195}},{"start":{"line":14,"column":44},"end":{"line":14,"column":195}}],"line":14}},"s":{"0":1,"1":1,"2":1,"3":3,"4":3,"5":3,"6":3,"7":3,"8":0,"9":3,"10":3,"11":3,"12":3,"13":3,"14":3,"15":3,"16":12,"17":0,"18":0,"19":0,"20":0,"21":3,"22":12,"23":0,"24":12,"25":12,"26":1,"27":1,"28":3,"29":1,"30":1},"f":{"0":3,"1":0,"2":3,"3":12,"4":0,"5":12,"6":3},"b":{"0":[3,0],"1":[3,0],"2":[3,0],"3":[3,0],"4":[0,0],"5":[0,12]},"inputSourceMap":{"version":3,"sources":["messages.js"],"names":["messg","email","name","msg","date","Date","map","id"],"mappings":";;;;;;;AAAA;;;;;;;;AAEA,IAAIA,KAAK,GAAG,CACX;AACCC,EAAAA,KAAK,EAAE,gBADR;AAECC,EAAAA,IAAI,EAAE,MAFP;AAGCC,EAAAA,GAAG,EAAE,kBAHN;AAICC,EAAAA,IAAI,EAAE,IAAIC,IAAJ;AAJP,CADW,EAOX;AACCJ,EAAAA,KAAK,EAAE,oBADR;AAECC,EAAAA,IAAI,EAAE,UAFP;AAGCC,EAAAA,GAAG,EAAE,YAHN;AAICC,EAAAA,IAAI,EAAE,IAAIC,IAAJ;AAJP,CAPW,EAaX;AACCJ,EAAAA,KAAK,EAAE,kBADR;AAECC,EAAAA,IAAI,EAAE,WAFP;AAGCC,EAAAA,GAAG,EAAE,aAHN;AAICC,EAAAA,IAAI,EAAE,IAAIC,IAAJ;AAJP,CAbW,CAAZ;AAoBAL,KAAK,GAAGA,KAAK,CAACM,GAAN,CAAU,UAACH,GAAD;AAAA;AAAYI,IAAAA,EAAE,EAAE;AAAhB,KAA6BJ,GAA7B;AAAA,CAAV,CAAR;eAEeH,K","sourceRoot":"C:\\Users\\hp\\Desktop\\backend-blog-api\\SRC\\models\\","sourcesContent":["import { v4 as uuidv4 } from 'uuid';\r\n\r\nvar messg = [\r\n\t{\r\n\t\temail: 'ange@gmail.com',\r\n\t\tname: 'Ange',\r\n\t\tmsg: 'Hello, well done',\r\n\t\tdate: new Date(),\r\n\t},\r\n\t{\r\n\t\temail: 'benimana@gmail.com',\r\n\t\tname: 'benimena',\r\n\t\tmsg: 'great work',\r\n\t\tdate: new Date(),\r\n\t},\r\n\t{\r\n\t\temail: 'koko10@gmail.com',\r\n\t\tname: 'koko lolo',\r\n\t\tmsg: 'Hello there',\r\n\t\tdate: new Date(),\r\n\t},\r\n];\r\nmessg = messg.map((msg) => ({ id: uuidv4(), ...msg }));\r\n\r\nexport default messg;"]},"_coverageSchema":"1a1c01bbd47fc00a2c39e90264f33305004495a9","hash":"73d305f19783e4a30eda1608fcd9ffafd71c29e6","contentHash":"f60ad5424407661568155f73834d1757028d0c501cebfa3b63c47dcc7fe17bf5"},"C:\\Users\\hp\\Desktop\\backend-blog-api\\SRC\\routes\\postsRoute.js":{"path":"C:\\Users\\hp\\Desktop\\backend-blog-api\\SRC\\routes\\postsRoute.js","statementMap":{"0":{"start":{"line":3,"column":0},"end":{"line":5,"column":3}},"1":{"start":{"line":6,"column":0},"end":{"line":6,"column":28}},"2":{"start":{"line":8,"column":15},"end":{"line":8,"column":57}},"3":{"start":{"line":10,"column":18},"end":{"line":10,"column":54}},"4":{"start":{"line":12,"column":39},"end":{"line":12,"column":95}},"5":{"start":{"line":14,"column":15},"end":{"line":14,"column":34}},"6":{"start":{"line":16,"column":14},"end":{"line":16,"column":50}},"7":{"start":{"line":18,"column":13},"end":{"line":18,"column":41}},"8":{"start":{"line":20,"column":0},"end":{"line":20,"column":45}},"9":{"start":{"line":21,"column":0},"end":{"line":21,"column":45}},"10":{"start":{"line":22,"column":0},"end":{"line":22,"column":49}},"11":{"start":{"line":23,"column":0},"end":{"line":23,"column":54}},"12":{"start":{"line":24,"column":15},"end":{"line":24,"column":21}},"13":{"start":{"line":25,"column":0},"end":{"line":25,"column":30}}},"fnMap":{"0":{"name":"_interopRequireDefault","decl":{"start":{"line":12,"column":9},"end":{"line":12,"column":31}},"loc":{"start":{"line":12,"column":37},"end":{"line":12,"column":97}},"line":12}},"branchMap":{"0":{"loc":{"start":{"line":12,"column":46},"end":{"line":12,"column":94}},"type":"cond-expr","locations":[{"start":{"line":12,"column":70},"end":{"line":12,"column":73}},{"start":{"line":12,"column":76},"end":{"line":12,"column":94}}],"line":12},"1":{"loc":{"start":{"line":12,"column":46},"end":{"line":12,"column":67}},"type":"binary-expr","locations":[{"start":{"line":12,"column":46},"end":{"line":12,"column":49}},{"start":{"line":12,"column":53},"end":{"line":12,"column":67}}],"line":12}},"s":{"0":1,"1":1,"2":1,"3":1,"4":1,"5":1,"6":1,"7":1,"8":1,"9":1,"10":1,"11":1,"12":1,"13":1},"f":{"0":1},"b":{"0":[0,1],"1":[1,1]},"inputSourceMap":{"version":3,"sources":["postsRoute.js"],"names":["mongoose","require","Product","router","express","Router","post","createPost","get","getAllPosts","getPostById","deletePost"],"mappings":";;;;;;;AAAA;;AACA;;;;AACA,IAAMA,QAAQ,GAAGC,OAAO,CAAC,UAAD,CAAxB;;AAEA,IAAMC,OAAO,GAAGD,OAAO,CAAC,2BAAD,CAAvB;;AAEA,IAAME,MAAM,GAAGC,oBAAQC,MAAR,EAAf;;AACAF,MAAM,CAACG,IAAP,CAAY,OAAZ,EAAqBC,sBAArB;AACAJ,MAAM,CAACK,GAAP,CAAW,OAAX,EAAoBC,uBAApB;AACAN,MAAM,CAACK,GAAP,CAAW,WAAX,EAAwBE,uBAAxB;AACAP,MAAM,UAAN,CAAc,WAAd,EAA2BQ,sBAA3B;eACeR,M","sourceRoot":"C:\\Users\\hp\\Desktop\\backend-blog-api\\SRC\\routes\\","sourcesContent":["import express from 'express';\r\nimport {createPost,getAllPosts,getPostById,deletePost} from '../controllers/postsContr';\r\nconst mongoose = require('mongoose');\r\n\r\nconst Product = require('../models/postsCollection');\r\n\r\nconst router = express.Router();\r\nrouter.post('/post', createPost);\r\nrouter.get('/post', getAllPosts);\r\nrouter.get('/post/:id', getPostById);\r\nrouter.delete('/post/:id', deletePost);\r\nexport default router;"]},"_coverageSchema":"1a1c01bbd47fc00a2c39e90264f33305004495a9","hash":"bc8f65241aa73a453ba27c5e408cf136bf90af9c","contentHash":"276ddd63a1cd9bc1de0567f0e82e9bac77ca9fc4b4dae5a46c9e9c22bb1d0836"},"C:\\Users\\hp\\Desktop\\backend-blog-api\\SRC\\controllers\\postsContr.js":{"path":"C:\\Users\\hp\\Desktop\\backend-blog-api\\SRC\\controllers\\postsContr.js","statementMap":{"0":{"start":{"line":3,"column":23},"end":{"line":3,"column":83}},"1":{"start":{"line":5,"column":12},"end":{"line":5,"column":27}},"2":{"start":{"line":7,"column":39},"end":{"line":7,"column":95}},"3":{"start":{"line":9,"column":18},"end":{"line":11,"column":1}},"4":{"start":{"line":10,"column":2},"end":{"line":10,"column":40}},"5":{"start":{"line":13,"column":18},"end":{"line":32,"column":1}},"6":{"start":{"line":14,"column":11},"end":{"line":14,"column":24}},"7":{"start":{"line":16,"column":12},"end":{"line":18,"column":4}},"8":{"start":{"line":17,"column":4},"end":{"line":17,"column":25}},"9":{"start":{"line":20,"column":2},"end":{"line":26,"column":3}},"10":{"start":{"line":21,"column":4},"end":{"line":25,"column":7}},"11":{"start":{"line":28,"column":2},"end":{"line":31,"column":5}},"12":{"start":{"line":34,"column":17},"end":{"line":48,"column":1}},"13":{"start":{"line":35,"column":15},"end":{"line":35,"column":17}},"14":{"start":{"line":36,"column":2},"end":{"line":36,"column":30}},"15":{"start":{"line":37,"column":2},"end":{"line":37,"column":32}},"16":{"start":{"line":38,"column":2},"end":{"line":38,"column":36}},"17":{"start":{"line":39,"column":2},"end":{"line":39,"column":34}},"18":{"start":{"line":41,"column":2},"end":{"line":41,"column":43}},"19":{"start":{"line":43,"column":2},"end":{"line":47,"column":5}},"20":{"start":{"line":50,"column":17},"end":{"line":73,"column":1}},"21":{"start":{"line":51,"column":11},"end":{"line":51,"column":24}},"22":{"start":{"line":53,"column":14},"end":{"line":55,"column":4}},"23":{"start":{"line":54,"column":4},"end":{"line":54,"column":25}},"24":{"start":{"line":57,"column":2},"end":{"line":67,"column":3}},"25":{"start":{"line":58,"column":12},"end":{"line":58,"column":56}},"26":{"start":{"line":60,"column":4},"end":{"line":60,"column":45}},"27":{"start":{"line":62,"column":4},"end":{"line":66,"column":7}},"28":{"start":{"line":69,"column":2},"end":{"line":72,"column":5}},"29":{"start":{"line":75,"column":0},"end":{"line":80,"column":2}}},"fnMap":{"0":{"name":"_interopRequireDefault","decl":{"start":{"line":7,"column":9},"end":{"line":7,"column":31}},"loc":{"start":{"line":7,"column":37},"end":{"line":7,"column":97}},"line":7},"1":{"name":"getAllPosts","decl":{"start":{"line":9,"column":27},"end":{"line":9,"column":38}},"loc":{"start":{"line":9,"column":49},"end":{"line":11,"column":1}},"line":9},"2":{"name":"getPostById","decl":{"start":{"line":13,"column":27},"end":{"line":13,"column":38}},"loc":{"start":{"line":13,"column":49},"end":{"line":32,"column":1}},"line":13},"3":{"name":"(anonymous_3)","decl":{"start":{"line":16,"column":47},"end":{"line":16,"column":48}},"loc":{"start":{"line":16,"column":62},"end":{"line":18,"column":3}},"line":16},"4":{"name":"createPost","decl":{"start":{"line":34,"column":26},"end":{"line":34,"column":36}},"loc":{"start":{"line":34,"column":47},"end":{"line":48,"column":1}},"line":34},"5":{"name":"deletePost","decl":{"start":{"line":50,"column":26},"end":{"line":50,"column":36}},"loc":{"start":{"line":50,"column":47},"end":{"line":73,"column":1}},"line":50},"6":{"name":"(anonymous_6)","decl":{"start":{"line":53,"column":47},"end":{"line":53,"column":48}},"loc":{"start":{"line":53,"column":62},"end":{"line":55,"column":3}},"line":53}},"branchMap":{"0":{"loc":{"start":{"line":7,"column":46},"end":{"line":7,"column":94}},"type":"cond-expr","locations":[{"start":{"line":7,"column":70},"end":{"line":7,"column":73}},{"start":{"line":7,"column":76},"end":{"line":7,"column":94}}],"line":7},"1":{"loc":{"start":{"line":7,"column":46},"end":{"line":7,"column":67}},"type":"binary-expr","locations":[{"start":{"line":7,"column":46},"end":{"line":7,"column":49}},{"start":{"line":7,"column":53},"end":{"line":7,"column":67}}],"line":7},"2":{"loc":{"start":{"line":20,"column":2},"end":{"line":26,"column":3}},"type":"if","locations":[{"start":{"line":20,"column":2},"end":{"line":26,"column":3}},{"start":{"line":20,"column":2},"end":{"line":26,"column":3}}],"line":20},"3":{"loc":{"start":{"line":57,"column":2},"end":{"line":67,"column":3}},"type":"if","locations":[{"start":{"line":57,"column":2},"end":{"line":67,"column":3}},{"start":{"line":57,"column":2},"end":{"line":67,"column":3}}],"line":57}},"s":{"0":1,"1":1,"2":1,"3":1,"4":0,"5":1,"6":0,"7":0,"8":0,"9":0,"10":0,"11":0,"12":1,"13":1,"14":1,"15":1,"16":1,"17":1,"18":1,"19":1,"20":1,"21":0,"22":0,"23":0,"24":0,"25":0,"26":0,"27":0,"28":0,"29":1},"f":{"0":1,"1":0,"2":0,"3":0,"4":1,"5":0,"6":0},"b":{"0":[1,0],"1":[1,1],"2":[0,0],"3":[0,0]},"inputSourceMap":{"version":3,"sources":["postsContr.js"],"names":["getAllPosts","req","res","send","posts","getPostById","id","params","pst","filter","status","json","message","data","error","createPost","newpst","title","body","content","author","push","deletePost","found","find","p","indexOf","post","splice","module","exports"],"mappings":";;AAAA;;AACA;;;;AAEA,IAAMA,WAAW,GAAG,SAAdA,WAAc,CAACC,GAAD,EAAMC,GAAN,EAAc;AACjCA,EAAAA,GAAG,CAACC,IAAJ,CAASC,2BAAT;AACA,CAFD;;AAGA,IAAMC,WAAW,GAAG,SAAdA,WAAc,CAACJ,GAAD,EAAMC,GAAN,EAAc;AACjC,MAAII,EAAE,GAAGL,GAAG,CAACM,MAAJ,CAAWD,EAApB;;AACG,MAAIE,GAAG,GAAGJ,4BAAMK,MAAN,CAAa,UAACD,GAAD,EAAQ;AAC/B,WAAOA,GAAG,CAACF,EAAJ,KAAWA,EAAlB;AACC,GAFS,CAAV;;AAGA,MAAIE,GAAG,CAAC,CAAD,CAAP,EAAY;AACR,WAAON,GAAG,CAACQ,MAAJ,CAAW,GAAX,EAAgBC,IAAhB,CAAqB;AACxBD,MAAAA,MAAM,EAAE,GADgB;AAExBE,MAAAA,OAAO,EAAE,6BAFe;AAGxBC,MAAAA,IAAI,EAAET;AAHkB,KAArB,CAAP;AAKH;;AACD,SAAOF,GAAG,CAACQ,MAAJ,CAAW,GAAX,EAAgBC,IAAhB,CAAqB;AACxBD,IAAAA,MAAM,EAAE,GADgB;AAExBI,IAAAA,KAAK,EAAE;AAFiB,GAArB,CAAP,CAZ8B,CAgBlC;AACC,CAjBD;;AAmBA,IAAMC,UAAU,GAAG,SAAbA,UAAa,CAACd,GAAD,EAAMC,GAAN,EAAc;AAChC,MAAIc,MAAM,GAAG,EAAb;AACAA,EAAAA,MAAM,CAACV,EAAP,GAAY,eAAZ;AACAU,EAAAA,MAAM,CAACC,KAAP,GAAehB,GAAG,CAACiB,IAAJ,CAASD,KAAxB;AACAD,EAAAA,MAAM,CAACG,OAAP,GAAiBlB,GAAG,CAACiB,IAAJ,CAASC,OAA1B;AACAH,EAAAA,MAAM,CAACI,MAAP,GAAgBnB,GAAG,CAACiB,IAAJ,CAASE,MAAzB,CALgC,CAMhC;;AACAhB,8BAAMiB,IAAN,CAAWL,MAAX;;AAEG,SAAOd,GAAG,CAACQ,MAAJ,CAAW,GAAX,EAAgBC,IAAhB,CAAqB;AACxBD,IAAAA,MAAM,EAAE,GADgB;AAExBE,IAAAA,OAAO,EAAE,2BAFe;AAGxBC,IAAAA,IAAI,EAAET;AAHkB,GAArB,CAAP;AAKH,CAdD;;AAgBA,IAAMkB,UAAU,GAAG,SAAbA,UAAa,CAACrB,GAAD,EAAMC,GAAN,EAAc;AAChC,MAAII,EAAE,GAAGL,GAAG,CAACM,MAAJ,CAAWD,EAApB;;AACA,MAAIiB,KAAK,GAAGnB,4BAAMoB,IAAN,CAAW,UAAChB,GAAD,EAAQ;AACxB,WAAOA,GAAG,CAACF,EAAJ,KAAWA,EAAlB;AAAsB,GADjB,CAAZ;;AAGO,MAAIiB,KAAK,CAAC,CAAD,CAAT,EAAc;AACV,QAAIE,CAAC,GAAGrB,4BAAMsB,OAAN,CAAcC,IAAI,CAAC,CAAD,CAAlB,CAAR;;AACAvB,gCAAMwB,MAAN,CAAaH,CAAb,EAAgB,CAAhB;;AACA,WAAOvB,GAAG,CAACQ,MAAJ,CAAW,GAAX,EAAgBC,IAAhB,CAAqB;AACxBD,MAAAA,MAAM,EAAE,GADgB;AAExBE,MAAAA,OAAO,EAAE,2BAFe;AAGxBC,MAAAA,IAAI,EAAET;AAHkB,KAArB,CAAP;AAKH;;AACD,SAAOF,GAAG,CAACQ,MAAJ,CAAW,GAAX,EAAgBC,IAAhB,CAAqB;AACxBD,IAAAA,MAAM,EAAE,GADgB;AAExBI,IAAAA,KAAK,EAAE;AAFiB,GAArB,CAAP;AAIH,CAlBL;;AAmBAe,MAAM,CAACC,OAAP,GAAiB;AAChB9B,EAAAA,WAAW,EAAXA,WADgB;AAEhBK,EAAAA,WAAW,EAAXA,WAFgB;AAGhBU,EAAAA,UAAU,EAAVA,UAHgB;AAIhBO,EAAAA,UAAU,EAAVA;AAJgB,CAAjB","sourceRoot":"C:\\Users\\hp\\Desktop\\backend-blog-api\\SRC\\controllers\\","sourcesContent":["import posts from '../models/postsCollection';\r\nimport { v4 as uuidv4 } from 'uuid';\r\n\r\nconst getAllPosts = (req, res) => {\r\n\tres.send(posts);\r\n};\r\nconst getPostById = (req, res) => {\r\n\tlet id = req.params.id;\r\n    let pst = posts.filter((pst) =>{\r\n    return pst.id === id\r\n    });\r\n    if (pst[0]) {\r\n        return res.status(200).json({\r\n            status: 200,\r\n            message: 'post successfully retrieved',\r\n            data: posts,\r\n        });\r\n    }\r\n    return res.status(404).json({\r\n        status: 404,\r\n        error: 'Post not found',\r\n    });\r\n// \tres.send(pst);\r\n};\r\n\r\nconst createPost = (req, res) => {\r\n\tlet newpst = {};\r\n\tnewpst.id = uuidv4();\r\n\tnewpst.title = req.body.title;\r\n\tnewpst.content = req.body.content;\r\n\tnewpst.author = req.body.author;\r\n\t// newpst.date = new Date();\r\n\tposts.push(newpst);\r\n\r\n    return res.status(201).json({\r\n        status: 201,\r\n        message: 'Post successfully created',\r\n        data: posts\r\n    });\r\n};\r\n\r\nconst deletePost = (req, res) => {\r\n\tlet id = req.params.id;\r\n\tlet found = posts.find((pst) =>{ \r\n        return pst.id === id }\r\n        );\r\n        if (found[0]) {\r\n            var p = posts.indexOf(post[0]);\r\n            posts.splice(p, 1);\r\n            return res.status(200).json({\r\n                status: 200,\r\n                message: 'post successfully deleted',\r\n                data: posts,\r\n            });\r\n        }\r\n        return res.status(404).json({\r\n            status: 404,\r\n            error: 'post not found',\r\n        });\r\n    }\r\nmodule.exports = {\r\n\tgetAllPosts,\r\n\tgetPostById,\r\n\tcreatePost,\r\n\tdeletePost,\r\n};"]},"_coverageSchema":"1a1c01bbd47fc00a2c39e90264f33305004495a9","hash":"8c42c6d1bf12e7be39f0553557d84f495b461c31","contentHash":"cbb0408ccab0bb15fa384ec1a6823f50a323d890221c898860f17a5d565438b3"},"C:\\Users\\hp\\Desktop\\backend-blog-api\\SRC\\models\\postsCollection.js":{"path":"C:\\Users\\hp\\Desktop\\backend-blog-api\\SRC\\models\\postsCollection.js","statementMap":{"0":{"start":{"line":3,"column":0},"end":{"line":5,"column":3}},"1":{"start":{"line":6,"column":0},"end":{"line":6,"column":28}},"2":{"start":{"line":8,"column":12},"end":{"line":8,"column":27}},"3":{"start":{"line":10,"column":54},"end":{"line":10,"column":73}},"4":{"start":{"line":10,"column":75},"end":{"line":10,"column":326}},"5":{"start":{"line":10,"column":125},"end":{"line":10,"column":161}},"6":{"start":{"line":10,"column":163},"end":{"line":10,"column":292}},"7":{"start":{"line":10,"column":183},"end":{"line":10,"column":292}},"8":{"start":{"line":10,"column":225},"end":{"line":10,"column":288}},"9":{"start":{"line":10,"column":293},"end":{"line":10,"column":324}},"10":{"start":{"line":10,"column":327},"end":{"line":10,"column":339}},"11":{"start":{"line":12,"column":33},"end":{"line":12,"column":517}},"12":{"start":{"line":12,"column":46},"end":{"line":12,"column":47}},"13":{"start":{"line":12,"column":91},"end":{"line":12,"column":131}},"14":{"start":{"line":12,"column":133},"end":{"line":12,"column":515}},"15":{"start":{"line":12,"column":146},"end":{"line":12,"column":247}},"16":{"start":{"line":12,"column":201},"end":{"line":12,"column":243}},"17":{"start":{"line":12,"column":255},"end":{"line":12,"column":515}},"18":{"start":{"line":12,"column":295},"end":{"line":12,"column":369}},"19":{"start":{"line":12,"column":379},"end":{"line":12,"column":513}},"20":{"start":{"line":12,"column":428},"end":{"line":12,"column":509}},"21":{"start":{"line":12,"column":518},"end":{"line":12,"column":532}},"22":{"start":{"line":14,"column":44},"end":{"line":14,"column":195}},"23":{"start":{"line":14,"column":62},"end":{"line":14,"column":166}},"24":{"start":{"line":14,"column":176},"end":{"line":14,"column":193}},"25":{"start":{"line":14,"column":196},"end":{"line":14,"column":207}},"26":{"start":{"line":16,"column":12},"end":{"line":28,"column":2}},"27":{"start":{"line":29,"column":0},"end":{"line":33,"column":3}},"28":{"start":{"line":30,"column":2},"end":{"line":32,"column":11}},"29":{"start":{"line":34,"column":15},"end":{"line":34,"column":20}},"30":{"start":{"line":35,"column":0},"end":{"line":35,"column":30}}},"fnMap":{"0":{"name":"ownKeys","decl":{"start":{"line":10,"column":9},"end":{"line":10,"column":16}},"loc":{"start":{"line":10,"column":41},"end":{"line":10,"column":341}},"line":10},"1":{"name":"(anonymous_1)","decl":{"start":{"line":10,"column":208},"end":{"line":10,"column":209}},"loc":{"start":{"line":10,"column":223},"end":{"line":10,"column":290}},"line":10},"2":{"name":"_objectSpread","decl":{"start":{"line":12,"column":9},"end":{"line":12,"column":22}},"loc":{"start":{"line":12,"column":31},"end":{"line":12,"column":534}},"line":12},"3":{"name":"(anonymous_3)","decl":{"start":{"line":12,"column":184},"end":{"line":12,"column":185}},"loc":{"start":{"line":12,"column":199},"end":{"line":12,"column":245}},"line":12},"4":{"name":"(anonymous_4)","decl":{"start":{"line":12,"column":411},"end":{"line":12,"column":412}},"loc":{"start":{"line":12,"column":426},"end":{"line":12,"column":511}},"line":12},"5":{"name":"_defineProperty","decl":{"start":{"line":14,"column":9},"end":{"line":14,"column":24}},"loc":{"start":{"line":14,"column":42},"end":{"line":14,"column":209}},"line":14},"6":{"name":"(anonymous_6)","decl":{"start":{"line":29,"column":18},"end":{"line":29,"column":19}},"loc":{"start":{"line":29,"column":34},"end":{"line":33,"column":1}},"line":29}},"branchMap":{"0":{"loc":{"start":{"line":10,"column":75},"end":{"line":10,"column":326}},"type":"if","locations":[{"start":{"line":10,"column":75},"end":{"line":10,"column":326}},{"start":{"line":10,"column":75},"end":{"line":10,"column":326}}],"line":10},"1":{"loc":{"start":{"line":10,"column":163},"end":{"line":10,"column":292}},"type":"if","locations":[{"start":{"line":10,"column":163},"end":{"line":10,"column":292}},{"start":{"line":10,"column":163},"end":{"line":10,"column":292}}],"line":10},"2":{"loc":{"start":{"line":12,"column":91},"end":{"line":12,"column":131}},"type":"cond-expr","locations":[{"start":{"line":12,"column":114},"end":{"line":12,"column":126}},{"start":{"line":12,"column":129},"end":{"line":12,"column":131}}],"line":12},"3":{"loc":{"start":{"line":12,"column":133},"end":{"line":12,"column":515}},"type":"if","locations":[{"start":{"line":12,"column":133},"end":{"line":12,"column":515}},{"start":{"line":12,"column":133},"end":{"line":12,"column":515}}],"line":12},"4":{"loc":{"start":{"line":12,"column":255},"end":{"line":12,"column":515}},"type":"if","locations":[{"start":{"line":12,"column":255},"end":{"line":12,"column":515}},{"start":{"line":12,"column":255},"end":{"line":12,"column":515}}],"line":12},"5":{"loc":{"start":{"line":14,"column":44},"end":{"line":14,"column":195}},"type":"if","locations":[{"start":{"line":14,"column":44},"end":{"line":14,"column":195}},{"start":{"line":14,"column":44},"end":{"line":14,"column":195}}],"line":14}},"s":{"0":1,"1":1,"2":1,"3":3,"4":3,"5":3,"6":3,"7":3,"8":0,"9":3,"10":3,"11":3,"12":3,"13":3,"14":3,"15":3,"16":9,"17":0,"18":0,"19":0,"20":0,"21":3,"22":9,"23":0,"24":9,"25":9,"26":1,"27":1,"28":3,"29":1,"30":1},"f":{"0":3,"1":0,"2":3,"3":9,"4":0,"5":9,"6":3},"b":{"0":[3,0],"1":[3,0],"2":[3,0],"3":[3,0],"4":[0,0],"5":[0,9]},"inputSourceMap":{"version":3,"sources":["postsCollection.js"],"names":["posts","title","content","author","map","post","id"],"mappings":";;;;;;;AAAA;;;;;;;;AAEA,IAAIA,KAAK,GAAG,CAAC;AAETC,EAAAA,KAAK,EAAE,8CAFE;AAGTC,EAAAA,OAAO,wOAHE;AAMTC,EAAAA,MAAM,EAAE;AANC,CAAD,EAQZ;AACIF,EAAAA,KAAK,EAAE,wCADX;AAEIC,EAAAA,OAAO,+RAFX;AAMIC,EAAAA,MAAM,EAAE;AANZ,CARY,EAiBZ;AACIF,EAAAA,KAAK,EAAE,gCADX;AAEIC,EAAAA,OAAO,4PAFX;AAMIC,EAAAA,MAAM,EAAE;AANZ,CAjBY,CAAZ;AA0BAH,KAAK,GAAGA,KAAK,CAACI,GAAN,CAAU,UAACC,IAAD;AAAA;AAAaC,IAAAA,EAAE,EAAE;AAAjB,KAA8BD,IAA9B;AAAA,CAAV,CAAR;eACeL,K","sourceRoot":"C:\\Users\\hp\\Desktop\\backend-blog-api\\SRC\\models\\","sourcesContent":["import { v4 as uuidv4 } from 'uuid';\r\n\r\nvar posts = [{\r\n    \r\n    title: 'Modern CSS Techniques To Improve Legibility.',\r\n    content: `In this article, we cover how we can improve websites legibility using some modern CSS techniques,\r\n    great new technologies like variable fonts and putting into practise what we learned from doing\r\n    scientific researches..`,\r\n    author: 'Admin'\r\n},\r\n{\r\n    title: 'Software design in software production',\r\n    content: `Convert Any Website into Android Application\r\n    in Android Studio in 10 minutes.\r\n    This tutorial walks you through creating a new Android Project, adding a WebView, loading a remote URL,\r\n    and then loading a local HTML page. Design - Material , Software used: Android Studio.`,\r\n    author: 'Solange'\r\n},\r\n\r\n{\r\n    title: 'HTML:HyperText Markup Language',\r\n    content: `HTML:HyperText Markup Language in 10 minutes.\r\n    This tutorial walks you through creating a new Android Project, adding a WebView, loading a remote URL,\r\n    and then loading a local HTML page. Design - Material , Software used: Android Studio...`,\r\n    \r\n    author: 'bebe'\r\n}\r\n];\r\nposts = posts.map((post) => ({ id: uuidv4(), ...post }));\r\nexport default posts;"]},"_coverageSchema":"1a1c01bbd47fc00a2c39e90264f33305004495a9","hash":"06bcae989861e40f34279cb2828b6772de8d2870","contentHash":"ef76463d5cb4cf32bacb675473bc24864c77dde38d91bf0def189fa4944c6fe1"},"C:\\Users\\hp\\Desktop\\backend-blog-api\\SRC\\routes\\commentsRoute.js":{"path":"C:\\Users\\hp\\Desktop\\backend-blog-api\\SRC\\routes\\commentsRoute.js","statementMap":{"0":{"start":{"line":3,"column":0},"end":{"line":5,"column":3}},"1":{"start":{"line":6,"column":0},"end":{"line":6,"column":28}},"2":{"start":{"line":8,"column":15},"end":{"line":8,"column":57}},"3":{"start":{"line":10,"column":21},"end":{"line":10,"column":60}},"4":{"start":{"line":12,"column":39},"end":{"line":12,"column":95}},"5":{"start":{"line":14,"column":13},"end":{"line":14,"column":41}},"6":{"start":{"line":16,"column":0},"end":{"line":16,"column":52}},"7":{"start":{"line":17,"column":0},"end":{"line":17,"column":45}},"8":{"start":{"line":18,"column":0},"end":{"line":18,"column":56}},"9":{"start":{"line":19,"column":0},"end":{"line":19,"column":49}},"10":{"start":{"line":20,"column":0},"end":{"line":20,"column":61}},"11":{"start":{"line":21,"column":15},"end":{"line":21,"column":21}},"12":{"start":{"line":22,"column":0},"end":{"line":22,"column":30}}},"fnMap":{"0":{"name":"_interopRequireDefault","decl":{"start":{"line":12,"column":9},"end":{"line":12,"column":31}},"loc":{"start":{"line":12,"column":37},"end":{"line":12,"column":97}},"line":12}},"branchMap":{"0":{"loc":{"start":{"line":12,"column":46},"end":{"line":12,"column":94}},"type":"cond-expr","locations":[{"start":{"line":12,"column":70},"end":{"line":12,"column":73}},{"start":{"line":12,"column":76},"end":{"line":12,"column":94}}],"line":12},"1":{"loc":{"start":{"line":12,"column":46},"end":{"line":12,"column":67}},"type":"binary-expr","locations":[{"start":{"line":12,"column":46},"end":{"line":12,"column":49}},{"start":{"line":12,"column":53},"end":{"line":12,"column":67}}],"line":12}},"s":{"0":1,"1":1,"2":1,"3":1,"4":1,"5":1,"6":1,"7":1,"8":1,"9":1,"10":1,"11":1,"12":1},"f":{"0":1},"b":{"0":[0,1],"1":[1,1]},"inputSourceMap":{"version":3,"sources":["commentsRoute.js"],"names":["router","express","Router","post","createComent","get","getAll","getComentById","put","update","deleteComent"],"mappings":";;;;;;;AAAA;;AACA;;;;AAEA,IAAMA,MAAM,GAAGC,oBAAQC,MAAR,EAAf;;AACAF,MAAM,CAACG,IAAP,CAAY,SAAZ,EAAuBC,2BAAvB;AACAJ,MAAM,CAACK,GAAP,CAAW,SAAX,EAAsBC,qBAAtB;AACAN,MAAM,CAACK,GAAP,CAAW,aAAX,EAA0BE,4BAA1B;AACAP,MAAM,CAACQ,GAAP,CAAW,aAAX,EAA0BC,qBAA1B;AACAT,MAAM,UAAN,CAAc,aAAd,EAA6BU,2BAA7B;eACeV,M","sourceRoot":"C:\\Users\\hp\\Desktop\\backend-blog-api\\SRC\\routes\\","sourcesContent":["import express from 'express';\r\nimport {createComent,getAll,getComentById,update,deleteComent} from '../controllers/commentsContr';\r\n\r\nconst router = express.Router();\r\nrouter.post('/coment', createComent);\r\nrouter.get('/coment', getAll);\r\nrouter.get('/coment/:id', getComentById);\r\nrouter.put('/coment/:id', update);\r\nrouter.delete('/coment/:id', deleteComent);\r\nexport default router;"]},"_coverageSchema":"1a1c01bbd47fc00a2c39e90264f33305004495a9","hash":"8f5a60886f19a24413ba7ae5c5e528763ab83f3b","contentHash":"3b7cc8c8aded7ba2642b30e8dc56eac6b767b400fb6ab8d01b6939f6a42322b7"},"C:\\Users\\hp\\Desktop\\backend-blog-api\\SRC\\controllers\\commentsContr.js":{"path":"C:\\Users\\hp\\Desktop\\backend-blog-api\\SRC\\controllers\\commentsContr.js","statementMap":{"0":{"start":{"line":3,"column":0},"end":{"line":5,"column":3}},"1":{"start":{"line":6,"column":0},"end":{"line":6,"column":111}},"2":{"start":{"line":8,"column":26},"end":{"line":8,"column":89}},"3":{"start":{"line":10,"column":12},"end":{"line":10,"column":27}},"4":{"start":{"line":12,"column":39},"end":{"line":12,"column":95}},"5":{"start":{"line":14,"column":13},"end":{"line":29,"column":1}},"6":{"start":{"line":15,"column":2},"end":{"line":20,"column":3}},"7":{"start":{"line":16,"column":4},"end":{"line":19,"column":7}},"8":{"start":{"line":22,"column":2},"end":{"line":28,"column":5}},"9":{"start":{"line":31,"column":0},"end":{"line":31,"column":24}},"10":{"start":{"line":33,"column":20},"end":{"line":52,"column":1}},"11":{"start":{"line":34,"column":11},"end":{"line":34,"column":24}},"12":{"start":{"line":36,"column":15},"end":{"line":38,"column":4}},"13":{"start":{"line":37,"column":4},"end":{"line":37,"column":28}},"14":{"start":{"line":40,"column":2},"end":{"line":46,"column":3}},"15":{"start":{"line":41,"column":4},"end":{"line":45,"column":7}},"16":{"start":{"line":48,"column":2},"end":{"line":51,"column":5}},"17":{"start":{"line":54,"column":0},"end":{"line":54,"column":38}},"18":{"start":{"line":56,"column":19},"end":{"line":70,"column":1}},"19":{"start":{"line":57,"column":15},"end":{"line":61,"column":3}},"20":{"start":{"line":63,"column":2},"end":{"line":63,"column":46}},"21":{"start":{"line":65,"column":2},"end":{"line":69,"column":5}},"22":{"start":{"line":72,"column":0},"end":{"line":72,"column"
[...]
c":{"start":{"line":33,"column":29},"end":{"line":35,"column":3}},"line":33},"6":{"name":"getSpecificPostinDB","decl":{"start":{"line":38,"column":35},"end":{"line":38,"column":54}},"loc":{"start":{"line":38,"column":71},"end":{"line":49,"column":1}},"line":38},"7":{"name":"(anonymous_7)","decl":{"start":{"line":40,"column":36},"end":{"line":40,"column":37}},"loc":{"start":{"line":40,"column":51},"end":{"line":43,"column":3}},"line":40},"8":{"name":"(anonymous_8)","decl":{"start":{"line":43,"column":14},"end":{"line":43,"column":15}},"loc":{"start":{"line":43,"column":29},"end":{"line":48,"column":3}},"line":43},"9":{"name":"updatePostinDB","decl":{"start":{"line":51,"column":30},"end":{"line":51,"column":44}},"loc":{"start":{"line":51,"column":61},"end":{"line":69,"column":1}},"line":51},"10":{"name":"(anonymous_10)","decl":{"start":{"line":61,"column":17},"end":{"line":61,"column":18}},"loc":{"start":{"line":61,"column":35},"end":{"line":63,"column":3}},"line":61},"11":{"name":"(anonymous_11)","decl":{"start":{"line":63,"column":14},"end":{"line":63,"column":15}},"loc":{"start":{"line":63,"column":29},"end":{"line":68,"column":3}},"line":63},"12":{"name":"deletePostindb","decl":{"start":{"line":71,"column":30},"end":{"line":71,"column":44}},"loc":{"start":{"line":71,"column":61},"end":{"line":83,"column":1}},"line":71},"13":{"name":"(anonymous_13)","decl":{"start":{"line":75,"column":17},"end":{"line":75,"column":18}},"loc":{"start":{"line":75,"column":35},"end":{"line":77,"column":3}},"line":75},"14":{"name":"(anonymous_14)","decl":{"start":{"line":77,"column":14},"end":{"line":77,"column":15}},"loc":{"start":{"line":77,"column":29},"end":{"line":82,"column":3}},"line":77}},"branchMap":{},"s":{"0":1,"1":1,"2":1,"3":0,"4":0,"5":0,"6":0,"7":0,"8":1,"9":0,"10":0,"11":0,"12":0,"13":0,"14":1,"15":0,"16":0,"17":0,"18":0,"19":0,"20":0,"21":1,"22":0,"23":0,"24":0,"25":0,"26":0,"27":1,"28":0,"29":0,"30":0,"31":0,"32":0,"33":1},"f":{"0":0,"1":0,"2":0,"3":0,"4":0,"5":0,"6":0,"7":0,"8":0,"9":0,"10":0,"11":0,"12":0,"13":0,"14":0},"b":{},"inputSourceMap":{"version":3,"sources":["blogPost.controller.js"],"names":["mongoose","require","BlogPost","getAllPostinDB","req","res","next","find","then","docs","console","log","status","json","err","error","createBloginDB","blogpost","_id","Types","ObjectId","title","body","content","author","save","result","message","data","getSpecificPostinDB","id","params","findById","exec","doc","updatePostinDB","updateOne","$set","newTitle","newContent","newAuthor","deletePostindb","deleteOne","module","exports"],"mappings":";;AAAA,IAAMA,QAAQ,GAAGC,OAAO,CAAC,UAAD,CAAxB;;AACA,IAAMC,QAAQ,GAAGD,OAAO,CAAC,+BAAD,CAAxB;;AAEA,IAAME,cAAc,GAAG,SAAjBA,cAAiB,CAACC,GAAD,EAAMC,GAAN,EAAWC,IAAX,EAAoB;AACvCJ,EAAAA,QAAQ,CAACK,IAAT,GAECC,IAFD,CAEM,UAAAC,IAAI,EAAG;AACTC,IAAAA,OAAO,CAACC,GAAR,CAAYF,IAAZ;AACAJ,IAAAA,GAAG,CAACO,MAAJ,CAAW,GAAX,EAAgBC,IAAhB,CAAqBJ,IAArB;AACH,GALD,WAMO,UAAAK,GAAG,EAAI;AACVJ,IAAAA,OAAO,CAACC,GAAR,CAAYG,GAAZ;AACJT,IAAAA,GAAG,CAACO,MAAJ,CAAW,GAAX,EAAgBC,IAAhB,CAAqB;AACjBE,MAAAA,KAAK,EAAED;AADU,KAArB;AAGH,GAXG;AAYH,CAbD;;AAcC,IAAME,cAAc,GAAG,SAAjBA,cAAiB,CAACZ,GAAD,EAAMC,GAAN,EAAWC,IAAX,EAAmB;AACvC,MAAMW,QAAQ,GAAG,IAAIf,QAAJ,CAAa;AAC1BgB,IAAAA,GAAG,EAAC,IAAIlB,QAAQ,CAACmB,KAAT,CAAeC,QAAnB,EADsB;AAE1BC,IAAAA,KAAK,EAAEjB,GAAG,CAACkB,IAAJ,CAASD,KAFU;AAG1BE,IAAAA,OAAO,EAAEnB,GAAG,CAACkB,IAAJ,CAASC,OAHQ;AAI1BC,IAAAA,MAAM,EAAEpB,GAAG,CAACkB,IAAJ,CAASE;AAJS,GAAb,CAAjB;AAMAP,EAAAA,QAAQ,CAACQ,IAAT,GAAgBjB,IAAhB,CAAqB,UAAAkB,MAAM,EAAI;AAC3BhB,IAAAA,OAAO,CAACC,GAAR,CAAYe,MAAZ;AACArB,IAAAA,GAAG,CAACO,MAAJ,CAAW,GAAX,EAAgBC,IAAhB,CAAqB;AACjBc,MAAAA,OAAO,EAAE,2BADQ;AAEjB;AACAC,MAAAA,IAAI,EAACF;AAHY,KAArB;AAKH,GAPD,WAOS,UAAAZ,GAAG;AAAA,WAAIJ,OAAO,CAACC,GAAR,CAAYG,GAAZ,CAAJ;AAAA,GAPZ;AASH,CAhBA;;AAiBA,IAAMe,mBAAmB,GAAG,SAAtBA,mBAAsB,CAACzB,GAAD,EAAMC,GAAN,EAAWC,IAAX,EAAoB;AAC7C,MAAMwB,EAAE,GAAG1B,GAAG,CAAC2B,MAAJ,CAAWD,EAAtB;AACA5B,EAAAA,QAAQ,CAAC8B,QAAT,CAAkBF,EAAlB,EACCG,IADD,GAECzB,IAFD,CAEM,UAAA0B,GAAG,EAAG;AACRxB,IAAAA,OAAO,CAACC,GAAR,CAAYuB,GAAZ;AACA7B,IAAAA,GAAG,CAACO,MAAJ,CAAW,GAAX,EAAgBC,IAAhB,CAAqBqB,GAArB;AACH,GALD,WAMO,UAAApB,GAAG,EAAI;AACVJ,IAAAA,OAAO,CAACC,GAAR,CAAYG,GAAZ;AACJT,IAAAA,GAAG,CAACO,MAAJ,CAAW,GAAX,EAAgBC,IAAhB,CAAqB;AACjBE,MAAAA,KAAK,EAAED;AADU,KAArB;AAGC,GAXD;AAYH,CAdA;;AAeD,IAAMqB,cAAc,GAAG,SAAjBA,cAAiB,CAAC/B,GAAD,EAAMC,GAAN,EAAWC,IAAX,EAAoB;AACvC,MAAMwB,EAAE,GAAG1B,GAAG,CAAC2B,MAAJ,CAAWD,EAAtB;AACA5B,EAAAA,QAAQ,CAACkC,SAAT,CAAmB;AAAElB,IAAAA,GAAG,EAAEY;AAAP,GAAnB,EAAiC;AAACO,IAAAA,IAAI,EAAE;AAAChB,MAAAA,KAAK,EAACjB,GAAG,CAACkB,IAAJ,CAASgB,QAAhB;AAA0Bf,MAAAA,OAAO,EAAEnB,GAAG,CAACkB,IAAJ,CAASiB,UAA5C;AAAwDf,MAAAA,MAAM,EAAEpB,GAAG,CAACkB,IAAJ,CAASkB;AAAzE;AAAP,GAAjC,EACCP,IADD,GACQzB,IADR,CACc,UAAAkB,MAAM,EAAI;AACpBrB,IAAAA,GAAG,CAACO,MAAJ,CAAW,GAAX,EAAgBC,IAAhB,CAAqBa,MAArB;AACH,GAHD,WAGS,UAAAZ,GAAG,EAAG;AACXJ,IAAAA,OAAO,CAACC,GAAR,CAAYG,GAAZ;AACAT,IAAAA,GAAG,CAACO,MAAJ,CAAW,GAAX,EAAgBC,IAAhB,CAAqB;AACjBE,MAAAA,KAAK,EAAED;AADU,KAArB;AAGP,GARG;AASH,CAXD;;AAYA,IAAM2B,cAAc,GAAG,SAAjBA,cAAiB,CAACrC,GAAD,EAAMC,GAAN,EAAWC,IAAX,EAAoB;AACvC,MAAMwB,EAAE,GAAG1B,GAAG,CAAC2B,MAAJ,CAAWD,EAAtB;AACA5B,EAAAA,QAAQ,CAACwC,SAAT,CAAmB;AAAExB,IAAAA,GAAG,EAAEY;AAAP,GAAnB,EAAgCG,IAAhC,GAAuCzB,IAAvC,CAA6C,UAAAkB,MAAM,EAAI;AACnDrB,IAAAA,GAAG,CAACO,MAAJ,CAAW,GAAX,EAAgBC,IAAhB,CAAqBa,MAArB;AACH,GAFD,WAES,UAAAZ,GAAG,EAAG;AACXJ,IAAAA,OAAO,CAACC,GAAR,CAAYG,GAAZ;AACAT,IAAAA,GAAG,CAACO,MAAJ,CAAW,GAAX,EAAgBC,IAAhB,CAAqB;AACjBE,MAAAA,KAAK,EAAED;AADU,KAArB;AAGH,GAPD;AAQH,CAVD;;AAYA6B,MAAM,CAACC,OAAP,GAAiB;AACb5B,EAAAA,cAAc,EAAdA,cADa;AAEba,EAAAA,mBAAmB,EAAnBA,mBAFa;AAGb1B,EAAAA,cAAc,EAAdA,cAHa;AAIbgC,EAAAA,cAAc,EAAdA,cAJa;AAKbM,EAAAA,cAAc,EAAdA;AALa,CAAjB","sourceRoot":"C:\\Users\\hp\\Desktop\\backend-blog-api\\SRC\\controllersMongoDB\\","sourcesContent":["const mongoose = require('mongoose');\r\nconst BlogPost = require('../models/blogpost.collection');\r\n\r\nconst getAllPostinDB = (req, res, next) => {\r\n    BlogPost.find()\r\n  \r\n    .then(docs =>{\r\n        console.log(docs);\r\n        res.status(200).json(docs)\r\n    })\r\n    .catch(err => {\r\n        console.log(err);\r\n    res.status(500).json({\r\n        error: err\r\n    });\r\n});\r\n}\r\n const createBloginDB = (req, res, next) =>{\r\n    const blogpost = new BlogPost({\r\n        _id:new mongoose.Types.ObjectId(),\r\n        title: req.body.title,\r\n        content: req.body.content,\r\n        author: req.body.author\r\n    });\r\n    blogpost.save().then(result => {\r\n        console.log(result);\r\n        res.status(201).json({\r\n            message: \"Post successfully created\",\r\n            // createBloginDB: blogpost,\r\n            data:result\r\n        });\r\n    }).catch(err => console.log(err));\r\n   \r\n}\r\n const getSpecificPostinDB = (req, res, next) => {\r\n    const id = req.params.id;\r\n    BlogPost.findById(id)\r\n    .exec()\r\n    .then(doc =>{\r\n        console.log(doc);\r\n        res.status(200).json(doc)\r\n    })\r\n    .catch(err => {\r\n        console.log(err);\r\n    res.status(500).json({\r\n        error: err\r\n    });\r\n    });\r\n}\r\nconst updatePostinDB = (req, res, next) => {\r\n    const id = req.params.id;\r\n    BlogPost.updateOne({ _id: id } , {$set: {title:req.body.newTitle, content: req.body.newContent, author: req.body.newAuthor}})\r\n    .exec().then( result => {\r\n        res.status(200).json(result);\r\n    }).catch(err =>{\r\n        console.log(err);\r\n        res.status(500).json({\r\n            error: err\r\n        });\r\n});\r\n}\r\nconst deletePostindb = (req, res, next) => {\r\n    const id = req.params.id;\r\n    BlogPost.deleteOne({ _id: id }).exec().then( result => {\r\n        res.status(200).json(result);\r\n    }).catch(err =>{\r\n        console.log(err);\r\n        res.status(500).json({\r\n            error: err\r\n        });\r\n    });\r\n}\r\n\r\nmodule.exports = {\r\n    createBloginDB,\r\n    getSpecificPostinDB,\r\n    getAllPostinDB,\r\n    updatePostinDB,\r\n    deletePostindb\r\n};\r\n"]},"_coverageSchema":"1a1c01bbd47fc00a2c39e90264f33305004495a9","hash":"a5473177550cb3712d36e869228327aeeb53e648","contentHash":"7b50151e10c2451f90560694c3efa880f413713b98e22fdfe4537dc734984800"},"C:\\Users\\hp\\Desktop\\backend-blog-api\\SRC\\models\\blogpost.collection.js":{"path":"C:\\Users\\hp\\Desktop\\backend-blog-api\\SRC\\models\\blogpost.collection.js","statementMap":{"0":{"start":{"line":3,"column":15},"end":{"line":3,"column":34}},"1":{"start":{"line":5,"column":17},"end":{"line":10,"column":2}},"2":{"start":{"line":11,"column":0},"end":{"line":11,"column":56}}},"fnMap":{},"branchMap":{},"s":{"0":1,"1":1,"2":1},"f":{},"b":{},"inputSourceMap":{"version":3,"sources":["blogpost.collection.js"],"names":["mongoose","require","postSchema","Schema","_id","Types","ObjectId","title","String","content","author","module","exports","model"],"mappings":";;AAAA,IAAMA,QAAQ,GAAGC,OAAO,CAAC,UAAD,CAAxB;;AAEA,IAAMC,UAAU,GAAGF,QAAQ,CAACG,MAAT,CAAgB;AAC/BC,EAAAA,GAAG,EAAGJ,QAAQ,CAACG,MAAT,CAAgBE,KAAhB,CAAsBC,QADG;AAE/BC,EAAAA,KAAK,EAAEC,MAFwB;AAG/BC,EAAAA,OAAO,EAAED,MAHsB;AAI/BE,EAAAA,MAAM,EAACF;AAJwB,CAAhB,CAAnB;AAMAG,MAAM,CAACC,OAAP,GAAiBZ,QAAQ,CAACa,KAAT,CAAe,UAAf,EAA0BX,UAA1B,CAAjB","sourceRoot":"C:\\Users\\hp\\Desktop\\backend-blog-api\\SRC\\models\\","sourcesContent":["const mongoose = require('mongoose');\r\n\r\nconst postSchema = mongoose.Schema({\r\n    _id : mongoose.Schema.Types.ObjectId,\r\n    title: String,\r\n    content: String,\r\n    author:String\r\n});\r\nmodule.exports = mongoose.model('BlogPost',postSchema);"]},"_coverageSchema":"1a1c01bbd47fc00a2c39e90264f33305004495a9","hash":"27108832f626ea03f17ce1c283897104fc84cde5","contentHash":"dda306ed4a0f450c8742bdea7e975dad6d7681a5f9bd3b6c0f84e5edb6a4c22f"},"C:\\Users\\hp\\Desktop\\backend-blog-api\\SRC\\routes\\message.route.db.js":{"path":"C:\\Users\\hp\\Desktop\\backend-blog-api\\SRC\\routes\\message.route.db.js","statementMap":{"0":{"start":{"line":3,"column":0},"end":{"line":5,"column":3}},"1":{"start":{"line":6,"column":0},"end":{"line":6,"column":28}},"2":{"start":{"line":8,"column":27},"end":{"line":8,"column":83}},"3":{"start":{"line":10,"column":15},"end":{"line":10,"column":57}},"4":{"start":{"line":12,"column":39},"end":{"line":12,"column":95}},"5":{"start":{"line":14,"column":15},"end":{"line":14,"column":34}},"6":{"start":{"line":16,"column":21},"end":{"line":16,"column":64}},"7":{"start":{"line":18,"column":13},"end":{"line":18,"column":41}},"8":{"start":{"line":20,"column":0},"end":{"line":20,"column":70}},"9":{"start":{"line":21,"column":0},"end":{"line":21,"column":62}},"10":{"start":{"line":22,"column":15},"end":{"line":22,"column":21}},"11":{"start":{"line":23,"column":0},"end":{"line":23,"column":30}}},"fnMap":{"0":{"name":"_interopRequireDefault","decl":{"start":{"line":12,"column":9},"end":{"line":12,"column":31}},"loc":{"start":{"line":12,"column":37},"end":{"line":12,"column":97}},"line":12}},"branchMap":{"0":{"loc":{"start":{"line":12,"column":46},"end":{"line":12,"column":94}},"type":"cond-expr","locations":[{"start":{"line":12,"column":70},"end":{"line":12,"column":73}},{"start":{"line":12,"column":76},"end":{"line":12,"column":94}}],"line":12},"1":{"loc":{"start":{"line":12,"column":46},"end":{"line":12,"column":67}},"type":"binary-expr","locations":[{"start":{"line":12,"column":46},"end":{"line":12,"column":49}},{"start":{"line":12,"column":53},"end":{"line":12,"column":67}}],"line":12}},"s":{"0":1,"1":1,"2":1,"3":1,"4":1,"5":1,"6":1,"7":1,"8":1,"9":1,"10":1,"11":1},"f":{"0":1},"b":{"0":[0,1],"1":[1,1]},"inputSourceMap":{"version":3,"sources":["message.route.db.js"],"names":["mongoose","require","MessageContact","router","express","Router","get","getSpecificMsginDB","post","createMsginDB"],"mappings":";;;;;;;AAGA;;AAEA;;;;AALA,IAAMA,QAAQ,GAAGC,OAAO,CAAC,UAAD,CAAxB;;AACA,IAAMC,cAAc,GAAGD,OAAO,CAAC,kCAAD,CAA9B;;AAKA,IAAME,MAAM,GAAGC,oBAAQC,MAAR,EAAf;;AAEAF,MAAM,CAACG,GAAP,CAAW,gBAAX,EAA6BC,uCAA7B;AAEAJ,MAAM,CAACK,IAAP,CAAY,YAAZ,EAA0BC,kCAA1B;eACgBN,M","sourceRoot":"C:\\Users\\hp\\Desktop\\backend-blog-api\\SRC\\routes\\","sourcesContent":["const mongoose = require('mongoose');\r\nconst MessageContact = require('../models/messages.collection.db');\r\n\r\nimport {getSpecificMsginDB,createMsginDB} from '../controllersMongoDB/messages.controllers.db';\r\n \r\nimport express from 'express';\r\nconst router = express.Router();\r\n\r\nrouter.get('/messagedb/:id', getSpecificMsginDB)\r\n\r\nrouter.post('/messagedb', createMsginDB );\r\n export default router;  "]},"_coverageSchema":"1a1c01bbd47fc00a2c39e90264f33305004495a9","hash":"10667f1e49fd5aabede6cadc6ffec629cd20cef8","contentHash":"14d768b3ab797bd1dbfe2b60437c3e6155b05418fc89747737acf023c579158f"},"C:\\Users\\hp\\Desktop\\backend-blog-api\\SRC\\controllersMongoDB\\messages.controllers.db.js":{"path":"C:\\Users\\hp\\Desktop\\backend-blog-api\\SRC\\controllersMongoDB\\messages.controllers.db.js","statementMap":{"0":{"start":{"line":3,"column":15},"end":{"line":3,"column":34}},"1":{"start":{"line":5,"column":21},"end":{"line":5,"column":64}},"2":{"start":{"line":7,"column":20},"end":{"line":24,"column":1}},"3":{"start":{"line":8,"column":23},"end":{"line":14,"column":4}},"4":{"start":{"line":15,"column":2},"end":{"line":19,"column":5}},"5":{"start":{"line":16,"column":4},"end":{"line":16,"column":24}},"6":{"start":{"line":18,"column":4},"end":{"line":18,"column":28}},"7":{"start":{"line":20,"column":2},"end":{"line":23,"column":5}},"8":{"start":{"line":26,"column":25},"end":{"line":37,"column":1}},"9":{"start":{"line":27,"column":11},"end":{"line":27,"column":24}},"10":{"start":{"line":28,"column":2},"end":{"line":33,"column":5}},"11":{"start":{"line":29,"column":4},"end":{"line":29,"column":21}},"12":{"start":{"line":30,"column":4},"end":{"line":30,"column":30}},"13":{"start":{"line":32,"column":4},"end":{"line":32,"column":28}},"14":{"start":{"line":34,"column":2},"end":{"line":36,"column":5}},"15":{"start":{"line":39,"column":0},"end":{"line":42,"column":2}}},"fnMap":{"0":{"name":"createMsginDB","decl":{"start":{"line":7,"column":29},"end":{"line":7,"column":42}},"loc":{"start":{"line":7,"column":59},"end":{"line":24,"column":1}},"line":7},"1":{"name":"(anonymous_1)","decl":{"start":{"line":15,"column":29},"end":{"line":15,"column":30}},"loc":{"start":{"line":15,"column":47},"end":{"line":17,"column":3}},"line":15},"2":{"name":"(anonymous_2)","decl":{"start":{"line":17,"column":14},"end":{"line":17,"column":15}},"loc":{"start":{"line":17,"column":29},"end":{"line":19,"column":3}},"line":17},"3":{"name":"getSpecificMsginDB","decl":{"start":{"line":26,"column":34},"end":{"line":26,"column":52}},"loc":{"start":{"line":26,"column":69},"end":{"line":37,"column":1}},"line":26},"4":{"name":"(anonymous_4)","decl":{"start":{"line":28,"column":36},"end":{"line":28,"column":37}},"loc":{"start":{"line":28,"column":51},"end":{"line":31,"column":3}},"line":28},"5":{"name":"(anonymous_5)","decl":{"start":{"line":31,"column":14},"end":{"line":31,"column":15}},"loc":{"start":{"line":31,"column":29},"end":{"line":33,"column":3}},"line":31}},"branchMap":{},"s":{"0":1,"1":1,"2":1,"3":0,"4":0,"5":0,"6":0,"7":0,"8":1,"9":0,"10":0,"11":0,"12":0,"13":0,"14":0,"15":1},"f":{"0":0,"1":0,"2":0,"3":0,"4":0,"5":0},"b":{},"inputSourceMap":{"version":3,"sources":["messages.controllers.db.js"],"names":["mongoose","require","MessageContact","createMsginDB","req","res","next","messageContact","_id","Types","ObjectId","email","body","name","msg","save","then","result","console","log","err","status","json","message","getSpecificMsginDB","id","params","BlogPost","findById","exec","doc","module","exports"],"mappings":";;AAAA,IAAMA,QAAQ,GAAGC,OAAO,CAAC,UAAD,CAAxB;;AACA,IAAMC,cAAc,GAAGD,OAAO,CAAC,kCAAD,CAA9B;;AAEC,IAAME,aAAa,GAAG,SAAhBA,aAAgB,CAACC,GAAD,EAAMC,GAAN,EAAWC,IAAX,EAAmB;AACtC,MAAMC,cAAc,GAAG,IAAIL,cAAJ,CAAmB;AACtCM,IAAAA,GAAG,EAAC,IAAIR,QAAQ,CAACS,KAAT,CAAeC,QAAnB,EADkC;AAEtCC,IAAAA,KAAK,EAAEP,GAAG,CAACQ,IAAJ,CAASD,KAFsB;AAGtCE,IAAAA,IAAI,EAAET,GAAG,CAACQ,IAAJ,CAASC,IAHuB;AAItCC,IAAAA,GAAG,EAAEV,GAAG,CAACQ,IAAJ,CAASE,GAJwB,CAKtC;;AALsC,GAAnB,CAAvB;AAOAP,EAAAA,cAAc,CAACQ,IAAf,GAAsBC,IAAtB,CAA2B,UAAAC,MAAM,EAAI;AACjCC,IAAAA,OAAO,CAACC,GAAR,CAAYF,MAAZ;AACH,GAFD,WAES,UAAAG,GAAG;AAAA,WAAIF,OAAO,CAACC,GAAR,CAAYC,GAAZ,CAAJ;AAAA,GAFZ;AAGAf,EAAAA,GAAG,CAACgB,MAAJ,CAAW,GAAX,EAAgBC,IAAhB,CAAqB;AACjBC,IAAAA,OAAO,EAAE,0CADQ;AAEjBpB,IAAAA,aAAa,EAAEI;AAFE,GAArB;AAIH,CAfA;;AAgBA,IAAMiB,kBAAkB,GAAG,SAArBA,kBAAqB,CAACpB,GAAD,EAAMC,GAAN,EAAWC,IAAX,EAAoB;AAC5C,MAAMmB,EAAE,GAAGrB,GAAG,CAACsB,MAAJ,CAAWD,EAAtB;AACAE,EAAAA,QAAQ,CAACC,QAAT,CAAkBH,EAAlB,EACCI,IADD,GAECb,IAFD,CAEM,UAAAc,GAAG,EAAG;AACRZ,IAAAA,OAAO,CAACC,GAAR,CAAYW,GAAZ;AACAzB,IAAAA,GAAG,CAACgB,MAAJ,CAAW,GAAX,EAAgBC,IAAhB,CAAqBQ,GAArB;AACH,GALD,WAKS,UAAAV,GAAG;AAAA,WAAIF,OAAO,CAACC,GAAR,CAAYC,GAAZ,CAAJ;AAAA,GALZ;AAMAf,EAAAA,GAAG,CAACgB,MAAJ,CAAW,GAAX,EAAgBC,IAAhB,CAAqB;AACjBC,IAAAA,OAAO,EAAE;AADQ,GAArB;AAGH,CAXA;;AAYDQ,MAAM,CAACC,OAAP,GAAiB;AACb7B,EAAAA,aAAa,EAAbA,aADa;AAEbqB,EAAAA,kBAAkB,EAAlBA;AAFa,CAAjB","sourceRoot":"C:\\Users\\hp\\Desktop\\backend-blog-api\\SRC\\controllersMongoDB\\","sourcesContent":["const mongoose = require('mongoose');\r\nconst MessageContact = require('../models/messages.collection.db');\r\n\r\n const createMsginDB = (req, res, next) =>{\r\n    const messageContact = new MessageContact({\r\n        _id:new mongoose.Types.ObjectId(),\r\n        email: req.body.email,\r\n        name: req.body.name,\r\n        msg: req.body.msg,\r\n        // date:req.body.date\r\n    });\r\n    messageContact.save().then(result => {\r\n        console.log(result);\r\n    }).catch(err => console.log(err));\r\n    res.status(201).json({\r\n        message: \"handling POST request to /MessageContact\",\r\n        createMsginDB: messageContact\r\n    });\r\n}\r\n const getSpecificMsginDB = (req, res, next) => {\r\n    const id = req.params.id;\r\n    BlogPost.findById(id)\r\n    .exec()\r\n    .then(doc =>{\r\n        console.log(doc);\r\n        res.status(200).json(doc)\r\n    }).catch(err => console.log(err));\r\n    res.status(500).json({\r\n        message: \"not working\"\r\n    });\r\n};\r\nmodule.exports = {\r\n    createMsginDB,\r\n    getSpecificMsginDB,\r\n};\r\n "]},"_coverageSchema":"1a1c01bbd47fc00a2c39e90264f33305004495a9","hash":"a54c964e6b1c0d9f872df91b6c3699b6a7ad672a","contentHash":"0106ec44fadcbbd25b793069b11ed2db4eb71a8606b1d3e5018cb4eae0cee664"},"C:\\Users\\hp\\Desktop\\backend-blog-api\\SRC\\models\\messages.collection.db.js":{"path":"C:\\Users\\hp\\Desktop\\backend-blog-api\\SRC\\models\\messages.collection.db.js","statementMap":{"0":{"start":{"line":3,"column":15},"end":{"line":3,"column":34}},"1":{"start":{"line":5,"column":20},"end":{"line":11,"column":2}},"2":{"start":{"line":12,"column":0},"end":{"line":12,"column":65}}},"fnMap":{},"branchMap":{},"s":{"0":1,"1":1,"2":1},"f":{},"b":{},"inputSourceMap":{"version":3,"sources":["messages.collection.db.js"],"names":["mongoose","require","messageSchema","Schema","_id","Types","ObjectId","email","String","name","msg","module","exports","model"],"mappings":";;AAAA,IAAMA,QAAQ,GAAGC,OAAO,CAAC,UAAD,CAAxB;;AAEA,IAAMC,aAAa,GAAGF,QAAQ,CAACG,MAAT,CAAgB;AAClCC,EAAAA,GAAG,EAAGJ,QAAQ,CAACG,MAAT,CAAgBE,KAAhB,CAAsBC,QADM;AAElCC,EAAAA,KAAK,EAAEC,MAF2B;AAGrCC,EAAAA,IAAI,EAAED,MAH+B;AAIrCE,EAAAA,GAAG,EAAEF,MAJgC,CAKrC;;AALqC,CAAhB,CAAtB;AAOAG,MAAM,CAACC,OAAP,GAAiBZ,QAAQ,CAACa,KAAT,CAAe,gBAAf,EAAgCX,aAAhC,CAAjB","sourceRoot":"C:\\Users\\hp\\Desktop\\backend-blog-api\\SRC\\models\\","sourcesContent":["const mongoose = require('mongoose');\r\n\r\nconst messageSchema = mongoose.Schema({\r\n    _id : mongoose.Schema.Types.ObjectId,\r\n    email: String,\r\n\tname: String,\r\n\tmsg: String\r\n\t// date: new Date(),\r\n});\r\nmodule.exports = mongoose.model('MessageContact',messageSchema);"]},"_coverageSchema":"1a1c01bbd47fc00a2c39e90264f33305004495a9","hash":"7727496828fa014fb7b23a7d6ac07fdf846bc41c","contentHash":"b9bd15c5eafd7d0fc8efb1fef3054ed0615bf2cdd943fc4cfce2a0a914ed9e1d"}}