{"C:\\Users\\hp\\Desktop\\backend-blog-api\\SRC\\index.js":{"path":"C:\\Users\\hp\\Desktop\\backend-blog-api\\SRC\\index.js","statementMap":{"0":{"start":{"line":3,"column":0},"end":{"line":5,"column":3}},"1":{"start":{"line":6,"column":0},"end":{"line":6,"column":28}},"2":{"start":{"line":8,"column":15},"end":{"line":8,"column":57}},"3":{"start":{"line":10,"column":18},"end":{"line":10,"column":72}},"4":{"start":{"line":12,"column":21},"end":{"line":12,"column":78}},"5":{"start":{"line":14,"column":18},"end":{"line":14,"column":75}},"6":{"start":{"line":16,"column":21},"end":{"line":16,"column":78}},"7":{"start":{"line":18,"column":18},"end":{"line":18,"column":72}},"8":{"start":{"line":20,"column":18},"end":{"line":20,"column":64}},"9":{"start":{"line":22,"column":18},"end":{"line":22,"column":85}},"10":{"start":{"line":24,"column":21},"end":{"line":24,"column":91}},"11":{"start":{"line":26,"column":22},"end":{"line":26,"column":93}},"12":{"start":{"line":28,"column":19},"end":{"line":28,"column":86}},"13":{"start":{"line":30,"column":39},"end":{"line":30,"column":95}},"14":{"start":{"line":32,"column":10},"end":{"line":32,"column":36}},"15":{"start":{"line":33,"column":0},"end":{"line":35,"column":4}},"16":{"start":{"line":36,"column":0},"end":{"line":36,"column":39}},"17":{"start":{"line":37,"column":0},"end":{"line":37,"column":37}},"18":{"start":{"line":38,"column":0},"end":{"line":38,"column":40}},"19":{"start":{"line":39,"column":0},"end":{"line":39,"column":41}},"20":{"start":{"line":40,"column":0},"end":{"line":40,"column":38}},"21":{"start":{"line":42,"column":11},"end":{"line":42,"column":35}},"22":{"start":{"line":43,"column":0},"end":{"line":45,"column":3}},"23":{"start":{"line":44,"column":2},"end":{"line":44,"column":63}},"24":{"start":{"line":46,"column":0},"end":{"line":46,"column":36}},"25":{"start":{"line":47,"column":0},"end":{"line":49,"column":4}},"26":{"start":{"line":50,"column":0},"end":{"line":54,"column":3}},"27":{"start":{"line":51,"column":2},"end":{"line":53,"column":5}},"28":{"start":{"line":55,"column":0},"end":{"line":55,"column":37}},"29":{"start":{"line":56,"column":0},"end":{"line":56,"column":40}},"30":{"start":{"line":57,"column":0},"end":{"line":57,"column":37}},"31":{"start":{"line":58,"column":0},"end":{"line":58,"column":40}},"32":{"start":{"line":59,"column":0},"end":{"line":59,"column":37}},"33":{"start":{"line":60,"column":15},"end":{"line":60,"column":18}},"34":{"start":{"line":61,"column":0},"end":{"line":61,"column":30}}},"fnMap":{"0":{"name":"_interopRequireDefault","decl":{"start":{"line":30,"column":9},"end":{"line":30,"column":31}},"loc":{"start":{"line":30,"column":37},"end":{"line":30,"column":97}},"line":30},"1":{"name":"(anonymous_1)","decl":{"start":{"line":43,"column":17},"end":{"line":43,"column":18}},"loc":{"start":{"line":43,"column":29},"end":{"line":45,"column":1}},"line":43},"2":{"name":"(anonymous_2)","decl":{"start":{"line":50,"column":13},"end":{"line":50,"column":14}},"loc":{"start":{"line":50,"column":33},"end":{"line":54,"column":1}},"line":50}},"branchMap":{"0":{"loc":{"start":{"line":30,"column":46},"end":{"line":30,"column":94}},"type":"cond-expr","locations":[{"start":{"line":30,"column":70},"end":{"line":30,"column":73}},{"start":{"line":30,"column":76},"end":{"line":30,"column":94}}],"line":30},"1":{"loc":{"start":{"line":30,"column":46},"end":{"line":30,"column":67}},"type":"binary-expr","locations":[{"start":{"line":30,"column":46},"end":{"line":30,"column":49}},{"start":{"line":30,"column":53},"end":{"line":30,"column":67}}],"line":30},"2":{"loc":{"start":{"line":42,"column":11},"end":{"line":42,"column":35}},"type":"binary-expr","locations":[{"start":{"line":42,"column":11},"end":{"line":42,"column":27}},{"start":{"line":42,"column":31},"end":{"line":42,"column":35}}],"line":42}},"s":{"0":1,"1":1,"2":1,"3":1,"4":1,"5":1,"6":1,"7":1,"8":1,"9":1,"10":1,"11":1,"12":1,"13":11,"14":1,"15":1,"16":1,"17":1,"18":1,"19":1,"20":1,"21":1,"22":1,"23":1,"24":1,"25":1,"26":1,"27":0,"28":1,"29":1,"30":1,"31":1,"32":1,"33":1,"34":1},"f":{"0":11,"1":1,"2":0},"b":{"0":[9,2],"1":[11,11],"2":[1,1]},"inputSourceMap":{"version":3,"sources":["index.js"],"names":["app","use","bodyParser","urlencoded","extended","json","routes","routeMsgTst","routeCmtTst","routeUserTst","port","process","env","PORT","listen","console","log","express","get","req","res","status","message","UsaRoute","MessRoute","posRoute","commentiRoute","authRoute"],"mappings":";;;;;;;AACA;;AACA;;AACA;;AACA;;AACA;;AACA;;AACA;;AACA;;AACA;;AACA;;AACA;;;;AAGA,IAAMA,GAAG,GAAG,0BAAZ;AAEAA,GAAG,CAACC,GAAJ,CAAQC,uBAAWC,UAAX,CAAsB;AAAEC,EAAAA,QAAQ,EAAC;AAAX,CAAtB,CAAR;AACAJ,GAAG,CAACC,GAAJ,CAAQC,uBAAWG,IAAX,EAAR;AACAL,GAAG,CAACC,GAAJ,CAAQ,GAAR,EAAaK,sBAAb;AACAN,GAAG,CAACC,GAAJ,CAAQ,GAAR,EAAYM,yBAAZ;AACAP,GAAG,CAACC,GAAJ,CAAQ,GAAR,EAAaO,0BAAb;AACAR,GAAG,CAACC,GAAJ,CAAQ,GAAR,EAAaQ,uBAAb,E,CAEA;;AACA,IAAMC,IAAI,GAAGC,OAAO,CAACC,GAAR,CAAYC,IAAZ,IAAoB,IAAjC;AACAb,GAAG,CAACc,MAAJ,CAAWJ,IAAX,EAAiB;AAAA,SAAMK,OAAO,CAACC,GAAR,6BAAiCN,IAAjC,SAAN;AAAA,CAAjB;AACAV,GAAG,CAACC,GAAJ,CAAQgB,oBAAQZ,IAAR,EAAR;AACAL,GAAG,CAACC,GAAJ,CAAQgB,oBAAQd,UAAR,CAAmB;AAAEC,EAAAA,QAAQ,EAAE;AAAZ,CAAnB,CAAR;AACAJ,GAAG,CAACkB,GAAJ,CAAQ,GAAR,EAAa,UAACC,GAAD,EAAMC,GAAN;AAAA,SAAcA,GAAG,CAACC,MAAJ,CAAW,GAAX,EAAgBhB,IAAhB,CAAqB;AAAEiB,IAAAA,OAAO,EAAE;AAAX,GAArB,CAAd;AAAA,CAAb;AACAtB,GAAG,CAACC,GAAJ,CAAQ,GAAR,EAAYsB,sBAAZ;AACAvB,GAAG,CAACC,GAAJ,CAAQ,GAAR,EAAYuB,yBAAZ;AACAxB,GAAG,CAACC,GAAJ,CAAQ,GAAR,EAAYwB,sBAAZ;AACAzB,GAAG,CAACC,GAAJ,CAAQ,GAAR,EAAYyB,yBAAZ;AACA1B,GAAG,CAACC,GAAJ,CAAQ,GAAR,EAAY0B,sBAAZ;eACe3B,G","sourceRoot":"C:\\Users\\hp\\Desktop\\backend-blog-api\\SRC\\","sourcesContent":["\r\nimport express from 'express';\r\nimport UsaRoute from './routes/usersRoute';\r\nimport MessRoute from './routes/messagesRoute';\r\nimport posRoute from './routes/postsRoute.js';\r\nimport commentiRoute from './routes/commentsRoute';\r\nimport authRoute from './routes/authRoutes';\r\nimport bodyParser from 'body-parser';\r\nimport routes from './routesTesting/post.routes.test';\r\nimport routeMsgTst from './routesTesting/message.routes.test';\r\nimport routeCmtTst from './routesTesting/comments.routes.test';\r\nimport routeUserTst from './routesTesting/users.route.test';\r\n\r\n\r\nconst app = express();\r\n\r\napp.use(bodyParser.urlencoded({ extended:true }));\r\napp.use(bodyParser.json());\r\napp.use('/', routes);\r\napp.use('/',routeMsgTst);\r\napp.use('/', routeCmtTst);\r\napp.use('/', routeUserTst);\r\n\r\n//PORT\r\nconst port = process.env.PORT || 5000;\r\napp.listen(port, () => console.log(`listening on port ${port}...`));\r\napp.use(express.json());\r\napp.use(express.urlencoded({ extended: false }));\r\napp.get('/', (req, res) => res.status(200).json({ message: 'Welcome To Backend-blog-api Project ' }));\r\napp.use('/',UsaRoute);\r\napp.use('/',MessRoute);\r\napp.use('/',posRoute);\r\napp.use('/',commentiRoute);\r\napp.use('/',authRoute);\r\nexport default app;"]},"_coverageSchema":"1a1c01bbd47fc00a2c39e90264f33305004495a9","hash":"e6e009f0f1bc64faf9e5e0d00b2f6996ee52a1f4","contentHash":"277ab77218af9f4d66ada8ae70cba175199664442e160b5f1021b61279301688"},"C:\\Users\\hp\\Desktop\\backend-blog-api\\SRC\\routes\\usersRoute.js":{"path":"C:\\Users\\hp\\Desktop\\backend-blog-api\\SRC\\routes\\usersRoute.js","statementMap":{"0":{"start":{"line":3,"column":0},"end":{"line":5,"column":3}},"1":{"start":{"line":6,"column":0},"end":{"line":6,"column":28}},"2":{"start":{"line":8,"column":15},"end":{"line":8,"column":57}},"3":{"start":{"line":10,"column":13},"end":{"line":10,"column":44}},"4":{"start":{"line":12,"column":39},"end":{"line":12,"column":95}},"5":{"start":{"line":14,"column":13},"end":{"line":14,"column":41}},"6":{"start":{"line":16,"column":0},"end":{"line":16,"column":41}},"7":{"start":{"line":17,"column":0},"end":{"line":17,"column":35}},"8":{"start":{"line":18,"column":0},"end":{"line":18,"column":44}},"9":{"start":{"line":19,"column":0},"end":{"line":19,"column":39}},"10":{"start":{"line":20,"column":0},"end":{"line":20,"column":49}},"11":{"start":{"line":21,"column":15},"end":{"line":21,"column":21}},"12":{"start":{"line":22,"column":0},"end":{"line":22,"column":30}}},"fnMap":{"0":{"name":"_interopRequireDefault","decl":{"start":{"line":12,"column":9},"end":{"line":12,"column":31}},"loc":{"start":{"line":12,"column":37},"end":{"line":12,"column":97}},"line":12}},"branchMap":{"0":{"loc":{"start":{"line":12,"column":46},"end":{"line":12,"column":94}},"type":"cond-expr","locations":[{"start":{"line":12,"column":70},"end":{"line":12,"column":73}},{"start":{"line":12,"column":76},"end":{"line":12,"column":94}}],"line":12},"1":{"loc":{"start":{"line":12,"column":46},"end":{"line":12,"column":67}},"type":"binary-expr","locations":[{"start":{"line":12,"column":46},"end":{"line":12,"column":49}},{"start":{"line":12,"column":53},"end":{"line":12,"column":67}}],"line":12}},"s":{"0":1,"1":1,"2":1,"3":1,"4":1,"5":1,"6":1,"7":1,"8":1,"9":1,"10":1,"11":1,"12":1},"f":{"0":1},"b":{"0":[0,1],"1":[1,1]},"inputSourceMap":{"version":3,"sources":["usersRoute.js"],"names":["router","express","Router","post","getAllUsers","get","getAll","getUserById","put","update","deleteUser"],"mappings":";;;;;;;AAAA;;AACA;;;;AAEA,IAAMA,MAAM,GAAGC,oBAAQC,MAAR,EAAf;;AACAF,MAAM,CAACG,IAAP,CAAY,OAAZ,EAAqBC,kBAArB;AACAJ,MAAM,CAACK,GAAP,CAAW,OAAX,EAAoBC,aAApB;AACAN,MAAM,CAACK,GAAP,CAAW,WAAX,EAAwBE,kBAAxB;AACAP,MAAM,CAACQ,GAAP,CAAW,WAAX,EAAwBC,aAAxB;AACAT,MAAM,UAAN,CAAc,WAAd,EAA2BU,iBAA3B;eACeV,M","sourceRoot":"C:\\Users\\hp\\Desktop\\backend-blog-api\\SRC\\routes\\","sourcesContent":["import express from 'express';\r\nimport {getAllUsers,getAll,getUserById,update,deleteUser} from '../controllers/users';\r\n\r\nconst router = express.Router();\r\nrouter.post('/user', getAllUsers);\r\nrouter.get('/user', getAll);\r\nrouter.get('/user/:id', getUserById);\r\nrouter.put('/user/:id', update);\r\nrouter.delete('/user/:id', deleteUser);\r\nexport default router;"]},"_coverageSchema":"1a1c01bbd47fc00a2c39e90264f33305004495a9","hash":"24c1ef86aec83fe2316f13e0c7d2ffccbafafc3d","contentHash":"f47b1943f2ab28a0b13b22a15aecdc8fa52100f1a10bb59324f854ba15362e9c"},"C:\\Users\\hp\\Desktop\\backend-blog-api\\SRC\\controllers\\users.js":{"path":"C:\\Users\\hp\\Desktop\\backend-blog-api\\SRC\\controllers\\users.js","statementMap":{"0":{"start":{"line":3,"column":0},"end":{"line":5,"column":3}},"1":{"start":{"line":6,"column":0},"end":{"line":6,"column":106}},"2":{"start":{"line":8,"column":23},"end":{"line":8,"column":83}},"3":{"start":{"line":10,"column":12},"end":{"line":10,"column":27}},"4":{"start":{"line":12,"column":39},"end":{"line":12,"column":95}},"5":{"start":{"line":14,"column":13},"end":{"line":29,"column":1}},"6":{"start":{"line":15,"column":2},"end":{"line":20,"column":3}},"7":{"start":{"line":16,"column":4},"end":{"line":19,"column":7}},"8":{"start":{"line":22,"column":2},"end":{"line":28,"column":5}},"9":{"start":{"line":31,"column":0},"end":{"line":31,"column":24}},"10":{"start":{"line":33,"column":18},"end":{"line":52,"column":1}},"11":{"start":{"line":34,"column":11},"end":{"line":34,"column":24}},"12":{"start":{"line":36,"column":13},"end":{"line":38,"column":4}},"13":{"start":{"line":37,"column":4},"end":{"line":37,"column":26}},"14":{"start":{"line":40,"column":2},"end":{"line":46,"column":3}},"15":{"start":{"line":41,"column":4},"end":{"line":45,"column":7}},"16":{"start":{"line":48,"column":2},"end":{"line":51,"column":5}},"17":{"start":{"line":54,"column":0},"end":{"line":54,"column":34}},"18":{"start":{"line":56,"column":18},"end":{"line":71,"column":1}},"19":{"start":{"line":57,"column":13},"end":{"line":62,"column":3}},"20":{"start":{"line":64,"column":2},"end":{"line":64,"column":41}},"21":{"start":{"line":66,"column":2},"end":{"line":70,"column":5}},"22":{"start":{"line":73,"column":0},"end":{"line":73,"column":34}},"23":{"start":{"line":75,"column":13},"end":{"line":96,"column":1}},"24":{"start":{"line":76,"column":11},"end":{"line":76,"column":24}},"25":{"start":{"line":78,"column":13},"end":{"line":80,"column":4}},"26":{"start":{"line":79,"column":4},"end":{"line":79,"column":26}},"27":{"start":{"line":82,"column":2},"end":{"line":90,"column":3}},"28":{"start":{"line":83,"column":4},"end":{"line":83,"column":35}},"29":{"start":{"line":84,"column":4},"end":{"line":84,"column":41}},"30":{"start":{"line":85,"column":4},"end":{"line":89,"column":7}},"31":{"start":{"line":92,"column":2},"end":{"line":95,"column":5}},"32":{"start":{"line":98,"column":0},"end":{"line":98,"column":24}},"33":{"start":{"line":100,"column":17},"end":{"line":123,"column":1}},"34":{"start":{"line":101,"column":11},"end":{"line":101,"column":24}},"35":{"start":{"line":103,"column":13},"end":{"line":105,"column":4}},"36":{"start":{"line":104,"column":4},"end":{"line":104,"column":26}},"37":{"start":{"line":107,"column":2},"end":{"line":117,"column":3}},"38":{"start":{"line":108,"column":12},"end":{"line":108,"column":56}},"39":{"start":{"line":110,"column":4},"end":{"line":110,"column":45}},"40":{"start":{"line":112,"column":4},"end":{"line":116,"column":7}},"41":{"start":{"line":119,"column":2},"end":{"line":122,"column":5}},"42":{"start":{"line":125,"column":0},"end":{"line":125,"column":32}}},"fnMap":{"0":{"name":"_interopRequireDefault","decl":{"start":{"line":12,"column":9},"end":{"line":12,"column":31}},"loc":{"start":{"line":12,"column":37},"end":{"line":12,"column":97}},"line":12},"1":{"name":"getAll","decl":{"start":{"line":14,"column":22},"end":{"line":14,"column":28}},"loc":{"start":{"line":14,"column":39},"end":{"line":29,"column":1}},"line":14},"2":{"name":"getUserById","decl":{"start":{"line":33,"column":27},"end":{"line":33,"column":38}},"loc":{"start":{"line":33,"column":49},"end":{"line":52,"column":1}},"line":33},"3":{"name":"(anonymous_3)","decl":{"start":{"line":36,"column":48},"end":{"line":36,"column":49}},"loc":{"start":{"line":36,"column":64},"end":{"line":38,"column":3}},"line":36},"4":{"name":"getAllUsers","decl":{"start":{"line":56,"column":27},"end":{"line":56,"column":38}},"loc":{"start":{"line":56,"column":49},"end":{"line":71,"column":1}},"line":56},"5":{"name":"update","decl":{"start":{"line":75,"column":22},"end":{"line":75,"column":28}},"loc":{"start":{"line":75,"column":39},"end":{"line":96,"column":1}},"line":75},"6":{"name":"(anonymous_6)","decl":{"start":{"line":78,"column":48},"end":{"line":78,"column":49}},"loc":{"start":{"line":78,"column":64},"end":{"line":80,"column":3}},"line":78},"7":{"name":"deleteUser","decl":{"start":{"line":100,"column":26},"end":{"line":100,"column":36}},"loc":{"start":{"line":100,"column":47},"end":{"line":123,"column":1}},"line":100},"8":{"name":"(anonymous_8)","decl":{"start":{"line":103,"column":48},"end":{"line":103,"column":49}},"loc":{"start":{"line":103,"column":64},"end":{"line":105,"column":3}},"line":103}},"branchMap":{"0":{"loc":{"start":{"line":12,"column":46},"end":{"line":12,"column":94}},"type":"cond-expr","locations":[{"start":{"line":12,"column":70},"end":{"line":12,"column":73}},{"start":{"line":12,"column":76},"end":{"line":12,"column":94}}],"line":12},"1":{"loc":{"start":{"line":12,"column":46},"end":{"line":12,"column":67}},"type":"binary-expr","locations":[{"start":{"line":12,"column":46},"end":{"line":12,"column":49}},{"start":{"line":12,"column":53},"end":{"line":12,"column":67}}],"line":12},"2":{"loc":{"start":{"line":15,"column":2},"end":{"line":20,"column":3}},"type":"if","locations":[{"start":{"line":15,"column":2},"end":{"line":20,"column":3}},{"start":{"line":15,"column":2},"end":{"line":20,"column":3}}],"line":15},"3":{"loc":{"start":{"line":40,"column":2},"end":{"line":46,"column":3}},"type":"if","locations":[{"start":{"line":40,"column":2},"end":{"line":46,"column":3}},{"start":{"line":40,"column":2},"end":{"line":46,"column":3}}],"line":40},"4":{"loc":{"start":{"line":82,"column":2},"end":{"line":90,"column":3}},"type":"if","locations":[{"start":{"line":82,"column":2},"end":{"line":90,"column":3}},{"start":{"line":82,"column":2},"end":{"line":90,"column":3}}],"line":82},"5":{"loc":{"start":{"line":107,"column":2},"end":{"line":117,"column":3}},"type":"if","locations":[{"start":{"line":107,"column":2},"end":{"line":117,"column":3}},{"start":{"line":107,"column":2},"end":{"line":117,"column":3}}],"line":107}},"s":{"0":1,"1":1,"2":1,"3":1,"4":1,"5":1,"6":0,"7":0,"8":0,"9":1,"10":1,"11":0,"12":0,"13":0,"14":0,"15":0,"16":0,"17":1,"18":1,"19":0,"20":0,"21":0,"22":1,"23":1,"24":0,"25":0,"26":0,"27":0,"28":0,"29":0,"30":0,"31":0,"32":1,"33":1,"34":0,"35":0,"36":0,"37":0,"38":0,"39":0,"40":0,"41":0,"42":1},"f":{"0":1,"1":0,"2":0,"3":0,"4":0,"5":0,"6":0,"7":0,"8":0},"b":{"0":[1,0],"1":[1,1],"2":[0,0],"3":[0,0],"4":[0,0],"5":[0,0]},"inputSourceMap":{"version":3,"sources":["users.js"],"names":["getAll","req","res","users","status","json","error","message","data","getUserById","id","params","user","filter","getAllUsers","email","body","password","role","push","update","deleteUser","a","indexOf","splice"],"mappings":";;;;;;;AAAA;;AACA;;;;AAGO,IAAMA,MAAM,GAAG,SAATA,MAAS,CAACC,GAAD,EAAMC,GAAN,EAAc;AAChC,MAAI,CAACC,2BAAL,EAAY;AAER,WAAOD,GAAG,CAACE,MAAJ,CAAW,GAAX,EAAgBC,IAAhB,CAAqB;AACxBD,MAAAA,MAAM,EAAE,GADgB;AAExBE,MAAAA,KAAK,EAAE;AAFiB,KAArB,CAAP;AAIH;;AACD,SAAOJ,GAAG,CAACE,MAAJ,CAAW,GAAX,EAAgBC,IAAhB,CAAqB;AACxBD,IAAAA,MAAM,EAAE,GADgB;AAExBG,IAAAA,OAAO,EAAE,8BAFe;AAGxBC,IAAAA,IAAI,EAAE;AACFL,MAAAA,KAAK,EAALA;AADE;AAHkB,GAArB,CAAP;AAOH,CAfM;;;;AAgBA,IAAMM,WAAW,GAAG,SAAdA,WAAc,CAACR,GAAD,EAAMC,GAAN,EAAc;AACrC,MAAMQ,EAAE,GAAGT,GAAG,CAACU,MAAJ,CAAWD,EAAtB;;AACA,MAAME,IAAI,GAAGT,4BAAMU,MAAN,CAAa,UAACD,IAAD,EAAU;AAChC,WAAOA,IAAI,CAACF,EAAL,KAAYA,EAAnB;AACH,GAFY,CAAb;;AAGA,MAAIE,IAAI,CAAC,CAAD,CAAR,EAAa;AACT,WAAOV,GAAG,CAACE,MAAJ,CAAW,GAAX,EAAgBC,IAAhB,CAAqB;AACxBD,MAAAA,MAAM,EAAE,GADgB;AAExBG,MAAAA,OAAO,EAAE,6BAFe;AAGxBC,MAAAA,IAAI,EAAEI;AAHkB,KAArB,CAAP;AAKH;;AACD,SAAOV,GAAG,CAACE,MAAJ,CAAW,GAAX,EAAgBC,IAAhB,CAAqB;AACxBD,IAAAA,MAAM,EAAE,GADgB;AAExBE,IAAAA,KAAK,EAAE;AAFiB,GAArB,CAAP;AAKH,CAjBM;;;;AAkBA,IAAMQ,WAAW,GAAG,SAAdA,WAAc,CAACb,GAAD,EAAMC,GAAN,EAAc;AACrC,MAAMU,IAAI,GAAG;AACTF,IAAAA,EAAE,EAAE,eADK;AAETK,IAAAA,KAAK,EAAEd,GAAG,CAACe,IAAJ,CAASD,KAFP;AAGTE,IAAAA,QAAQ,EAAEhB,GAAG,CAACe,IAAJ,CAASC,QAHV;AAITC,IAAAA,IAAI,EAAE;AAJG,GAAb;;AAMAf,8BAAMgB,IAAN,CAAWP,IAAX;;AACA,SAAOV,GAAG,CAACE,MAAJ,CAAW,GAAX,EAAgBC,IAAhB,CAAqB;AACxBD,IAAAA,MAAM,EAAE,GADgB;AAExBG,IAAAA,OAAO,EAAE,2BAFe;AAGxBC,IAAAA,IAAI,EAAEI;AAHkB,GAArB,CAAP;AAMH,CAdM;;;;AAgBA,IAAMQ,MAAM,GAAC,SAAPA,MAAO,CAACnB,GAAD,EAAKC,GAAL,EAAW;AAC3B,MAAMQ,EAAE,GAAGT,GAAG,CAACU,MAAJ,CAAWD,EAAtB;;AACA,MAAME,IAAI,GAAGT,4BAAMU,MAAN,CAAa,UAACD,IAAD,EAAU;AAChC,WAAOA,IAAI,CAACF,EAAL,KAAYA,EAAnB;AACH,GAFY,CAAb;;AAGA,MAAGE,IAAI,CAAC,CAAD,CAAP,EAAW;AACPA,IAAAA,IAAI,CAAC,CAAD,CAAJ,CAAQG,KAAR,GAAcd,GAAG,CAACe,IAAJ,CAASD,KAAvB;AACAH,IAAAA,IAAI,CAAC,CAAD,CAAJ,CAAQK,QAAR,GAAkBhB,GAAG,CAACe,IAAJ,CAASC,QAA3B;AACA,WAAOf,GAAG,CAACE,MAAJ,CAAW,GAAX,EAAgBC,IAAhB,CAAqB;AACxBD,MAAAA,MAAM,EAAE,GADgB;AAExBG,MAAAA,OAAO,EAAE,2BAFe;AAGxBC,MAAAA,IAAI,EAAEI;AAHkB,KAArB,CAAP;AAKH;;AACD,SAAOV,GAAG,CAACE,MAAJ,CAAW,GAAX,EAAgBC,IAAhB,CAAqB;AACxBD,IAAAA,MAAM,EAAE,GADgB;AAExBE,IAAAA,KAAK,EAAE;AAFiB,GAArB,CAAP;AAKH,CAnBM;;;;AAqBA,IAAMe,UAAU,GAAC,SAAXA,UAAW,CAACpB,GAAD,EAAKC,GAAL,EAAW;AAC/B,MAAMQ,EAAE,GAACT,GAAG,CAACU,MAAJ,CAAWD,EAApB;;AACA,MAAME,IAAI,GAAGT,4BAAMU,MAAN,CAAa,UAACD,IAAD,EAAU;AAChC,WAAOA,IAAI,CAACF,EAAL,KAAYA,EAAnB;AACH,GAFY,CAAb;;AAGA,MAAGE,IAAI,CAAC,CAAD,CAAP,EAAW;AACP,QAAIU,CAAC,GAAGnB,4BAAMoB,OAAN,CAAcX,IAAI,CAAC,CAAD,CAAlB,CAAR;;AACAT,gCAAMqB,MAAN,CAAaF,CAAb,EAAgB,CAAhB;;AACA,WAAOpB,GAAG,CAACE,MAAJ,CAAW,GAAX,EAAgBC,IAAhB,CAAqB;AACxBD,MAAAA,MAAM,EAAE,GADgB;AAExBG,MAAAA,OAAO,EAAE,2BAFe;AAGxBC,MAAAA,IAAI,EAAEI;AAHkB,KAArB,CAAP;AAKH;;AACD,SAAOV,GAAG,CAACE,MAAJ,CAAW,GAAX,EAAgBC,IAAhB,CAAqB;AACxBD,IAAAA,MAAM,EAAE,GADgB;AAExBE,IAAAA,KAAK,EAAE;AAFiB,GAArB,CAAP;AAIH,CAlBM","sourceRoot":"C:\\Users\\hp\\Desktop\\backend-blog-api\\SRC\\controllers\\","sourcesContent":["import users from '../models/userscollection';\r\nimport { v4 as uuidv4 } from 'uuid';\r\n\r\n\r\nexport const getAll = (req, res) => {\r\n    if (!users) {\r\n        \r\n        return res.status(404).json({\r\n            status: 404, \r\n            error: 'No user found',\r\n        });\r\n    }\r\n    return res.status(200).json({\r\n        status: 200,\r\n        message: 'users successfully retrieved',\r\n        data: {\r\n            users,\r\n        },\r\n    });\r\n};\r\nexport const getUserById = (req, res) => {\r\n    const id = req.params.id;\r\n    const user = users.filter((user) => {\r\n        return user.id === id;\r\n    });\r\n    if (user[0]) {\r\n        return res.status(200).json({\r\n            status: 200,\r\n            message: 'user successfully retrieved',\r\n            data: user,\r\n        });\r\n    }\r\n    return res.status(404).json({\r\n        status: 404,\r\n        error: 'user not found',\r\n    });\r\n\r\n};\r\nexport const getAllUsers = (req, res) => {\r\n    const user = {\r\n        id: uuidv4(),\r\n        email: req.body.email,\r\n        password: req.body.password,\r\n        role: 'user'\r\n    };\r\n    users.push(user);\r\n    return res.status(201).json({\r\n        status: 201,\r\n        message: 'user successfully created',\r\n        data: user,\r\n    });\r\n\r\n};\r\n\r\nexport const update=(req,res)=>{\r\n    const id = req.params.id;\r\n    const user = users.filter((user) => {\r\n        return user.id === id;\r\n    });\r\n    if(user[0]){\r\n        user[0].email=req.body.email;\r\n        user[0].password= req.body.password;\r\n        return res.status(200).json({\r\n            status: 200,\r\n            message: 'user successfully updated',\r\n            data: user,\r\n        });\r\n    }\r\n    return res.status(404).json({\r\n        status: 404,\r\n        error: 'user not found',\r\n    });\r\n    \r\n}\r\n\r\nexport const deleteUser=(req,res)=>{\r\n    const id=req.params.id;\r\n    const user = users.filter((user) => {\r\n        return user.id === id;\r\n    });\r\n    if(user[0]){\r\n        var a = users.indexOf(user[0]);\r\n        users.splice(a, 1);\r\n        return res.status(200).json({\r\n            status: 200,\r\n            message: 'user successfully deleted',\r\n            data: user,\r\n        });\r\n    }\r\n    return res.status(404).json({\r\n        status: 404,\r\n        error: 'user not found',\r\n    });\r\n}"]},"_coverageSchema":"1a1c01bbd47fc00a2c39e90264f33305004495a9","hash":"6c87d44cb5df4a775e6b16fdd76dce1cf7a6bacf","contentHash":"dcc671c4e85df6aed885b32c044bb851844eb779273bd240cea8c77377521727"},"C:\\Users\\hp\\Desktop\\backend-blog-api\\SRC\\models\\userscollection.js":{"path":"C:\\Users\\hp\\Desktop\\backend-blog-api\\SRC\\models\\userscollection.js","statementMap":{"0":{"start":{"line":3,"column":0},"end":{"line":5,"column":3}},"1":{"start":{"line":6,"column":0},"end":{"line":6,"column":28}},"2":{"start":{"line":8,"column":12},"end":{"line":8,"column":27}},"3":{"start":{"line":10,"column":54},"end":{"line":10,"column":73}},"4":{"start":{"line":10,"column":75},"end":{"line":10,"column":326}},"5":{"start":{"line":10,"column":125},"end":{"line":10,"column":161}},"6":{"start":{"line":10,"column":163},"end":{"line":10,"column":292}},"7":{"start":{"line":10,"column":183},"end":{"line":10,"column":292}},"8":{"start":{"line":10,"column":225},"end":{"line":10,"column":288}},"9":{"start":{"line":10,"column":293},"end":{"line":10,"column":324}},"10":{"start":{"line":10,"column":327},"end":{"line":10,"column":339}},"11":{"start":{"line":12,"column":33},"end":{"line":12,"column":517}},"12":{"start":{"line":12,"column":46},"end":{"line":12,"column":47}},"13":{"start":{"line":12,"column":91},"end":{"line":12,"column":131}},"14":{"start":{"line":12,"column":133},"end":{"line":12,"column":515}},"15":{"start":{"line":12,"column":146},"end":{"line":12,"column":247}},"16":{"start":{"line":12,"column":201},"end":{"line":12,"column":243}},"17":{"start":{"line":12,"column":255},"end":{"line":12,"column":515}},"18":{"start":{"line":12,"column":295},"end":{"line":12,"column":369}},"19":{"start":{"line":12,"column":379},"end":{"line":12,"column":513}},"20":{"start":{"line":12,"column":428},"end":{"line":12,"column":509}},"21":{"start":{"line":12,"column":518},"end":{"line":12,"column":532}},"22":{"start":{"line":14,"column":44},"end":{"line":14,"column":195}},"23":{"start":{"line":14,"column":62},"end":{"line":14,"column":166}},"24":{"start":{"line":14,"column":176},"end":{"line":14,"column":193}},"25":{"start":{"line":14,"column":196},"end":{"line":14,"column":207}},"26":{"start":{"line":16,"column":12},"end":{"line":24,"column":2}},"27":{"start":{"line":25,"column":0},"end":{"line":29,"column":3}},"28":{"start":{"line":26,"column":2},"end":{"line":28,"column":11}},"29":{"start":{"line":30,"column":15},"end":{"line":30,"column":20}},"30":{"start":{"line":31,"column":0},"end":{"line":31,"column":30}}},"fnMap":{"0":{"name":"ownKeys","decl":{"start":{"line":10,"column":9},"end":{"line":10,"column":16}},"loc":{"start":{"line":10,"column":41},"end":{"line":10,"column":341}},"line":10},"1":{"name":"(anonymous_1)","decl":{"start":{"line":10,"column":208},"end":{"line":10,"column":209}},"loc":{"start":{"line":10,"column":223},"end":{"line":10,"column":290}},"line":10},"2":{"name":"_objectSpread","decl":{"start":{"line":12,"column":9},"end":{"line":12,"column":22}},"loc":{"start":{"line":12,"column":31},"end":{"line":12,"column":534}},"line":12},"3":{"name":"(anonymous_3)","decl":{"start":{"line":12,"column":184},"end":{"line":12,"column":185}},"loc":{"start":{"line":12,"column":199},"end":{"line":12,"column":245}},"line":12},"4":{"name":"(anonymous_4)","decl":{"start":{"line":12,"column":411},"end":{"line":12,"column":412}},"loc":{"start":{"line":12,"column":426},"end":{"line":12,"column":511}},"line":12},"5":{"name":"_defineProperty","decl":{"start":{"line":14,"column":9},"end":{"line":14,"column":24}},"loc":{"start":{"line":14,"column":42},"end":{"line":14,"column":209}},"line":14},"6":{"name":"(anonymous_6)","decl":{"start":{"line":25,"column":18},"end":{"line":25,"column":19}},"loc":{"start":{"line":25,"column":34},"end":{"line":29,"column":1}},"line":25}},"branchMap":{"0":{"loc":{"start":{"line":10,"column":75},"end":{"line":10,"column":326}},"type":"if","locations":[{"start":{"line":10,"column":75},"end":{"line":10,"column":326}},{"start":{"line":10,"column":75},"end":{"line":10,"column":326}}],"line":10},"1":{"loc":{"start":{"line":10,"column":163},"end":{"line":10,"column":292}},"type":"if","locations":[{"start":{"line":10,"column":163},"end":{"line":10,"column":292}},{"start":{"line":10,"column":163},"end":{"line":10,"column":292}}],"line":10},"2":{"loc":{"start":{"line":12,"column":91},"end":{"line":12,"column":131}},"type":"cond-expr","locations":[{"start":{"line":12,"column":114},"end":{"line":12,"column":126}},{"start":{"line":12,"column":129},"end":{"line":12,"column":131}}],"line":12},"3":{"loc":{"start":{"line":12,"column":133},"end":{"line":12,"column":515}},"type":"if","locations":[{"start":{"line":12,"column":133},"end":{"line":12,"column":515}},{"start":{"line":12,"column":133},"end":{"line":12,"column":515}}],"line":12},"4":{"loc":{"start":{"line":12,"column":255},"end":{"line":12,"column":515}},"type":"if","locations":[{"start":{"line":12,"column":255},"end":{"line":12,"column":515}},{"start":{"line":12,"column":255},"end":{"line":12,"column":515}}],"line":12},"5":{"loc":{"start":{"line":14,"column":44},"end":{"line":14,"column":195}},"type":"if","locations":[{"start":{"line":14,"column":44},"end":{"line":14,"column":195}},{"start":{"line":14,"column":44},"end":{"line":14,"column":195}}],"line":14}},"s":{"0":1,"1":1,"2":1,"3":2,"4":2,"5":2,"6":2,"7":2,"8":0,"9":2,"10":2,"11":2,"12":2,"13":2,"14":2,"15":2,"16":6,"17":0,"18":0,"19":0,"20":0,"21":2,"22":6,"23":0,"24":6,"25":6,"26":1,"27":1,"28":2,"29":1,"30":1},"f":{"0":2,"1":0,"2":2,"3":6,"4":0,"5":6,"6":2},"b":{"0":[2,0],"1":[2,0],"2":[2,0],"3":[2,0],"4":[0,0],"5":[0,6]},"inputSourceMap":{"version":3,"sources":["userscollection.js"],"names":["users","email","password","role","map","user","id"],"mappings":";;;;;;;AAAA;;;;;;;;AAEA,IAAIA,KAAK,GAAG,CAAC;AACTC,EAAAA,KAAK,EAAC,gBADG;AAETC,EAAAA,QAAQ,EAAC,QAFA;AAGTC,EAAAA,IAAI,EAAC;AAHI,CAAD,EAKZ;AACIF,EAAAA,KAAK,EAAC,mBADV;AAEIC,EAAAA,QAAQ,EAAC,QAFb;AAGIC,EAAAA,IAAI,EAAC;AAHT,CALY,CAAZ;AAWAH,KAAK,GAAGA,KAAK,CAACI,GAAN,CAAU,UAACC,IAAD;AAAA;AAAUC,IAAAA,EAAE,EAAC;AAAb,KAA0BD,IAA1B;AAAA,CAAV,CAAR;eACeL,K","sourceRoot":"C:\\Users\\hp\\Desktop\\backend-blog-api\\SRC\\models\\","sourcesContent":["import { v4 as uuidv4 } from 'uuid';\r\n\r\nvar users = [{\r\n    email:'ange@gmail.com',\r\n    password:'123456',\r\n    role:'admin'\r\n},\r\n{\r\n    email:'solange@gmail.com',\r\n    password:'123456',\r\n    role:'user'\r\n},\r\n];\r\nusers = users.map((user)=>({id:uuidv4(), ...user}));\r\nexport default users;"]},"_coverageSchema":"1a1c01bbd47fc00a2c39e90264f33305004495a9","hash":"3fa4695e80fe4582c491bb8bb82457a478ebf54c","contentHash":"1f97dd30308d8b3acbe499c219e7bb31e252062cb05eb44b202898b4623dbba8"},"C:\\Users\\hp\\Desktop\\backend-blog-api\\SRC\\routes\\messagesRoute.js":{"path":"C:\\Users\\hp\\Desktop\\backend-blog-api\\SRC\\routes\\messagesRoute.js","statementMap":{"0":{"start":{"line":3,"column":0},"end":{"line":5,"column":3}},"1":{"start":{"line":6,"column":0},"end":{"line":6,"column":28}},"2":{"start":{"line":8,"column":21},"end":{"line":8,"column":60}},"3":{"start":{"line":10,"column":14},"end":{"line":10,"column":32}},"4":{"start":{"line":12,"column":13},"end":{"line":12,"column":29}},"5":{"start":{"line":14,"column":0},"end":{"line":14,"column":50}},"6":{"start":{"line":16,"column":0},"end":{"line":16,"column":54}},"7":{"start":{"line":18,"column":0},"end":{"line":18,"column":50}},"8":{"start":{"line":20,"column":0},"end":{"line":20,"column":60}},"9":{"start":{"line":21,"column":15},"end":{"line":21,"column":21}},"10":{"start":{"line":22,"column":0},"end":{"line":22,"column":30}}},"fnMap":{},"branchMap":{},"s":{"0":1,"1":1,"2":1,"3":1,"4":1,"5":1,"6":1,"7":1,"8":1,"9":1,"10":1},"f":{},"b":{},"inputSourceMap":{"version":3,"sources":["messagesRoute.js"],"names":["express","require","router","Router","get","getAllMsgs","getMsgById","post","createMsg","deleteMesg"],"mappings":";;;;;;;AAEA;;AAFA,IAAMA,OAAO,GAAGC,OAAO,CAAC,SAAD,CAAvB;;AACA,IAAMC,MAAM,GAAGF,OAAO,CAACG,MAAR,EAAf;AAGA;AACAD,MAAM,CAACE,GAAP,CAAW,UAAX,EAAuBC,yBAAvB,E,CAEA;;AACAH,MAAM,CAACE,GAAP,CAAW,cAAX,EAA2BE,yBAA3B,E,CAEA;;AACAJ,MAAM,CAACK,IAAP,CAAY,UAAZ,EAAwBC,wBAAxB,E,CAEA;;AACAN,MAAM,UAAN,CAAc,cAAd,EAA8BO,yBAA9B;eAEeP,M","sourceRoot":"C:\\Users\\hp\\Desktop\\backend-blog-api\\SRC\\routes\\","sourcesContent":["const express = require('express');\r\nconst router = express.Router();\r\nimport { getAllMsgs, getMsgById, createMsg, deleteMesg } from '../controllers/messagesContr';\r\n\r\n// get all messages\r\nrouter.get('/message', getAllMsgs);\r\n\r\n// get specific message by ID\r\nrouter.get('/message/:id', getMsgById);\r\n\r\n// create message by ID\r\nrouter.post('/message', createMsg);\r\n\r\n// delete message by ID\r\nrouter.delete('/message/:id', deleteMesg);\r\n\r\nexport default router;"]},"_coverageSchema":"1a1c01bbd47fc00a2c39e90264f33305004495a9","hash":"10617c34e020ba65ec0cad1a6cec1d85f098231e","contentHash":"7038c382fdb7a5b447f72e8104749d54efd63db40dd63ef6e3d54027192fe4b8"},"C:\\Users\\hp\\Desktop\\backend-blog-api\\SRC\\controllers\\messagesContr.js":{"path":"C:\\Users\\hp\\Desktop\\backend-blog-api\\SRC\\controllers\\messagesContr.js","statementMap":{"0":{"start":{"line":3,"column":16},"end":{"line":3,"column":69}},"1":{"start":{"line":5,"column":12},"end":{"line":5,"column":27}},"2":{"start":{"line":7,"column":39},"end":{"line":7,"column":95}},"3":{"start":{"line":9,"column":17},"end":{"line":11,"column":1}},"4":{"start":{"line":10,"column":2},"end":{"line":10,"column":33}},"5":{"start":{"line":13,"column":17},"end":{"line":21,"column":1}},"6":{"start":{"line":14,"column":11},"end":{"line":14,"column":24}},"7":{"start":{"line":16,"column":12},"end":{"line":18,"column":4}},"8":{"start":{"line":17,"column":4},"end":{"line":17,"column":25}},"9":{"start":{"line":20,"column":2},"end":{"line":20,"column":16}},"10":{"start":{"line":23,"column":16},"end":{"line":34,"column":1}},"11":{"start":{"line":24,"column":15},"end":{"line":24,"column":17}},"12":{"start":{"line":25,"column":2},"end":{"line":25,"column":30}},"13":{"start":{"line":26,"column":2},"end":{"line":26,"column":30}},"14":{"start":{"line":27,"column":2},"end":{"line":27,"column":32}},"15":{"start":{"line":28,"column":2},"end":{"line":28,"column":28}},"16":{"start":{"line":29,"column":2},"end":{"line":29,"column":27}},"17":{"start":{"line":31,"column":2},"end":{"line":31,"column":36}},"18":{"start":{"line":33,"column":2},"end":{"line":33,"column":33}},"19":{"start":{"line":36,"column":17},"end":{"line":46,"column":1}},"20":{"start":{"line":37,"column":11},"end":{"line":37,"column":24}},"21":{"start":{"line":39,"column":14},"end":{"line":41,"column":4}},"22":{"start":{"line":40,"column":4},"end":{"line":40,"column":25}},"23":{"start":{"line":43,"column":2},"end":{"line":43,"column":70}},"24":{"start":{"line":45,"column":2},"end":{"line":45,"column":33}},"25":{"start":{"line":48,"column":0},"end":{"line":53,"column":2}}},"fnMap":{"0":{"name":"_interopRequireDefault","decl":{"start":{"line":7,"column":9},"end":{"line":7,"column":31}},"loc":{"start":{"line":7,"column":37},"end":{"line":7,"column":97}},"line":7},"1":{"name":"getAllMsgs","decl":{"start":{"line":9,"column":26},"end":{"line":9,"column":36}},"loc":{"start":{"line":9,"column":47},"end":{"line":11,"column":1}},"line":9},"2":{"name":"getMsgById","decl":{"start":{"line":13,"column":26},"end":{"line":13,"column":36}},"loc":{"start":{"line":13,"column":47},"end":{"line":21,"column":1}},"line":13},"3":{"name":"(anonymous_3)","decl":{"start":{"line":16,"column":40},"end":{"line":16,"column":41}},"loc":{"start":{"line":16,"column":55},"end":{"line":18,"column":3}},"line":16},"4":{"name":"createMsg","decl":{"start":{"line":23,"column":25},"end":{"line":23,"column":34}},"loc":{"start":{"line":23,"column":45},"end":{"line":34,"column":1}},"line":23},"5":{"name":"deleteMesg","decl":{"start":{"line":36,"column":26},"end":{"line":36,"column":36}},"loc":{"start":{"line":36,"column":47},"end":{"line":46,"column":1}},"line":36},"6":{"name":"(anonymous_6)","decl":{"start":{"line":39,"column":40},"end":{"line":39,"column":41}},"loc":{"start":{"line":39,"column":55},"end":{"line":41,"column":3}},"line":39}},"branchMap":{"0":{"loc":{"start":{"line":7,"column":46},"end":{"line":7,"column":94}},"type":"cond-expr","locations":[{"start":{"line":7,"column":70},"end":{"line":7,"column":73}},{"start":{"line":7,"column":76},"end":{"line":7,"column":94}}],"line":7},"1":{"loc":{"start":{"line":7,"column":46},"end":{"line":7,"column":67}},"type":"binary-expr","locations":[{"start":{"line":7,"column":46},"end":{"line":7,"column":49}},{"start":{"line":7,"column":53},"end":{"line":7,"column":67}}],"line":7}},"s":{"0":1,"1":1,"2":1,"3":1,"4":1,"5":1,"6":0,"7":0,"8":0,"9":0,"10":1,"11":0,"12":0,"13":0,"14":0,"15":0,"16":0,"17":0,"18":0,"19":1,"20":0,"21":0,"22":0,"23":0,"24":0,"25":1},"f":{"0":1,"1":1,"2":0,"3":0,"4":0,"5":0,"6":0},"b":{"0":[1,0],"1":[1,1]},"inputSourceMap":{"version":3,"sources":["messagesContr.js"],"names":["getAllMsgs","req","res","send","messages","getMsgById","id","params","msg","filter","createMsg","newMsg","name","body","email","date","Date","push","deleteMesg","found","find","splice","indexOf","module","exports"],"mappings":";;AAAA;;AACA;;;;AAEA,IAAMA,UAAU,GAAG,SAAbA,UAAa,CAACC,GAAD,EAAMC,GAAN,EAAc;AAChCA,EAAAA,GAAG,CAACC,IAAJ,CAASC,oBAAT;AACA,CAFD;;AAGA,IAAMC,UAAU,GAAG,SAAbA,UAAa,CAACJ,GAAD,EAAMC,GAAN,EAAc;AAChC,MAAII,EAAE,GAAGL,GAAG,CAACM,MAAJ,CAAWD,EAApB;;AACA,MAAIE,GAAG,GAAGJ,qBAASK,MAAT,CAAgB,UAACD,GAAD;AAAA,WAASA,GAAG,CAACF,EAAJ,KAAWA,EAApB;AAAA,GAAhB,CAAV;;AACAJ,EAAAA,GAAG,CAACC,IAAJ,CAASK,GAAT;AACA,CAJD;;AAMA,IAAME,SAAS,GAAG,SAAZA,SAAY,CAACT,GAAD,EAAMC,GAAN,EAAc;AAC/B,MAAIS,MAAM,GAAG,EAAb;AACAA,EAAAA,MAAM,CAACL,EAAP,GAAY,eAAZ;AACAK,EAAAA,MAAM,CAACC,IAAP,GAAcX,GAAG,CAACY,IAAJ,CAASD,IAAvB;AACAD,EAAAA,MAAM,CAACG,KAAP,GAAeb,GAAG,CAACY,IAAJ,CAASC,KAAxB;AACAH,EAAAA,MAAM,CAACH,GAAP,GAAaP,GAAG,CAACY,IAAJ,CAASL,GAAtB;AACAG,EAAAA,MAAM,CAACI,IAAP,GAAc,IAAIC,IAAJ,EAAd;;AACAZ,uBAASa,IAAT,CAAcN,MAAd;;AACAT,EAAAA,GAAG,CAACC,IAAJ,CAASC,oBAAT;AACA,CATD;;AAWA,IAAMc,UAAU,GAAG,SAAbA,UAAa,CAACjB,GAAD,EAAMC,GAAN,EAAc;AAChC,MAAII,EAAE,GAAGL,GAAG,CAACM,MAAJ,CAAWD,EAApB;;AACA,MAAIa,KAAK,GAAGf,qBAASgB,IAAT,CAAc,UAACZ,GAAD;AAAA,WAASA,GAAG,CAACF,EAAJ,KAAWA,EAApB;AAAA,GAAd,CAAZ;;AACAF,uBAASiB,MAAT,CAAgBjB,qBAASkB,OAAT,CAAiBH,KAAjB,CAAhB,EAAyC,CAAzC;;AACAjB,EAAAA,GAAG,CAACC,IAAJ,CAASC,oBAAT;AACA,CALD;;AAOAmB,MAAM,CAACC,OAAP,GAAiB;AAChBxB,EAAAA,UAAU,EAAVA,UADgB;AAEhBK,EAAAA,UAAU,EAAVA,UAFgB;AAGhBK,EAAAA,SAAS,EAATA,SAHgB;AAIhBQ,EAAAA,UAAU,EAAVA;AAJgB,CAAjB","sourceRoot":"C:\\Users\\hp\\Desktop\\backend-blog-api\\SRC\\controllers\\","sourcesContent":["import messages from '../models/messages';\r\nimport { v4 as uuidv4 } from 'uuid';\r\n\r\nconst getAllMsgs = (req, res) => {\r\n\tres.send(messages);\r\n};\r\nconst getMsgById = (req, res) => {\r\n\tlet id = req.params.id;\r\n\tlet msg = messages.filter((msg) => msg.id === id);\r\n\tres.send(msg);\r\n};\r\n\r\nconst createMsg = (req, res) => {\r\n\tlet newMsg = {};\r\n\tnewMsg.id = uuidv4();\r\n\tnewMsg.name = req.body.name;\r\n\tnewMsg.email = req.body.email;\r\n\tnewMsg.msg = req.body.msg;\r\n\tnewMsg.date = new Date();\r\n\tmessages.push(newMsg);\r\n\tres.send(messages);\r\n};\r\n\r\nconst deleteMesg = (req, res) => {\r\n\tlet id = req.params.id;\r\n\tlet found = messages.find((msg) => msg.id === id);\r\n\tmessages.splice(messages.indexOf(found), 1);\r\n\tres.send(messages);\r\n};\r\n\r\nmodule.exports = {\r\n\tgetAllMsgs,\r\n\tgetMsgById,\r\n\tcreateMsg,\r\n\tdeleteMesg,\r\n};"]},"_coverageSchema":"1a1c01bbd47fc00a2c39e90264f33305004495a9","hash":"a6851eacb9ac37b7c2a94ff34c5f1654e2d7aff9","contentHash":"7cacf9f01ebdab64a9917f0b641610918ceddcc0656d6cb3c1e50c405db39465"},"C:\\Users\\hp\\Desktop\\backend-blog-api\\SRC\\models\\messages.js":{"path":"C:\\Users\\hp\\Desktop\\backend-blog-api\\SRC\\models\\messages.js","statementMap":{"0":{"start":{"line":3,"column":0},"end":{"line":5,"column":3}},"1":{"start":{"line":6,"column":0},"end":{"line":6,"column":28}},"2":{"start":{"line":8,"column":12},"end":{"line":8,"column":27}},"3":{"start":{"line":10,"column":54},"end":{"line":10,"column":73}},"4":{"start":{"line":10,"column":75},"end":{"line":10,"column":326}},"5":{"start":{"line":10,"column":125},"end":{"line":10,"column":161}},"6":{"start":{"line":10,"column":163},"end":{"line":10,"column":292}},"7":{"start":{"line":10,"column":183},"end":{"line":10,"column":292}},"8":{"start":{"line":10,"column":225},"end":{"line":10,"column":288}},"9":{"start":{"line":10,"column":293},"end":{"line":10,"column":324}},"10":{"start":{"line":10,"column":327},"end":{"line":10,"column":339}},"11":{"start":{"line":12,"column":33},"end":{"line":12,"column":517}},"12":{"start":{"line":12,"column":46},"end":{"line":12,"column":47}},"13":{"start":{"line":12,"column":91},"end":{"line":12,"column":131}},"14":{"start":{"line":12,"column":133},"end":{"line":12,"column":515}},"15":{"start":{"line":12,"column":146},"end":{"line":12,"column":247}},"16":{"start":{"line":12,"column":201},"end":{"line":12,"column":243}},"17":{"start":{"line":12,"column":255},"end":{"line":12,"column":515}},"18":{"start":{"line":12,"column":295},"end":{"line":12,"column":369}},"19":{"start":{"line":12,"column":379},"end":{"line":12,"column":513}},"20":{"start":{"line":12,"column":428},"end":{"line":12,"column":509}},"21":{"start":{"line":12,"column":518},"end":{"line":12,"column":532}},"22":{"start":{"line":14,"column":44},"end":{"line":14,"column":195}},"23":{"start":{"line":14,"column":62},"end":{"line":14,"column":166}},"24":{"start":{"line":14,"column":176},"end":{"line":14,"column":193}},"25":{"start":{"line":14,"column":196},"end":{"line":14,"column":207}},"26":{"start":{"line":16,"column":12},"end":{"line":31,"column":2}},"27":{"start":{"line":32,"column":0},"end":{"line":36,"column":3}},"28":{"start":{"line":33,"column":2},"end":{"line":35,"column":10}},"29":{"start":{"line":37,"column":15},"end":{"line":37,"column":20}},"30":{"start":{"line":38,"column":0},"end":{"line":38,"column":30}}},"fnMap":{"0":{"name":"ownKeys","decl":{"start":{"line":10,"column":9},"end":{"line":10,"column":16}},"loc":{"start":{"line":10,"column":41},"end":{"line":10,"column":341}},"line":10},"1":{"name":"(anonymous_1)","decl":{"start":{"line":10,"column":208},"end":{"line":10,"column":209}},"loc":{"start":{"line":10,"column":223},"end":{"line":10,"column":290}},"line":10},"2":{"name":"_objectSpread","decl":{"start":{"line":12,"column":9},"end":{"line":12,"column":22}},"loc":{"start":{"line":12,"column":31},"end":{"line":12,"column":534}},"line":12},"3":{"name":"(anonymous_3)","decl":{"start":{"line":12,"column":184},"end":{"line":12,"column":185}},"loc":{"start":{"line":12,"column":199},"end":{"line":12,"column":245}},"line":12},"4":{"name":"(anonymous_4)","decl":{"start":{"line":12,"column":411},"end":{"line":12,"column":412}},"loc":{"start":{"line":12,"column":426},"end":{"line":12,"column":511}},"line":12},"5":{"name":"_defineProperty","decl":{"start":{"line":14,"column":9},"end":{"line":14,"column":24}},"loc":{"start":{"line":14,"column":42},"end":{"line":14,"column":209}},"line":14},"6":{"name":"(anonymous_6)","decl":{"start":{"line":32,"column":18},"end":{"line":32,"column":19}},"loc":{"start":{"line":32,"column":33},"end":{"line":36,"column":1}},"line":32}},"branchMap":{"0":{"loc":{"start":{"line":10,"column":75},"end":{"line":10,"column":326}},"type":"if","locations":[{"start":{"line":10,"column":75},"end":{"line":10,"column":326}},{"start":{"line":10,"column":75},"end":{"line":10,"column":326}}],"line":10},"1":{"loc":{"start":{"line":10,"column":163},"end":{"line":10,"column":292}},"type":"if","locations":[{"start":{"line":10,"column":163},"end":{"line":10,"column":292}},{"start":{"line":10,"column":163},"end":{"line":10,"column":292}}],"line":10},"2":{"loc":{"start":{"line":12,"column":91},"end":{"line":12,"column":131}},"type":"cond-expr","locations":[{"start":{"line":12,"column":114},"end":{"line":12,"column":126}},{"start":{"line":12,"column":129},"end":{"line":12,"column":131}}],"line":12},"3":{"loc":{"start":{"line":12,"column":133},"end":{"line":12,"column":515}},"type":"if","locations":[{"start":{"line":12,"column":133},"end":{"line":12,"column":515}},{"start":{"line":12,"column":133},"end":{"line":12,"column":515}}],"line":12},"4":{"loc":{"start":{"line":12,"column":255},"end":{"line":12,"column":515}},"type":"if","locations":[{"start":{"line":12,"column":255},"end":{"line":12,"column":515}},{"start":{"line":12,"column":255},"end":{"line":12,"column":515}}],"line":12},"5":{"loc":{"start":{"line":14,"column":44},"end":{"line":14,"column":195}},"type":"if","locations":[{"start":{"line":14,"column":44},"end":{"line":14,"column":195}},{"start":{"line":14,"column":44},"end":{"line":14,"column":195}}],"line":14}},"s":{"0":1,"1":1,"2":1,"3":3,"4":3,"5":3,"6":3,"7":3,"8":0,"9":3,"10":3,"11":3,"12":3,"13":3,"14":3,"15":3,"16":12,"17":0,"18":0,"19":0,"20":0,"21":3,"22":12,"23":0,"24":12,"25":12,"26":1,"27":1,"28":3,"29":1,"30":1},"f":{"0":3,"1":0,"2":3,"3":12,"4":0,"5":12,"6":3},"b":{"0":[3,0],"1":[3,0],"2":[3,0],"3":[3,0],"4":[0,0],"5":[0,12]},"inputSourceMap":{"version":3,"sources":["messages.js"],"names":["messg","email","name","msg","date","Date","map","id"],"mappings":";;;;;;;AAAA;;;;;;;;AAEA,IAAIA,KAAK,GAAG,CACX;AACCC,EAAAA,KAAK,EAAE,gBADR;AAECC,EAAAA,IAAI,EAAE,MAFP;AAGCC,EAAAA,GAAG,EAAE,kBAHN;AAICC,EAAAA,IAAI,EAAE,IAAIC,IAAJ;AAJP,CADW,EAOX;AACCJ,EAAAA,KAAK,EAAE,oBADR;AAECC,EAAAA,IAAI,EAAE,UAFP;AAGCC,EAAAA,GAAG,EAAE,YAHN;AAICC,EAAAA,IAAI,EAAE,IAAIC,IAAJ;AAJP,CAPW,EAaX;AACCJ,EAAAA,KAAK,EAAE,kBADR;AAECC,EAAAA,IAAI,EAAE,WAFP;AAGCC,EAAAA,GAAG,EAAE,aAHN;AAICC,EAAAA,IAAI,EAAE,IAAIC,IAAJ;AAJP,CAbW,CAAZ;AAoBAL,KAAK,GAAGA,KAAK,CAACM,GAAN,CAAU,UAACH,GAAD;AAAA;AAAYI,IAAAA,EAAE,EAAE;AAAhB,KAA6BJ,GAA7B;AAAA,CAAV,CAAR;eAEeH,K","sourceRoot":"C:\\Users\\hp\\Desktop\\backend-blog-api\\SRC\\models\\","sourcesContent":["import { v4 as uuidv4 } from 'uuid';\r\n\r\nvar messg = [\r\n\t{\r\n\t\temail: 'ange@gmail.com',\r\n\t\tname: 'Ange',\r\n\t\tmsg: 'Hello, well done',\r\n\t\tdate: new Date(),\r\n\t},\r\n\t{\r\n\t\temail: 'benimana@gmail.com',\r\n\t\tname: 'benimena',\r\n\t\tmsg: 'great work',\r\n\t\tdate: new Date(),\r\n\t},\r\n\t{\r\n\t\temail: 'koko10@gmail.com',\r\n\t\tname: 'koko lolo',\r\n\t\tmsg: 'Hello there',\r\n\t\tdate: new Date(),\r\n\t},\r\n];\r\nmessg = messg.map((msg) => ({ id: uuidv4(), ...msg }));\r\n\r\nexport default messg;"]},"_coverageSchema":"1a1c01bbd47fc00a2c39e90264f33305004495a9","hash":"73d305f19783e4a30eda1608fcd9ffafd71c29e6","contentHash":"f60ad5424407661568155f73834d1757028d0c501cebfa3b63c47dcc7fe17bf5"},"C:\\Users\\hp\\Desktop\\backend-blog-api\\SRC\\routes\\postsRoute.js":{"path":"C:\\Users\\hp\\Desktop\\backend-blog-api\\SRC\\routes\\postsRoute.js","statementMap":{"0":{"start":{"line":3,"column":0},"end":{"line":5,"column":3}},"1":{"start":{"line":6,"column":0},"end":{"line":6,"column":28}},"2":{"start":{"line":8,"column":15},"end":{"line":8,"column":57}},"3":{"start":{"line":10,"column":18},"end":{"line":10,"column":54}},"4":{"start":{"line":12,"column":39},"end":{"line":12,"column":95}},"5":{"start":{"line":14,"column":13},"end":{"line":14,"column":41}},"6":{"start":{"line":16,"column":0},"end":{"line":16,"column":45}},"7":{"start":{"line":17,"column":0},"end":{"line":17,"column":45}},"8":{"start":{"line":18,"column":0},"end":{"line":18,"column":49}},"9":{"start":{"line":19,"column":0},"end":{"line":19,"column":54}},"10":{"start":{"line":20,"column":15},"end":{"line":20,"column":21}},"11":{"start":{"line":21,"column":0},"end":{"line":21,"column":30}}},"fnMap":{"0":{"name":"_interopRequireDefault","decl":{"start":{"line":12,"column":9},"end":{"line":12,"column":31}},"loc":{"start":{"line":12,"column":37},"end":{"line":12,"column":97}},"line":12}},"branchMap":{"0":{"loc":{"start":{"line":12,"column":46},"end":{"line":12,"column":94}},"type":"cond-expr","locations":[{"start":{"line":12,"column":70},"end":{"line":12,"column":73}},{"start":{"line":12,"column":76},"end":{"line":12,"column":94}}],"line":12},"1":{"loc":{"start":{"line":12,"column":46},"end":{"line":12,"column":67}},"type":"binary-expr","locations":[{"start":{"line":12,"column":46},"end":{"line":12,"column":49}},{"start":{"line":12,"column":53},"end":{"line":12,"column":67}}],"line":12}},"s":{"0":1,"1":1,"2":1,"3":1,"4":1,"5":1,"6":1,"7":1,"8":1,"9":1,"10":1,"11":1},"f":{"0":1},"b":{"0":[0,1],"1":[1,1]},"inputSourceMap":{"version":3,"sources":["postsRoute.js"],"names":["router","express","Router","post","createPost","get","getAllPosts","getPostById","deletePost"],"mappings":";;;;;;;AAAA;;AACA;;;;AAEA,IAAMA,MAAM,GAAGC,oBAAQC,MAAR,EAAf;;AACAF,MAAM,CAACG,IAAP,CAAY,OAAZ,EAAqBC,sBAArB;AACAJ,MAAM,CAACK,GAAP,CAAW,OAAX,EAAoBC,uBAApB;AACAN,MAAM,CAACK,GAAP,CAAW,WAAX,EAAwBE,uBAAxB;AACAP,MAAM,UAAN,CAAc,WAAd,EAA2BQ,sBAA3B;eACeR,M","sourceRoot":"C:\\Users\\hp\\Desktop\\backend-blog-api\\SRC\\routes\\","sourcesContent":["import express from 'express';\r\nimport {createPost,getAllPosts,getPostById,deletePost} from '../controllers/postsContr';\r\n\r\nconst router = express.Router();\r\nrouter.post('/post', createPost);\r\nrouter.get('/post', getAllPosts);\r\nrouter.get('/post/:id', getPostById);\r\nrouter.delete('/post/:id', deletePost);\r\nexport default router;"]},"_coverageSchema":"1a1c01bbd47fc00a2c39e90264f33305004495a9","hash":"21526f280487161423845ef84bfdfefe39cf8d80","contentHash":"9cd959a2fc436b3efa72a58c814007dd2f8e4924609d3edc0c5884c625770c0d"},"C:\\Users\\hp\\Desktop\\backend-blog-api\\SRC\\controllers\\postsContr.js":{"path":"C:\\Users\\hp\\Desktop\\backend-blog-api\\SRC\\controllers\\postsContr.js","statementMap":{"0":{"start":{"line":3,"column":0},"end":{"line":5,"column":3}},"1":{"start":{"line":6,"column":0},"end":{"line":6,"column":93}},"2":{"start":{"line":8,"column":23},"end":{"line":8,"column":83}},"3":{"start":{"line":10,"column":12},"end":{"line":10,"column":27}},"4":{"start":{"line":12,"column":39},"end":{"line":12,"column":95}},"5":{"start":{"line":14,"column":18},"end":{"line":16,"column":1}},"6":{"start":{"line":15,"column":2},"end":{"line":15,"column":40}},"7":{"start":{"line":18,"column":0},"end":{"line":18,"column":34}},"8":{"start":{"line":20,"column":18},"end":{"line":28,"column":1}},"9":{"start":{"line":21,"column":11},"end":{"line":21,"column":24}},"10":{"start":{"line":23,"column":13},"end":{"line":25,"column":4}},"11":{"start":{"line":24,"column":4},"end":{"line":24,"column":26}},"12":{"start":{"line":27,"column":2},"end":{"line":27,"column":17}},"13":{"start":{"line":30,"column":0},"end":{"line":30,"column":34}},"14":{"start":{"line":32,"column":17},"end":{"line":44,"column":1}},"15":{"start":{"line":33,"column":13},"end":{"line":39,"column":3}},"16":{"start":{"line":41,"column":2},"end":{"line":41,"column":41}},"17":{"start":{"line":43,"column":2},"end":{"line":43,"column":17}},"18":{"start":{"line":46,"column":0},"end":{"line":46,"column":32}},"19":{"start":{"line":48,"column":17},"end":{"line":58,"column":1}},"20":{"start":{"line":49,"column":11},"end":{"line":49,"column":24}},"21":{"start":{"line":51,"column":14},"end":{"line":53,"column":4}},"22":{"start":{"line":52,"column":4},"end":{"line":52,"column":26}},"23":{"start":{"line":55,"column":2},"end":{"line":55,"column":84}},"24":{"start":{"line":57,"column":2},"end":{"line":57,"column":40}},"25":{"start":{"line":60,"column":0},"end":{"line":60,"column":32}}},"fnMap":{"0":{"name":"_interopRequireDefault","decl":{"start":{"line":12,"column":9},"end":{"line":12,"column":31}},"loc":{"start":{"line":12,"column":37},"end":{"line":12,"column":97}},"line":12},"1":{"name":"getAllPosts","decl":{"start":{"line":14,"column":27},"end":{"line":14,"column":38}},"loc":{"start":{"line":14,"column":49},"end":{"line":16,"column":1}},"line":14},"2":{"name":"getPostById","decl":{"start":{"line":20,"column":27},"end":{"line":20,"column":38}},"loc":{"start":{"line":20,"column":49},"end":{"line":28,"column":1}},"line":20},"3":{"name":"(anonymous_3)","decl":{"start":{"line":23,"column":48},"end":{"line":23,"column":49}},"loc":{"start":{"line":23,"column":64},"end":{"line":25,"column":3}},"line":23},"4":{"name":"createPost","decl":{"start":{"line":32,"column":26},"end":{"line":32,"column":36}},"loc":{"start":{"line":32,"column":47},"end":{"line":44,"column":1}},"line":32},"5":{"name":"deletePost","decl":{"start":{"line":48,"column":26},"end":{"line":48,"column":36}},"loc":{"start":{"line":48,"column":47},"end":{"line":58,"column":1}},"line":48},"6":{"name":"(anonymous_6)","decl":{"start":{"line":51,"column":47},"end":{"line":51,"column":48}},"loc":{"start":{"line":51,"column":63},"end":{"line":53,"column":3}},"line":51}},"branchMap":{"0":{"loc":{"start":{"line":12,"column":46},"end":{"line":12,"column":94}},"type":"cond-expr","locations":[{"start":{"line":12,"column":70},"end":{"line":12,"column":73}},{"start":{"line":12,"column":76},"end":{"line":12,"column":94}}],"line":12},"1":{"loc":{"start":{"line":12,"column":46},"end":{"line":12,"column":67}},"type":"binary-expr","locations":[{"start":{"line":12,"column":46},"end":{"line":12,"column":49}},{"start":{"line":12,"column":53},"end":{"line":12,"column":67}}],"line":12}},"s":{"0":1,"1":1,"2":1,"3":1,"4":1,"5":1,"6":0,"7":1,"8":1,"9":0,"10":0,"11":0,"12":0,"13":1,"14":1,"15":0,"16":0,"17":0,"18":1,"19":1,"20":0,"21":0,"22":0,"23":0,"24":0,"25":1},"f":{"0":1,"1":0,"2":0,"3":0,"4":0,"5":0,"6":0},"b":{"0":[1,0],"1":[1,1]},"inputSourceMap":{"version":3,"sources":["postsContr.js"],"names":["getAllPosts","req","res","send","posts","getPostById","id","params","post","filter","createPost","title","body","content","comment","author","push","deletePost","found","find","splice","indexOf"],"mappings":";;;;;;;AACA;;AACA;;;;AAEO,IAAMA,WAAW,GAAG,SAAdA,WAAc,CAACC,GAAD,EAAMC,GAAN,EAAc;AACrCA,EAAAA,GAAG,CAACC,IAAJ,CAASC,2BAAT;AACH,CAFM;;;;AAGA,IAAMC,WAAW,GAAG,SAAdA,WAAc,CAACJ,GAAD,EAAMC,GAAN,EAAc;AACrC,MAAII,EAAE,GAAGL,GAAG,CAACM,MAAJ,CAAWD,EAApB;;AACH,MAAIE,IAAI,GAAGJ,4BAAMK,MAAN,CAAa,UAACD,IAAD;AAAA,WAAUA,IAAI,CAACF,EAAL,KAAYA,EAAtB;AAAA,GAAb,CAAX;;AACAJ,EAAAA,GAAG,CAACC,IAAJ,CAASK,IAAT;AACA,CAJM;;;;AAKA,IAAME,UAAU,GAAG,SAAbA,UAAa,CAACT,GAAD,EAAMC,GAAN,EAAc;AACpC,MAAMM,IAAI,GAAG;AACTF,IAAAA,EAAE,EAAE,eADK;AAETK,IAAAA,KAAK,EAACV,GAAG,CAACW,IAAJ,CAASD,KAFN;AAGTE,IAAAA,OAAO,EAACZ,GAAG,CAACW,IAAJ,CAASC,OAHR;AAITC,IAAAA,OAAO,EAAC,EAJC;AAKTC,IAAAA,MAAM,EAAEd,GAAG,CAACW,IAAJ,CAASG;AALR,GAAb;;AAOAX,8BAAMY,IAAN,CAAWR,IAAX;;AACAN,EAAAA,GAAG,CAACC,IAAJ,CAASK,IAAT;AACH,CAVM;;;;AAYA,IAAMS,UAAU,GAAC,SAAXA,UAAW,CAAChB,GAAD,EAAKC,GAAL,EAAW;AAC/B,MAAII,EAAE,GAAGL,GAAG,CAACM,MAAJ,CAAWD,EAApB;;AACH,MAAIY,KAAK,GAAGd,4BAAMe,IAAN,CAAW,UAACX,IAAD;AAAA,WAAUA,IAAI,CAACF,EAAL,KAAYA,EAAtB;AAAA,GAAX,CAAZ;;AACAF,8BAAMgB,MAAN,CAAahB,4BAAMiB,OAAN,CAAcH,KAAd,CAAb,EAAmC,CAAnC;;AACAhB,EAAAA,GAAG,CAACC,IAAJ,CAASC,2BAAT;AACA,CALM","sourceRoot":"C:\\Users\\hp\\Desktop\\backend-blog-api\\SRC\\controllers\\","sourcesContent":["\r\nimport posts from '../models/postsCollection';\r\nimport { v4 as uuidv4 } from 'uuid';\r\n\r\nexport const getAllPosts = (req, res) => {\r\n    res.send(posts);\r\n};\r\nexport const getPostById = (req, res) => {\r\n    let id = req.params.id;\r\n\tlet post = posts.filter((post) => post.id === id);\r\n\tres.send(post);\r\n};\r\nexport const createPost = (req, res) => {\r\n    const post = {\r\n        id: uuidv4(),\r\n        title:req.body.title,\r\n        content:req.body.content, \r\n        comment:[],\r\n        author: req.body.author\r\n    };\r\n    posts.push(post);\r\n    res.send(post);\r\n};\r\n\r\nexport const deletePost=(req,res)=>{\r\n    let id = req.params.id;\r\n\tlet found = posts.find((post) => post.id === id);\r\n\tposts.splice(posts.indexOf(found), 1);\r\n\tres.send(posts);\r\n};"]},"_coverageSchema":"1a1c01bbd47fc00a2c39e90264f33305004495a9","hash":"55ebb03be1a067e755b67b735fcc20b26bf8f4c3","contentHash":"687599a87e83358641ae126308c24055c1c3e826ee5d84cbbfc8871120c8868a"},"C:\\Users\\hp\\Desktop\\backend-blog-api\\SRC\\models\\postsCollection.js":{"path":"C:\\Users\\hp\\Desktop\\backend-blog-api\\SRC\\models\\postsCollection.js","statementMap":{"0":{"start":{"line":3,"column":0},"end":{"line":5,"column":3}},"1":{"start":{"line":6,"column":0},"end":{"line":6,"column":28}},"2":{"start":{"line":8,"column":12},"end":{"line":8,"column":27}},"3":{"start":{"line":10,"column":54},"end":{"line":10,"column":73}},"4":{"start":{"line":10,"column":75},"end":{"line":10,"column":326}},"5":{"start":{"line":10,"column":125},"end":{"line":10,"column":161}},"6":{"start":{"line":10,"column":163},"end":{"line":10,"column":292}},"7":{"start":{"line":10,"column":183},"end":{"line":10,"column":292}},"8":{"start":{"line":10,"column":225},"end":{"line":10,"column":288}},"9":{"start":{"line":10,"column":293},"end":{"line":10,"column":324}},"10":{"start":{"line":10,"column":327},"end":{"line":10,"column":339}},"11":{"start":{"line":12,"column":33},"end":{"line":12,"column":517}},"12":{"start":{"line":12,"column":46},"end":{"line":12,"column":47}},"13":{"start":{"line":12,"column":91},"end":{"line":12,"column":131}},"14":{"start":{"line":12,"column":133},"end":{"line":12,"column":515}},"15":{"start":{"line":12,"column":146},"end":{"line":12,"column":247}},"16":{"start":{"line":12,"column":201},"end":{"line":12,"column":243}},"17":{"start":{"line":12,"column":255},"end":{"line":12,"column":515}},"18":{"start":{"line":12,"column":295},"end":{"line":12,"column":369}},"19":{"start":{"line":12,"column":379},"end":{"line":12,"column":513}},"20":{"start":{"line":12,"column":428},"end":{"line":12,"column":509}},"21":{"start":{"line":12,"column":518},"end":{"line":12,"column":532}},"22":{"start":{"line":14,"column":44},"end":{"line":14,"column":195}},"23":{"start":{"line":14,"column":62},"end":{"line":14,"column":166}},"24":{"start":{"line":14,"column":176},"end":{"line":14,"column":193}},"25":{"start":{"line":14,"column":196},"end":{"line":14,"column":207}},"26":{"start":{"line":16,"column":12},"end":{"line":28,"column":2}},"27":{"start":{"line":29,"column":0},"end":{"line":33,"column":3}},"28":{"start":{"line":30,"column":2},"end":{"line":32,"column":11}},"29":{"start":{"line":34,"column":15},"end":{"line":34,"column":20}},"30":{"start":{"line":35,"column":0},"end":{"line":35,"column":30}}},"fnMap":{"0":{"name":"ownKeys","decl":{"start":{"line":10,"column":9},"end":{"line":10,"column":16}},"loc":{"start":{"line":10,"column":41},"end":{"line":10,"column":341}},"line":10},"1":{"name":"(anonymous_1)","decl":{"start":{"line":10,"column":208},"end":{"line":10,"column":209}},"loc":{"start":{"line":10,"column":223},"end":{"line":10,"column":290}},"line":10},"2":{"name":"_objectSpread","decl":{"start":{"line":12,"column":9},"end":{"line":12,"column":22}},"loc":{"start":{"line":12,"column":31},"end":{"line":12,"column":534}},"line":12},"3":{"name":"(anonymous_3)","decl":{"start":{"line":12,"column":184},"end":{"line":12,"column":185}},"loc":{"start":{"line":12,"column":199},"end":{"line":12,"column":245}},"line":12},"4":{"name":"(anonymous_4)","decl":{"start":{"line":12,"column":411},"end":{"line":12,"column":412}},"loc":{"start":{"line":12,"column":426},"end":{"line":12,"column":511}},"line":12},"5":{"name":"_defineProperty","decl":{"start":{"line":14,"column":9},"end":{"line":14,"column":24}},"loc":{"start":{"line":14,"column":42},"end":{"line":14,"column":209}},"line":14},"6":{"name":"(anonymous_6)","decl":{"start":{"line":29,"column":18},"end":{"line":29,"column":19}},"loc":{"start":{"line":29,"column":34},"end":{"line":33,"column":1}},"line":29}},"branchMap":{"0":{"loc":{"start":{"line":10,"column":75},"end":{"line":10,"column":326}},"type":"if","locations":[{"start":{"line":10,"column":75},"end":{"line":10,"column":326}},{"start":{"line":10,"column":75},"end":{"line":10,"column":326}}],"line":10},"1":{"loc":{"start":{"line":10,"column":163},"end":{"line":10,"column":292}},"type":"if","locations":[{"start":{"line":10,"column":163},"end":{"line":10,"column":292}},{"start":{"line":10,"column":163},"end":{"line":10,"column":292}}],"line":10},"2":{"loc":{"start":{"line":12,"column":91},"end":{"line":12,"column":131}},"type":"cond-expr","locations":[{"start":{"line":12,"column":114},"end":{"line":12,"column":126}},{"start":{"line":12,"column":129},"end":{"line":12,"column":131}}],"line":12},"3":{"loc":{"start":{"line":12,"column":133},"end":{"line":12,"column":515}},"type":"if","locations":[{"start":{"line":12,"column":133},"end":{"line":12,"column":515}},{"start":{"line":12,"column":133},"end":{"line":12,"column":515}}],"line":12},"4":{"loc":{"start":{"line":12,"column":255},"end":{"line":12,"column":515}},"type":"if","locations":[{"start":{"line":12,"column":255},"end":{"line":12,"column":515}},{"start":{"line":12,"column":255},"end":{"line":12,"column":515}}],"line":12},"5":{"loc":{"start":{"line":14,"column":44},"end":{"line":14,"column":195}},"type":"if","locations":[{"start":{"line":14,"column":44},"end":{"line":14,"column":195}},{"start":{"line":14,"column":44},"end":{"line":14,"column":195}}],"line":14}},"s":{"0":1,"1":1,"2":1,"3":3,"4":3,"5":3,"6":3,"7":3,"8":0,"9":3,"10":3,"11":3,"12":3,"13":3,"14":3,"15":3,"16":9,"17":0,"18":0,"19":0,"20":0,"21":3,"22":9,"23":0,"24":9,"25":9,"26":1,"27":1,"28":3,"29":1,"30":1},"f":{"0":3,"1":0,"2":3,"3":9,"4":0,"5":9,"6":3},"b":{"0":[3,0],"1":[3,0],"2":[3,0],"3":[3,0],"4":[0,0],"5":[0,9]},"inputSourceMap":{"version":3,"sources":["postsCollection.js"],"names":["posts","title","content","author","map","post","id"],"mappings":";;;;;;;AAAA;;;;;;;;AAEA,IAAIA,KAAK,GAAG,CAAC;AAETC,EAAAA,KAAK,EAAE,8CAFE;AAGTC,EAAAA,OAAO,wOAHE;AAMTC,EAAAA,MAAM,EAAE;AANC,CAAD,EAQZ;AACIF,EAAAA,KAAK,EAAE,wCADX;AAEIC,EAAAA,OAAO,+RAFX;AAMIC,EAAAA,MAAM,EAAE;AANZ,CARY,EAiBZ;AACIF,EAAAA,KAAK,EAAE,gCADX;AAEIC,EAAAA,OAAO,4PAFX;AAMIC,EAAAA,MAAM,EAAE;AANZ,CAjBY,CAAZ;AA0BAH,KAAK,GAAGA,KAAK,CAACI,GAAN,CAAU,UAACC,IAAD;AAAA;AAAaC,IAAAA,EAAE,EAAE;AAAjB,KAA8BD,IAA9B;AAAA,CAAV,CAAR;eACeL,K","sourceRoot":"C:\\Users\\hp\\Desktop\\backend-blog-api\\SRC\\models\\","sourcesContent":["import { v4 as uuidv4 } from 'uuid';\r\n\r\nvar posts = [{\r\n    \r\n    title: 'Modern CSS Techniques To Improve Legibility.',\r\n    content: `In this article, we cover how we can improve websites legibility using some modern CSS techniques,\r\n    great new technologies like variable fonts and putting into practise what we learned from doing\r\n    scientific researches..`,\r\n    author: 'Admin'\r\n},\r\n{\r\n    title: 'Software design in software production',\r\n    content: `Convert Any Website into Android Application\r\n    in Android Studio in 10 minutes.\r\n    This tutorial walks you through creating a new Android Project, adding a WebView, loading a remote URL,\r\n    and then loading a local HTML page. Design - Material , Software used: Android Studio.`,\r\n    author: 'Solange'\r\n},\r\n\r\n{\r\n    title: 'HTML:HyperText Markup Language',\r\n    content: `HTML:HyperText Markup Language in 10 minutes.\r\n    This tutorial walks you through creating a new Android Project, adding a WebView, loading a remote URL,\r\n    and then loading a local HTML page. Design - Material , Software used: Android Studio...`,\r\n    \r\n    author: 'bebe'\r\n}\r\n];\r\nposts = posts.map((post) => ({ id: uuidv4(), ...post }));\r\nexport default posts;"]},"_coverageSchema":"1a1c01bbd47fc00a2c39e90264f33305004495a9","hash":"06bcae989861e40f34279cb2828b6772de8d2870","contentHash":"ef76463d5cb4cf32bacb675473bc24864c77dde38d91bf0def189fa4944c6fe1"},"C:\\Users\\hp\\Desktop\\backend-blog-api\\SRC\\routes\\commentsRoute.js":{"path":"C:\\Users\\hp\\Desktop\\backend-blog-api\\SRC\\routes\\commentsRoute.js","statementMap":{"0":{"start":{"line":3,"column":0},"end":{"line":5,"column":3}},"1":{"start":{"line":6,"column":0},"end":{"line":6,"column":28}},"2":{"start":{"line":8,"column":15},"end":{"line":8,"column":57}},"3":{"start":{"line":10,"column":21},"end":{"line":10,"column":60}},"4":{"start":{"line":12,"column":39},"end":{"line":12,"column":95}},"5":{"start":{"line":14,"column":13},"end":{"line":14,"column":41}},"6":{"start":{"line":16,"column":0},"end":{"line":16,"column":53}},"7":{"start":{"line":17,"column":0},"end":{"line":17,"column":45}},"8":{"start":{"line":18,"column":0},"end":{"line":18,"column":56}},"9":{"start":{"line":19,"column":0},"end":{"line":19,"column":49}},"10":{"start":{"line":20,"column":0},"end":{"line":20,"column":61}},"11":{"start":{"line":21,"column":15},"end":{"line":21,"column":21}},"12":{"start":{"line":22,"column":0},"end":{"line":22,"column":30}}},"fnMap":{"0":{"name":"_interopRequireDefault","decl":{"start":{"line":12,"column":9},"end":{"line":12,"column":31}},"loc":{"start":{"line":12,"column":37},"end":{"line":12,"column":97}},"line":12}},"branchMap":{"0":{"loc":{"start":{"line":12,"column":46},"end":{"line":12,"column":94}},"type":"cond-expr","locations":[{"start":{"line":12,"column":70},"end":{"line":12,"column":73}},{"start":{"line":12,"column":76},"end":{"line":12,"column":94}}],"line":12},"1":{"loc":{"start":{"line":12,"column":46},"end":{"line":12,"column":67}},"type":"binary-expr","locations":[{"start":{"line":12,"column":46},"end":{"line":12,"column":49}},{"start":{"line":12,"column":53},"end":{"line":12,"column":67}}],"line":12}},"s":{"0":1,"1":1,"2":1,"3":1,"4":1,"5":1,"6":1,"7":1,"8":1,"9":1,"10":1,"11":1,"12":1},"f":{"0":1},"b":{"0":[0,1],"1":[1,1]},"inputSourceMap":{"version":3,"sources":["commentsRoute.js"],"names":["router","express","Router","post","getAllComents","get","getAll","getComentById","put","update","deleteComent"],"mappings":";;;;;;;AAAA;;AACA;;;;AAEA,IAAMA,MAAM,GAAGC,oBAAQC,MAAR,EAAf;;AACAF,MAAM,CAACG,IAAP,CAAY,SAAZ,EAAuBC,4BAAvB;AACAJ,MAAM,CAACK,GAAP,CAAW,SAAX,EAAsBC,qBAAtB;AACAN,MAAM,CAACK,GAAP,CAAW,aAAX,EAA0BE,4BAA1B;AACAP,MAAM,CAACQ,GAAP,CAAW,aAAX,EAA0BC,qBAA1B;AACAT,MAAM,UAAN,CAAc,aAAd,EAA6BU,2BAA7B;eACeV,M","sourceRoot":"C:\\Users\\hp\\Desktop\\backend-blog-api\\SRC\\routes\\","sourcesContent":["import express from 'express';\r\nimport {getAllComents,getAll,getComentById,update,deleteComent} from '../controllers/commentsContr';\r\n\r\nconst router = express.Router();\r\nrouter.post('/coment', getAllComents);\r\nrouter.get('/coment', getAll);\r\nrouter.get('/coment/:id', getComentById);\r\nrouter.put('/coment/:id', update);\r\nrouter.delete('/coment/:id', deleteComent);\r\nexport default router;"]},"_coverageSchema":"1a1c01bbd47fc00a2c39e90264f33305004495a9","hash":"a8494aeb90bc4bd172917feb0db1c60eda103091","contentHash":"6a4c41d6e86e9749d3f161032dde9ed9ce1209db6efe059e79894971759dcf41"},"C:\\Users\\hp\\Desktop\\backend-blog-api\\SRC\\controllers\\commentsContr.js":{"path":"C:\\Users\\hp\\Desktop\\backend-blog-api\\SRC\\controllers\\commentsContr.js","statementMap":{"0":{"start":{"line":3,"column":0},"end":{"line":5,"column":3}},"1":{"start":{"line":6,"column":0},"end":{"line":6,"column":112}},"2":{"start":{"line":8,"column":26},"end":{"line":8,"column":89}},"3":{"start":{"line":10,"column":12},"end":{"line":10,"column":27}},"4":{"start":{"line":12,"column":39},"end":{"line":12,"column":95}},"5":{"start":{"line":14,"column":13},"end":{"line":29,"column":1}},"6":{"start":{"line":15,"column":2},"end":{"line":20,"column":3}},"7":{"start":{"line":16,"column":4},"end":{"line":19,"column":7}},"8":{"start":{"line":22,"column":2},"end":{"line":28,"column":5}},"9":{"start":{"line":31,"column":0},"end":{"line":31,"column":24}},"10":{"start":{"line":33,"column":20},"end":{"line":52,"column":1}},"11":{"start":{"line":34,"column":11},"end":{"line":34,"column":24}},"12":{"start":{"line":36,"column":15},"end":{"line":38,"column":4}},"13":{"start":{"line":37,"column":4},"end":{"line":37,"column":28}},"14":{"start":{"line":40,"column":2},"end":{"line":46,"column":3}},"15":{"start":{"line":41,"column":4},"end":{"line":45,"column":7}},"16":{"start":{"line":48,"column":2},"end":{"line":51,"column":5}},"17":{"start":{"line":54,"column":0},"end":{"line":54,"column":38}},"18":{"start":{"line":56,"column":20},"end":{"line":70,"column":1}},"19":{"start":{"line":57,"column":15},"end":{"line":61,"column":3}},"20":{"start":{"line":63,"column":2},"end":{"line":63,"column":46}},"21":{"start":{"line":65,"column":2},"end":{"line":69,"column":5}},"22":{"start":{"line":72,"column":0},"end":{"line":72,"column":38}},"23":{"start":{"line":74,"column":13},"end":{"line":95,"column":1}},"24":{"start":{"line":75,"column":11},"end":{"line":75,"column":24}},"25":{"start":{"line":77,"column":15},"end":{"line":79,"column":4}},"26":{"start":{"line":78,"column":4},"end":{"line":78,"column":28}},"27":{"start":{"line":81,"column":2},"end":{"line":89,"column":3}},"28":{"start":{"line":82,"column":4},"end":{"line":82,"column":35}},"29":{"start":{"line":83,"column":4},"end":{"line":83,"column":45}},"30":{"start":{"line":84,"column":4},"end":{"line":88,"column":7}},"31":{"start":{"line":91,"column":2},"end":{"line":94,"column":5}},"32":{"start":{"line":97,"column":0},"end":{"line":97,"column":24}},"33":{"start":{"line":99,"column":19},"end":{"line":122,"column":1}},"34":{"start":{"line":100,"column":11},"end":{"line":100,"column":24}},"35":{"start":{"line":102,"column":15},"end":{"line":104,"column":4}},"36":{"start":{"line":103,"column":4},"end":{"line":103,"column":28}},"37":{"start":{"line":106,"column":2},"end":{"line":116,"column":3}},"38":{"start":{"line":107,"column":12},"end":{"line":107,"column":61}},"39":{"start":{"line":109,"column":4},"end":{"line":109,"column":48}},"40":{"start":{"line":111,"column":4},"end":{"line":115,"column":7}},"41":{"start":{"line":118,"column":2},"end":{"line":121,"column":5}},"42":{"start":{"line":124,"column":0},"end":{"line":124,"column":36}}},"fnMap":{"0":{"name":"_interopRequireDefault","decl":{"start":{"line":12,"column":9},"end":{"line":12,"column":31}},"loc":{"start":{"line":12,"column":37},"end":{"line":12,"column":97}},"line":12},"1":{"name":"getAll","decl":{"start":{"line":14,"column":22},"end":{"line":14,"column":28}},"loc":{"start":{"line":14,"column":39},"end":{"line":29,"column":1}},"line":14},"2":{"name":"getComentById","decl":{"start":{"line":33,"column":29},"end":{"line":33,"column":42}},"loc":{"start":{"line":33,"column":53},"end":{"line":52,"column":1}},"line":33},"3":{"name":"(anonymous_3)","decl":{"start":{"line":36,"column":53},"end":{"line":36,"column":54}},"loc":{"start":{"line":36,"column":71},"end":{"line":38,"column":3}},"line":36},"4":{"name":"getAllComents","decl":{"start":{"line":56,"column":29},"end":{"line":56,"column":42}},"loc":{"start":{"line":56,"column":53},"end":{"line":70,"column":1}},"line":56},"5":{"name":"update","decl":{"start":{"line":74,"column":22},"end":{"line":74,"column":28}},"loc":{"start":{"line":74,"column":39},"end":{"line":95,"column":1}},"line":74},"6":{"name":"(anonymous_6)","decl":{"start":{"line":77,"column":53},"end":{"line":77,"column":54}},"loc":{"start":{"line":77,"column":71},"end":{"line":79,"column":3}},"line":77},"7":{"name":"deleteComent","decl":{"start":{"line":99,"column":28},"end":{"line":99,"column":40}},"loc":{"start":{"line":99,"column":51},"end":{"line":122,"column":1}},"line":99},"8":{"name":"(anonymous_8)","decl":{"start":{"line":102,"column":53},"end":{"line":102,"column":54}},"loc":{"start":{"line":102,"column":71},"end":{"line":104,"column":3}},"line":102}},"branchMap":{"0":{"loc":{"start":{"line":12,"column":46},"end":{"line":12,"column":94}},"type":"cond-expr","locations":[{"start":{"line":12,"column":70},"end":{"line":12,"column":73}},{"start":{"line":12,"column":76},"end":{"line":12,"column":94}}],"line":12},"1":{"loc":{"start":{"line":12,"column":46},"end":{"line":12,"column":67}},"type":"binary-expr","locations":[{"start":{"line":12,"column":46},"end":{"line":12,"column":49}},{"start":{"line":12,"column":53},"end":{"line":12,"column":67}}],"line":12},"2":{"loc":{"start":{"line":15,"column":2},"end":{"line":20,"column":3}},"type":"if","locations":[{"start":{"line":15,"column":2},"end":{"line":20,"column":3}},{"start":{"line":15,"column":2},"end":{"line":20,"column":3}}],"line":15},"3":{"loc":{"start":{"line":40,"column":2},"end":{"line":46,"column":3}},"type":"if","locations":[{"start":{"line":40,"column":2},"end":{"line":46,"column":3}},{"start":{"line":40,"column":2},"end":{"line":46,"column":3}}],"line":40},"4":{"loc":{"start":{"line":81,"column":2},"end":{"line":89,"column":3}},"type":"if","locations":[{"start":{"line":81,"column":2},"end":{"line":89,"column":3}},{"start":{"line":81,"column":2},"end":{"line":89,"column":3}}],"line":81},"5":{"loc":{"start":{"line":106,"column":2},"end":{"line":116,"column":3}},"type":"if","locations":[{"start":{"line":106,"column":2},"end":{"line":116,"column":3}},{"start":{"line":106,"column":2},"end":{"line":116,"column":3}}],"line":106}},"s":{"0":1,"1":1,"2":1,"3":1,"4":1,"5":1,"6":0,"7":0,"8":0,"9":1,"10":1,"11":0,"12":0,"13":0,"14":0,"15":0,"16":0,"17":1,"18":1,"19":0,"20":0,"21":0,"22":1,"23":1,"24":0,"25":0,"26":0,"27":0,"28":0,"29":0,"30":0,"31":0,"32":1,"33":1,"34":0,"35":0,"36":0,"37":0,"38":0,"39":0,"40":0,"41":0,"42":1},"f":{"0":1,"1":0,"2":0,"3":0,"4":0,"5":0,"6":0,"7":0,"8":0},"b":{"0":[1,0],"1":[1,1],"2":[0,0],"3":[0,0],"4":[0,0],"5":[0,0]},"inputSourceMap":{"version":3,"sources":["commentsContr.js"],"names":["getAll","req","res","coments","status","json","error","message","data","getComentById","id","params","coment","filter","getAllComents","name","body","comentMsg","push","update","deleteComent","a","indexOf","splice"],"mappings":";;;;;;;AAAA;;AACA;;;;AAGO,IAAMA,MAAM,GAAG,SAATA,MAAS,CAACC,GAAD,EAAMC,GAAN,EAAc;AAChC,MAAI,CAACC,8BAAL,EAAc;AACV,WAAOD,GAAG,CAACE,MAAJ,CAAW,GAAX,EAAgBC,IAAhB,CAAqB;AACxBD,MAAAA,MAAM,EAAE,GADgB;AAExBE,MAAAA,KAAK,EAAE;AAFiB,KAArB,CAAP;AAIH;;AACD,SAAOJ,GAAG,CAACE,MAAJ,CAAW,GAAX,EAAgBC,IAAhB,CAAqB;AACxBD,IAAAA,MAAM,EAAE,GADgB;AAExBG,IAAAA,OAAO,EAAE,gCAFe;AAGxBC,IAAAA,IAAI,EAAE;AACFL,MAAAA,OAAO,EAAPA;AADE;AAHkB,GAArB,CAAP;AAOH,CAdM;;;;AAeA,IAAMM,aAAa,GAAG,SAAhBA,aAAgB,CAACR,GAAD,EAAMC,GAAN,EAAc;AACvC,MAAMQ,EAAE,GAAGT,GAAG,CAACU,MAAJ,CAAWD,EAAtB;;AACA,MAAME,MAAM,GAAGT,+BAAQU,MAAR,CAAe,UAACD,MAAD,EAAY;AACtC,WAAOA,MAAM,CAACF,EAAP,KAAcA,EAArB;AACH,GAFc,CAAf;;AAGA,MAAIE,MAAM,CAAC,CAAD,CAAV,EAAe;AACX,WAAOV,GAAG,CAACE,MAAJ,CAAW,GAAX,EAAgBC,IAAhB,CAAqB;AACxBD,MAAAA,MAAM,EAAE,GADgB;AAExBG,MAAAA,OAAO,EAAE,+BAFe;AAGxBC,MAAAA,IAAI,EAAEI;AAHkB,KAArB,CAAP;AAKH;;AACD,SAAOV,GAAG,CAACE,MAAJ,CAAW,GAAX,EAAgBC,IAAhB,CAAqB;AACxBD,IAAAA,MAAM,EAAE,GADgB;AAExBE,IAAAA,KAAK,EAAE;AAFiB,GAArB,CAAP;AAKH,CAjBM;;;;AAkBA,IAAMQ,aAAa,GAAG,SAAhBA,aAAgB,CAACb,GAAD,EAAMC,GAAN,EAAc;AACvC,MAAMU,MAAM,GAAG;AACXF,IAAAA,EAAE,EAAE,eADO;AAEXK,IAAAA,IAAI,EAAEd,GAAG,CAACe,IAAJ,CAASD,IAFJ;AAGXE,IAAAA,SAAS,EAAEhB,GAAG,CAACe,IAAJ,CAASC;AAHT,GAAf;;AAKAd,iCAAQe,IAAR,CAAaN,MAAb;;AACA,SAAOV,GAAG,CAACE,MAAJ,CAAW,GAAX,EAAgBC,IAAhB,CAAqB;AACxBD,IAAAA,MAAM,EAAE,GADgB;AAExBG,IAAAA,OAAO,EAAE,6BAFe;AAGxBC,IAAAA,IAAI,EAAEI;AAHkB,GAArB,CAAP;AAMH,CAbM;;;;AAeA,IAAMO,MAAM,GAAC,SAAPA,MAAO,CAAClB,GAAD,EAAKC,GAAL,EAAW;AAC3B,MAAMQ,EAAE,GAAGT,GAAG,CAACU,MAAJ,CAAWD,EAAtB;;AACA,MAAME,MAAM,GAAGT,+BAAQU,MAAR,CAAe,UAACD,MAAD,EAAY;AACtC,WAAOA,MAAM,CAACF,EAAP,KAAcA,EAArB;AACH,GAFc,CAAf;;AAGA,MAAGE,MAAM,CAAC,CAAD,CAAT,EAAa;AACTA,IAAAA,MAAM,CAAC,CAAD,CAAN,CAAUG,IAAV,GAAed,GAAG,CAACe,IAAJ,CAASD,IAAxB;AACAH,IAAAA,MAAM,CAAC,CAAD,CAAN,CAAUK,SAAV,GAAqBhB,GAAG,CAACe,IAAJ,CAASC,SAA9B;AACA,WAAOf,GAAG,CAACE,MAAJ,CAAW,GAAX,EAAgBC,IAAhB,CAAqB;AACxBD,MAAAA,MAAM,EAAE,GADgB;AAExBG,MAAAA,OAAO,EAAE,6BAFe;AAGxBC,MAAAA,IAAI,EAAEI;AAHkB,KAArB,CAAP;AAKH;;AACD,SAAOV,GAAG,CAACE,MAAJ,CAAW,GAAX,EAAgBC,IAAhB,CAAqB;AACxBD,IAAAA,MAAM,EAAE,GADgB;AAExBE,IAAAA,KAAK,EAAE;AAFiB,GAArB,CAAP;AAKH,CAnBM;;;;AAqBA,IAAMc,YAAY,GAAC,SAAbA,YAAa,CAACnB,GAAD,EAAKC,GAAL,EAAW;AACjC,MAAMQ,EAAE,GAACT,GAAG,CAACU,MAAJ,CAAWD,EAApB;;AACA,MAAME,MAAM,GAAGT,+BAAQU,MAAR,CAAe,UAACD,MAAD,EAAY;AACtC,WAAOA,MAAM,CAACF,EAAP,KAAcA,EAArB;AACH,GAFc,CAAf;;AAGA,MAAGE,MAAM,CAAC,CAAD,CAAT,EAAa;AACT,QAAIS,CAAC,GAAGlB,+BAAQmB,OAAR,CAAgBV,MAAM,CAAC,CAAD,CAAtB,CAAR;;AACAT,mCAAQoB,MAAR,CAAeF,CAAf,EAAkB,CAAlB;;AACA,WAAOnB,GAAG,CAACE,MAAJ,CAAW,GAAX,EAAgBC,IAAhB,CAAqB;AACxBD,MAAAA,MAAM,EAAE,GADgB;AAExBG,MAAAA,OAAO,EAAE,6BAFe;AAGxBC,MAAAA,IAAI,EAAEI;AAHkB,KAArB,CAAP;AAKH;;AACD,SAAOV,GAAG,CAACE,MAAJ,CAAW,GAAX,EAAgBC,IAAhB,CAAqB;AACxBD,IAAAA,MAAM,EAAE,GADgB;AAExBE,IAAAA,KAAK,EAAE;AAFiB,GAArB,CAAP;AAIH,CAlBM","sourceRoot":"C:\\Users\\hp\\Desktop\\backend-blog-api\\SRC\\controllers\\","sourcesContent":["import coments from '../models/commentsCollection';\r\nimport { v4 as uuidv4 } from 'uuid';\r\n\r\n\r\nexport const getAll = (req, res) => {\r\n    if (!coments) {\r\n        return res.status(404).json({\r\n            status: 404,\r\n            error: 'No coments found',\r\n        });\r\n    }\r\n    return res.status(200).json({\r\n        status: 200,\r\n        message: 'coments successfully retrieved',\r\n        data: {\r\n            coments,\r\n        },\r\n    });\r\n};\r\nexport const getComentById = (req, res) => {\r\n    const id = req.params.id;\r\n    const coment = coments.filter((coment) => {\r\n        return coment.id === id;\r\n    });\r\n    if (coment[0]) {\r\n        return res.status(200).json({\r\n            status: 200,\r\n            message: 'coment successfully retrieved',\r\n            data: coment,\r\n        });\r\n    }\r\n    return res.status(404).json({\r\n        status: 404,\r\n        error: 'coment not found',\r\n    });\r\n\r\n};\r\nexport const getAllComents = (req, res) => {\r\n    const coment = {\r\n        id: uuidv4(),\r\n        name: req.body.name,\r\n        comentMsg: req.body.comentMsg,\r\n    };\r\n    coments.push(coment);\r\n    return res.status(201).json({\r\n        status: 201,\r\n        message: 'coment successfully created',\r\n        data: coment,\r\n    });\r\n\r\n};\r\n\r\nexport const update=(req,res)=>{\r\n    const id = req.params.id;\r\n    const coment = coments.filter((coment) => {\r\n        return coment.id === id;\r\n    });\r\n    if(coment[0]){\r\n        coment[0].name=req.body.name;\r\n        coment[0].comentMsg= req.body.comentMsg;\r\n        return res.status(200).json({\r\n            status: 200,\r\n            message: 'coment successfully updated',\r\n            data: coment,\r\n        });\r\n    }\r\n    return res.status(404).json({\r\n        status: 404,\r\n        error: 'coment not found',\r\n    });\r\n    \r\n}\r\n\r\nexport const deleteComent=(req,res)=>{\r\n    const id=req.params.id;\r\n    const coment = coments.filter((coment) => {\r\n        return coment.id === id;\r\n    });\r\n    if(coment[0]){\r\n        var a = coments.indexOf(coment[0]);\r\n        coments.splice(a, 1);\r\n        return res.status(200).json({\r\n            status: 200,\r\n            message: 'coment successfully deleted',\r\n            data: coment,\r\n        });\r\n    }\r\n    return res.status(404).json({\r\n        status: 404,\r\n        error: 'coment not found',\r\n    });\r\n}"]},"_coverageSchema":"1a1c01bbd47fc00a2c39e90264f33305004495a9","hash":"b4924ae5a0d1db02ae0c38472fbf0c6af1bd83d9","contentHash":"62e35728355207bc93fbece3b6d39381f37a27bc61efb8cc2c931580c6a1d966"},"C:\\Users\\hp\\Desktop\\backend-blog-api\\SRC\\models\\commentsCollection.js":{"path":"C:\\Users\\hp\\Desktop\\backend-blog-api\\SRC\\models\\commentsCollection.js","statementMap":{"0":{"start":{"line":3,"column":0},"end":{"line":5,"column":3}},"1":{"start":{"line":6,"column":0},"end":{"line":6,"column":28}},"2":{"start":{"line":8,"column":12},"end":{"line":8,"column":27}},"3":{"start":{"line":10,"column":54},"end":{"line":10,"column":73}},"4":{"start":{"line":10,"column":75},"end":{"line":10,"column":326}},"5":{"start":{"line":10,"column":125},"end":{"line":10,"column":161}},"6":{"start":{"line":10,"column":163},"end":{"line":10,"column":292}},"7":{"start":{"line":10,"column":183},"end":{"line":10,"column":292}},"8":{"start":{"line":10,"column":225},"end":{"line":10,"column":288}},"9":{"start":{"line":10,"column":293},"end":{"line":10,"column":324}},"10":{"start":{"line":10,"column":327},"end":{"line":10,"column":339}},"11":{"start":{"line":12,"column":33},"end":{"line":12,"column":517}},"12":{"start":{"line":12,"column":46},"end":{"line":12,"column":47}},"13":{"start":{"line":12,"column":91},"end":{"line":12,"column":131}},"14":{"start":{"line":12,"column":133},"end":{"line":12,"column":515}},"15":{"start":{"line":12,"column":146},"end":{"line":12,"column":247}},"16":{"start":{"line":12,"column":201},"end":{"line":12,"column":243}},"17":{"start":{"line":12,"column":255},"end":{"line":12,"column":515}},"18":{"start":{"line":12,"column":295},"end":{"line":12,"column":369}},"19":{"start":{"line":12,"column":379},"end":{"line":12,"column":513}},"20":{"start":{"line":12,"column":428},"end":{"line":12,"column":509}},"21":{"start":{"line":12,"column":518},"end":{"line":12,"column":532}},"22":{"start":{"line":14,"column":44},"end":{"line":14,"column":195}},"23":{"start":{"line":14,"column":62},"end":{"line":14,"column":166}},"24":{"start":{"line":14,"column":176},"end":{"line":14,"column":193}},"25":{"start":{"line":14,"column":196},"end":{"line":14,"column":207}},"26":{"start":{"line":16,"column":14},"end":{"line":22,"column":2}},"27":{"start":{"line":23,"column":0},"end":{"line":27,"column":3}},"28":{"start":{"line":24,"column":2},"end":{"line":26,"column":13}},"29":{"start":{"line":28,"column":15},"end":{"line":28,"column":22}},"30":{"start":{"line":29,"column":0},"end":{"line":29,"column":30}}},"fnMap":{"0":{"name":"ownKeys","decl":{"start":{"line":10,"column":9},"end":{"line":10,"column":16}},"loc":{"start":{"line":10,"column":41},
[...]
},{"start":{"line":20,"column":243},"end":{"line":20,"column":257}}],"line":20},"13":{"loc":{"start":{"line":20,"column":331},"end":{"line":20,"column":387}},"type":"binary-expr","locations":[{"start":{"line":20,"column":331},"end":{"line":20,"column":352}},{"start":{"line":20,"column":356},"end":{"line":20,"column":387}}],"line":20},"14":{"loc":{"start":{"line":20,"column":412},"end":{"line":20,"column":667}},"type":"if","locations":[{"start":{"line":20,"column":412},"end":{"line":20,"column":667}},{"start":{"line":20,"column":412},"end":{"line":20,"column":667}}],"line":20},"15":{"loc":{"start":{"line":20,"column":477},"end":{"line":20,"column":549}},"type":"cond-expr","locations":[{"start":{"line":20,"column":501},"end":{"line":20,"column":542}},{"start":{"line":20,"column":545},"end":{"line":20,"column":549}}],"line":20},"16":{"loc":{"start":{"line":20,"column":551},"end":{"line":20,"column":665}},"type":"if","locations":[{"start":{"line":20,"column":551},"end":{"line":20,"column":665}},{"start":{"line":20,"column":551},"end":{"line":20,"column":665}}],"line":20},"17":{"loc":{"start":{"line":20,"column":555},"end":{"line":20,"column":585}},"type":"binary-expr","locations":[{"start":{"line":20,"column":555},"end":{"line":20,"column":559}},{"start":{"line":20,"column":564},"end":{"line":20,"column":572}},{"start":{"line":20,"column":576},"end":{"line":20,"column":584}}],"line":20},"18":{"loc":{"start":{"line":20,"column":695},"end":{"line":20,"column":733}},"type":"if","locations":[{"start":{"line":20,"column":695},"end":{"line":20,"column":733}},{"start":{"line":20,"column":695},"end":{"line":20,"column":733}}],"line":20},"19":{"loc":{"start":{"line":30,"column":4},"end":{"line":37,"column":5}},"type":"if","locations":[{"start":{"line":30,"column":4},"end":{"line":37,"column":5}},{"start":{"line":30,"column":4},"end":{"line":37,"column":5}}],"line":30}},"s":{"0":1,"1":1,"2":1,"3":0,"4":0,"5":1,"6":1,"7":1,"8":1,"9":1,"10":1,"11":1,"12":1,"13":0,"14":1,"15":1,"16":0,"17":1,"18":1,"19":0,"20":1,"21":0,"22":1,"23":1,"24":0,"25":1,"26":1,"27":1,"28":11,"29":11,"30":11,"31":0,"32":11,"33":1,"34":1,"35":1,"36":1,"37":1,"38":1,"39":1,"40":1,"41":1,"42":0,"43":0,"44":0,"45":0,"46":1,"47":1},"f":{"0":1,"1":1,"2":0,"3":1,"4":1,"5":0,"6":1,"7":0,"8":0},"b":{"0":[1,0],"1":[1,1],"2":[0,0],"3":[0,0,0,0],"4":[0,1],"5":[1,1],"6":[0,1],"7":[0,1],"8":[1,1],"9":[0,1],"10":[1,1,1],"11":[0,1],"12":[1,1],"13":[1,1],"14":[11,0],"15":[11,0],"16":[0,11],"17":[11,11,11],"18":[1,0],"19":[0,0]},"inputSourceMap":{"version":3,"sources":["authRoutes.js"],"names":["authorize","require","router","express","Router","get","getAPI","post","getToken","verifyToken","req","res","jwt","verify","token","err","authData","sendStatus","json","message"],"mappings":";;;;;;;;;AAAA;;AACA;;AACA;;;;;;;;AACA,IAAMA,SAAS,GAAGC,OAAO,CAAC,yCAAD,CAAzB;;AAGA,IAAMC,MAAM,GAAGC,oBAAQC,MAAR,EAAf;;AACAF,MAAM,CAACG,GAAP,CAAW,MAAX,EAAkBC,yBAAlB;AACAJ,MAAM,CAACK,IAAP,CAAY,QAAZ,EAAsBC,2BAAtB;AAEAN,MAAM,CAACK,IAAP,CAAY,WAAZ,EAAwBE,8BAAxB,EAAqC,UAACC,GAAD,EAAMC,GAAN,EAAc;AAC/CC,2BAAIC,MAAJ,CAAWH,GAAG,CAACI,KAAf,EAAsB,0BAAtB,EAAkD,UAACC,GAAD,EAAMC,QAAN,EAAmB;AACjE,QAAGD,GAAH,EAAQ;AACJJ,MAAAA,GAAG,CAACM,UAAJ,CAAe,GAAf;AACH,KAFD,MAEM;AACFN,MAAAA,GAAG,CAACO,IAAJ,CAAS;AACLC,QAAAA,OAAO,EAAE,oBADJ;AAELH,QAAAA,QAAQ,EAARA;AAFK,OAAT;AAIH;AACJ,GATD;AAWH,CAZD;eAced,M","sourceRoot":"C:\\Users\\hp\\Desktop\\backend-blog-api\\SRC\\routes\\","sourcesContent":["import express, { Router } from 'express'; \r\nimport { getAPI, verifyToken, getToken} from '../middlewares/authenticationjwt';\r\nimport jwt from 'jsonwebtoken'\r\nconst authorize = require('../middlewares/autorization.middlewares');\r\n\r\n\r\nconst router = express.Router();\r\nrouter.get('/api',getAPI );\r\nrouter.post('/login', getToken);\r\n\r\nrouter.post('/register',verifyToken, (req, res) => {\r\n    jwt.verify(req.token, 'my_super_secret_key_ange', (err, authData) => {\r\n        if(err) {\r\n            res.sendStatus(403);\r\n        } else{\r\n            res.json({\r\n                message: 'Post created .....',\r\n                authData\r\n            });\r\n        }\r\n    })\r\n\r\n});\r\n\r\nexport default router;"]},"_coverageSchema":"1a1c01bbd47fc00a2c39e90264f33305004495a9","hash":"a9d9255e957902570d2a9faf21fd4f449ead15c1","contentHash":"16ce622ba7ca2daa1f6f2ca6eaf8f99b10a65cca6c4546f9248dc489680fd5f9"},"C:\\Users\\hp\\Desktop\\backend-blog-api\\SRC\\middlewares\\authenticationjwt.js":{"path":"C:\\Users\\hp\\Desktop\\backend-blog-api\\SRC\\middlewares\\authenticationjwt.js","statementMap":{"0":{"start":{"line":3,"column":0},"end":{"line":5,"column":3}},"1":{"start":{"line":6,"column":0},"end":{"line":6,"column":65}},"2":{"start":{"line":9,"column":14},"end":{"line":9,"column":32}},"3":{"start":{"line":11,"column":10},"end":{"line":11,"column":33}},"4":{"start":{"line":13,"column":16},"end":{"line":13,"column":53}},"5":{"start":{"line":15,"column":31},"end":{"line":15,"column":67}},"6":{"start":{"line":16,"column":10},"end":{"line":16,"column":19}},"7":{"start":{"line":18,"column":15},"end":{"line":32,"column":1}},"8":{"start":{"line":19,"column":13},"end":{"line":24,"column":3}},"9":{"start":{"line":25,"column":2},"end":{"line":31,"column":5}},"10":{"start":{"line":28,"column":4},"end":{"line":30,"column":7}},"11":{"start":{"line":34,"column":0},"end":{"line":34,"column":28}},"12":{"start":{"line":36,"column":13},"end":{"line":40,"column":1}},"13":{"start":{"line":37,"column":2},"end":{"line":39,"column":5}},"14":{"start":{"line":42,"column":0},"end":{"line":42,"column":24}},"15":{"start":{"line":44,"column":18},"end":{"line":55,"column":1}},"16":{"start":{"line":45,"column":21},"end":{"line":45,"column":49}},"17":{"start":{"line":47,"column":2},"end":{"line":54,"column":3}},"18":{"start":{"line":48,"column":17},"end":{"line":48,"column":40}},"19":{"start":{"line":49,"column":22},"end":{"line":49,"column":31}},"20":{"start":{"line":50,"column":4},"end":{"line":50,"column":28}},"21":{"start":{"line":51,"column":4},"end":{"line":51,"column":11}},"22":{"start":{"line":53,"column":4},"end":{"line":53,"column":24}},"23":{"start":{"line":57,"column":0},"end":{"line":57,"column":34}}},"fnMap":{"0":{"name":"getToken","decl":{"start":{"line":18,"column":24},"end":{"line":18,"column":32}},"loc":{"start":{"line":18,"column":43},"end":{"line":32,"column":1}},"line":18},"1":{"name":"(anonymous_1)","decl":{"start":{"line":27,"column":5},"end":{"line":27,"column":6}},"loc":{"start":{"line":27,"column":27},"end":{"line":31,"column":3}},"line":27},"2":{"name":"getAPI","decl":{"start":{"line":36,"column":22},"end":{"line":36,"column":28}},"loc":{"start":{"line":36,"column":39},"end":{"line":40,"column":1}},"line":36},"3":{"name":"verifyToken","decl":{"start":{"line":44,"column":27},"end":{"line":44,"column":38}},"loc":{"start":{"line":44,"column":55},"end":{"line":55,"column":1}},"line":44}},"branchMap":{"0":{"loc":{"start":{"line":47,"column":2},"end":{"line":54,"column":3}},"type":"if","locations":[{"start":{"line":47,"column":2},"end":{"line":54,"column":3}},{"start":{"line":47,"column":2},"end":{"line":54,"column":3}}],"line":47}},"s":{"0":1,"1":1,"2":1,"3":1,"4":1,"5":1,"6":1,"7":1,"8":0,"9":0,"10":0,"11":1,"12":1,"13":0,"14":1,"15":1,"16":0,"17":0,"18":0,"19":0,"20":0,"21":0,"22":0,"23":1},"f":{"0":0,"1":0,"2":0,"3":0},"b":{"0":[0,0]},"inputSourceMap":{"version":3,"sources":["authenticationjwt.js"],"names":["express","require","jwt","authorize","my_super_secret_key_ange","process","env","app","getToken","req","res","user","id","name","sign","expiresIn","err","token","json","getAPI","message","verifyToken","next","bearerHeader","headers","bearer","split","bearerToken","sendStatus"],"mappings":";;;;;;;AAAA;AACA,IAAMA,OAAO,GAAGC,OAAO,CAAC,SAAD,CAAvB;;AACA,IAAMC,GAAG,GAAGD,OAAO,CAAC,cAAD,CAAnB;;AACA,IAAME,SAAS,GAAGF,OAAO,CAAC,4BAAD,CAAzB;;IACOG,wB,GAA4BC,OAAO,CAACC,G,CAApCF,wB;AAGP,IAAMG,GAAG,GAAGP,OAAO,EAAnB,C,CAEA;;AACO,IAAMQ,QAAQ,GAAG,SAAXA,QAAW,CAACC,GAAD,EAAMC,GAAN,EAAa;AAEjC,MAAMC,IAAI,GAAG;AACTC,IAAAA,EAAE,EAAE,GADK;AAETC,IAAAA,IAAI,EAAG,MAFE,CAGT;AACA;;AAJS,GAAb;AAMHX,EAAAA,GAAG,CAACY,IAAJ,CAASH,IAAT,EAAc,0BAAd,EAAyC;AAAEI,IAAAA,SAAS,EAAE;AAAb,GAAzC,EAA6D,UAACC,GAAD,EAAMC,KAAN,EAAgB;AAEtEP,IAAAA,GAAG,CAACQ,IAAJ,CAAS;AACPD,MAAAA,KAAK,EAALA;AADO,KAAT;AAGH,GALJ;AAOA,CAfM;;;;AAiBA,IAAME,MAAM,GAAG,SAATA,MAAS,CAACV,GAAD,EAAMC,GAAN,EAAc;AAChCA,EAAAA,GAAG,CAACQ,IAAJ,CAAS;AACLE,IAAAA,OAAO,EAAE;AADJ,GAAT;AAGH,CAJM;;;;AAMA,IAAMC,WAAW,GAAE,SAAbA,WAAa,CAACZ,GAAD,EAAMC,GAAN,EAAWY,IAAX,EAAkB;AACxC,MAAMC,YAAY,GAAGd,GAAG,CAACe,OAAJ,CAAY,eAAZ,CAArB;;AACA,MAAG,OAAOD,YAAP,KAAwB,WAA3B,EAAwC;AACpC,QAAME,MAAM,GAAGF,YAAY,CAACG,KAAb,CAAmB,GAAnB,CAAf;AACA,QAAMC,WAAW,GAAGF,MAAM,CAAC,CAAD,CAA1B;AACAhB,IAAAA,GAAG,CAACQ,KAAJ,GAAYU,WAAZ;AACAL,IAAAA,IAAI;AACP,GALD,MAKM;AACFZ,IAAAA,GAAG,CAACkB,UAAJ,CAAe,GAAf;AACH;AACJ,CAVM","sourceRoot":"C:\\Users\\hp\\Desktop\\backend-blog-api\\SRC\\middlewares\\","sourcesContent":["// import {} from 'dotenv/config';\r\nconst express = require('express');\r\nconst jwt = require('jsonwebtoken');\r\nconst authorize = require('./autorization.middlewares');\r\nconst {my_super_secret_key_ange} = process.env;\r\n\r\n\r\nconst app = express();\r\n\r\n//user should be Authenticated !!\r\nexport const getToken = (req, res) =>{\r\n\r\n    const user = {\r\n        id: \"1\",\r\n        name : \"ANGE\"\r\n        // password: \"\",\r\n        // role: \"admin\"\r\n    }\r\n jwt.sign(user,\"my_super_secret_key_ange\",{ expiresIn: '30s'},(err, token) => {\r\n        \r\n        res.json({\r\n          token\r\n        });\r\n    });\r\n   \r\n}\r\n\r\nexport const getAPI = (req, res) => {\r\n    res.json({\r\n        message: 'welcome to the API'\r\n    });\r\n}\r\n\r\nexport const verifyToken= (req, res, next)=>{\r\n    const bearerHeader = req.headers['authorization'];\r\n    if(typeof bearerHeader !== 'undefined') {\r\n        const bearer = bearerHeader.split(' ');\r\n        const bearerToken = bearer[1];\r\n        req.token = bearerToken;\r\n        next();\r\n    } else{\r\n        res.sendStatus(403);\r\n    }\r\n};"]},"_coverageSchema":"1a1c01bbd47fc00a2c39e90264f33305004495a9","hash":"c35cb4a12a30a174440223658cc1093523d1174e","contentHash":"88f878f324391f3564611d2e244eaf25fb291bcd1fa408dc3e6178fafc98f459"},"C:\\Users\\hp\\Desktop\\backend-blog-api\\SRC\\middlewares\\autorization.middlewares.js":{"path":"C:\\Users\\hp\\Desktop\\backend-blog-api\\SRC\\middlewares\\autorization.middlewares.js","statementMap":{"0":{"start":{"line":3,"column":10},"end":{"line":3,"column":33}},"1":{"start":{"line":5,"column":0},"end":{"line":18,"column":2}},"2":{"start":{"line":6,"column":2},"end":{"line":17,"column":4}},"3":{"start":{"line":7,"column":4},"end":{"line":7,"column":44}},"4":{"start":{"line":8,"column":4},"end":{"line":8,"column":11}},"5":{"start":{"line":10,"column":16},"end":{"line":10,"column":44}},"6":{"start":{"line":12,"column":4},"end":{"line":16,"column":5}},"7":{"start":{"line":13,"column":6},"end":{"line":13,"column":51}},"8":{"start":{"line":15,"column":6},"end":{"line":15,"column":13}}},"fnMap":{"0":{"name":"(anonymous_0)","decl":{"start":{"line":5,"column":17},"end":{"line":5,"column":18}},"loc":{"start":{"line":5,"column":29},"end":{"line":18,"column":1}},"line":5},"1":{"name":"(anonymous_1)","decl":{"start":{"line":6,"column":9},"end":{"line":6,"column":10}},"loc":{"start":{"line":6,"column":35},"end":{"line":17,"column":3}},"line":6}},"branchMap":{"0":{"loc":{"start":{"line":12,"column":4},"end":{"line":16,"column":5}},"type":"if","locations":[{"start":{"line":12,"column":4},"end":{"line":16,"column":5}},{"start":{"line":12,"column":4},"end":{"line":16,"column":5}}],"line":12}},"s":{"0":1,"1":1,"2":0,"3":0,"4":0,"5":0,"6":0,"7":0,"8":0},"f":{"0":0,"1":0},"b":{"0":[0,0]},"inputSourceMap":{"version":3,"sources":["autorization.middlewares.js"],"names":["jwt","require","module","exports","req","res","next","console","log","token","headers","status","send"],"mappings":";;AAAA,IAAMA,GAAG,GAAGC,OAAO,CAAC,cAAD,CAAnB;;AACAC,MAAM,CAACC,OAAP,GAAiB,YAAK;AAClB,SAAM,UAACC,GAAD,EAAMC,GAAN,EAAWC,IAAX,EAAmB;AACrBC,IAAAA,OAAO,CAACC,GAAR,CAAY,0BAAZ;AACAF,IAAAA,IAAI,GAFiB,CAI7B;;AACA,QAAMG,KAAK,GAAGL,GAAG,CAACM,OAAJ,CAAY,eAAZ,CAAd;;AACA,QAAG,CAACD,KAAJ,EAAU;AACN,aAAOJ,GAAG,CAACM,MAAJ,CAAW,GAAX,EAAgBC,IAAhB,CAAqB,eAArB,CAAP;AACH,KAFD,MAEK;AACDN,MAAAA,IAAI;AACP;AACA,GAXG;AAYH,CAbD","sourceRoot":"C:\\Users\\hp\\Desktop\\backend-blog-api\\SRC\\middlewares\\","sourcesContent":["const jwt = require('jsonwebtoken');\r\nmodule.exports = () =>{\r\n    return(req, res, next) =>{\r\n        console.log('Autorization moddlewares');\r\n        next();\r\n  \r\n// find jwtin Headers\r\nconst token = req.headers['authorization'];\r\nif(!token){\r\n    return res.status(401).send(\"Access denied\");\r\n}else{\r\n    next();\r\n}\r\n};\r\n};"]},"_coverageSchema":"1a1c01bbd47fc00a2c39e90264f33305004495a9","hash":"c0ccbb0466b5d4f18becca91ab5e26bb833c52d3","contentHash":"ec41681d92fd9f91dd0f621ee2c5c9ab27b5de99da2a933af6c49d36e85d43fa"},"C:\\Users\\hp\\Desktop\\backend-blog-api\\SRC\\models\\favposts.collection.js":{"path":"C:\\Users\\hp\\Desktop\\backend-blog-api\\SRC\\models\\favposts.collection.js","statementMap":{"0":{"start":{"line":3,"column":0},"end":{"line":5,"column":3}},"1":{"start":{"line":6,"column":0},"end":{"line":6,"column":26}},"2":{"start":{"line":7,"column":15},"end":{"line":19,"column":2}},"3":{"start":{"line":20,"column":0},"end":{"line":20,"column":28}}},"fnMap":{},"branchMap":{},"s":{"0":1,"1":1,"2":1,"3":1},"f":{},"b":{},"inputSourceMap":{"version":3,"sources":["favposts.collection.js"],"names":["favPosts","title","content","author"],"mappings":";;;;;;AAAO,IAAMA,QAAQ,GAAG,CACpB;AACIC,EAAAA,KAAK,EAAE,8CADX;AAEIC,EAAAA,OAAO,gPAFX;AAKIC,EAAAA,MAAM,EAAE;AALZ,CADoB,EAQpB;AACIF,EAAAA,KAAK,EAAE,wCADX;AAEIC,EAAAA,OAAO,2SAFX;AAMIC,EAAAA,MAAM,EAAE;AANZ,CARoB,EAiBpB;AACIF,EAAAA,KAAK,EAAE,gCADX;AAEIC,EAAAA,OAAO,oQAFX;AAMIC,EAAAA,MAAM,EAAE;AANZ,CAjBoB,CAAjB","sourceRoot":"C:\\Users\\hp\\Desktop\\backend-blog-api\\SRC\\models\\","sourcesContent":["export const favPosts = [\r\n    {\r\n        title: 'Modern CSS Techniques To Improve Legibility.',\r\n        content: `In this article, we cover how we can improve websites legibility using some modern CSS techniques,\r\n        great new technologies like variable fonts and putting into practise what we learned from doing\r\n        scientific researches..`,\r\n        author: 'Admin'\r\n    },\r\n    {\r\n        title: 'Software design in software production',\r\n        content: `Convert Any Website into Android Application\r\n        in Android Studio in 10 minutes.\r\n        This tutorial walks you through creating a new Android Project, adding a WebView, loading a remote URL,\r\n        and then loading a local HTML page. Design - Material , Software used: Android Studio.`,\r\n        author: 'Solange'\r\n    },\r\n    \r\n    {\r\n        title: 'HTML:HyperText Markup Language',\r\n        content: `HTML:HyperText Markup Language in 10 minutes.\r\n        This tutorial walks you through creating a new Android Project, adding a WebView, loading a remote URL,\r\n        and then loading a local HTML page. Design - Material , Software used: Android Studio...`,\r\n        \r\n        author: 'bebe'\r\n    }\r\n];\r\n\r\n"]},"_coverageSchema":"1a1c01bbd47fc00a2c39e90264f33305004495a9","hash":"ca5eecbdf868c52a784f39a2fc25e8141bc241e1","contentHash":"a84c7177f1c400e59284e32f98e1694eb9d2d1cd10213b9cc753b16838f9fa71"},"C:\\Users\\hp\\Desktop\\backend-blog-api\\SRC\\models\\favmessage.collection.js":{"path":"C:\\Users\\hp\\Desktop\\backend-blog-api\\SRC\\models\\favmessage.collection.js","statementMap":{"0":{"start":{"line":3,"column":0},"end":{"line":5,"column":3}},"1":{"start":{"line":6,"column":0},"end":{"line":6,"column":24}},"2":{"start":{"line":7,"column":13},"end":{"line":22,"column":2}},"3":{"start":{"line":23,"column":0},"end":{"line":23,"column":24}}},"fnMap":{},"branchMap":{},"s":{"0":1,"1":1,"2":1,"3":1},"f":{},"b":{},"inputSourceMap":{"version":3,"sources":["favmessage.collection.js"],"names":["favMsg","email","name","msg","date","Date"],"mappings":";;;;;;AAAO,IAAMA,MAAM,GAAG,CACrB;AACCC,EAAAA,KAAK,EAAE,gBADR;AAECC,EAAAA,IAAI,EAAE,MAFP;AAGCC,EAAAA,GAAG,EAAE,kBAHN;AAICC,EAAAA,IAAI,EAAE,IAAIC,IAAJ;AAJP,CADqB,EAOrB;AACCJ,EAAAA,KAAK,EAAE,oBADR;AAECC,EAAAA,IAAI,EAAE,UAFP;AAGCC,EAAAA,GAAG,EAAE,YAHN;AAICC,EAAAA,IAAI,EAAE,IAAIC,IAAJ;AAJP,CAPqB,EAarB;AACCJ,EAAAA,KAAK,EAAE,kBADR;AAECC,EAAAA,IAAI,EAAE,WAFP;AAGCC,EAAAA,GAAG,EAAE,aAHN;AAICC,EAAAA,IAAI,EAAE,IAAIC,IAAJ;AAJP,CAbqB,CAAf","sourceRoot":"C:\\Users\\hp\\Desktop\\backend-blog-api\\SRC\\models\\","sourcesContent":["export const favMsg = [\r\n\t{\r\n\t\temail: 'ange@gmail.com',\r\n\t\tname: 'Ange',\r\n\t\tmsg: 'Hello, well done',\r\n\t\tdate: new Date(),\r\n\t},\r\n\t{\r\n\t\temail: 'benimana@gmail.com',\r\n\t\tname: 'benimena',\r\n\t\tmsg: 'great work',\r\n\t\tdate: new Date(),\r\n\t},\r\n\t{\r\n\t\temail: 'koko10@gmail.com',\r\n\t\tname: 'koko lolo',\r\n\t\tmsg: 'Hello there',\r\n\t\tdate: new Date(),\r\n\t},\r\n];"]},"_coverageSchema":"1a1c01bbd47fc00a2c39e90264f33305004495a9","hash":"08174c6bec54a84409d8daba37363b62a7ef681c","contentHash":"32b1305ec6f748f0237e4c46ccd407cbbc9d0bda875c786b817deecf16bfecd6"},"C:\\Users\\hp\\Desktop\\backend-blog-api\\SRC\\models\\favcomments.collection.js":{"path":"C:\\Users\\hp\\Desktop\\backend-blog-api\\SRC\\models\\favcomments.collection.js","statementMap":{"0":{"start":{"line":3,"column":0},"end":{"line":5,"column":3}},"1":{"start":{"line":6,"column":0},"end":{"line":6,"column":25}},"2":{"start":{"line":7,"column":14},"end":{"line":13,"column":2}},"3":{"start":{"line":14,"column":0},"end":{"line":14,"column":26}}},"fnMap":{},"branchMap":{},"s":{"0":1,"1":1,"2":1,"3":1},"f":{},"b":{},"inputSourceMap":{"version":3,"sources":["favcomments.collection.js"],"names":["favCmts","name","comentMsg"],"mappings":";;;;;;AAAO,IAAMA,OAAO,GAAG,CAAC;AACpBC,EAAAA,IAAI,EAAC,MADe;AAEpBC,EAAAA,SAAS,EAAC;AAFU,CAAD,EAIvB;AACID,EAAAA,IAAI,EAAC,MADT;AAEIC,EAAAA,SAAS,EAAC;AAFd,CAJuB,CAAhB","sourceRoot":"C:\\Users\\hp\\Desktop\\backend-blog-api\\SRC\\models\\","sourcesContent":["export const favCmts = [{\r\n    name:'ange',\r\n    comentMsg:'well done, and try to improve your UI to look good'\r\n},\r\n{\r\n    name:'ange',\r\n    comentMsg:'well done, and try to improve your UI to look good'\r\n},\r\n];"]},"_coverageSchema":"1a1c01bbd47fc00a2c39e90264f33305004495a9","hash":"c4fff4b5080b7073586a78204bce65f3369e1767","contentHash":"78a6245a62769902e9b39c5c45cabb832254c1dcb8ba790cb0cbfbfe78a90fc8"},"C:\\Users\\hp\\Desktop\\backend-blog-api\\SRC\\models\\favusers.collection.js":{"path":"C:\\Users\\hp\\Desktop\\backend-blog-api\\SRC\\models\\favusers.collection.js","statementMap":{"0":{"start":{"line":3,"column":0},"end":{"line":5,"column":3}},"1":{"start":{"line":6,"column":0},"end":{"line":6,"column":26}},"2":{"start":{"line":7,"column":15},"end":{"line":15,"column":2}},"3":{"start":{"line":16,"column":0},"end":{"line":16,"column":28}}},"fnMap":{},"branchMap":{},"s":{"0":1,"1":1,"2":1,"3":1},"f":{},"b":{},"inputSourceMap":{"version":3,"sources":["favusers.collection.js"],"names":["favUsers","email","password","role"],"mappings":";;;;;;AAAO,IAAMA,QAAQ,GAAG,CAAC;AACrBC,EAAAA,KAAK,EAAC,gBADe;AAErBC,EAAAA,QAAQ,EAAC,QAFY;AAGrBC,EAAAA,IAAI,EAAC;AAHgB,CAAD,EAKxB;AACIF,EAAAA,KAAK,EAAC,mBADV;AAEIC,EAAAA,QAAQ,EAAC,QAFb;AAGIC,EAAAA,IAAI,EAAC;AAHT,CALwB,CAAjB","sourceRoot":"C:\\Users\\hp\\Desktop\\backend-blog-api\\SRC\\models\\","sourcesContent":["export const favUsers = [{\r\n    email:'ange@gmail.com',\r\n    password:'123456',\r\n    role:'admin'\r\n},\r\n{\r\n    email:'solange@gmail.com',\r\n    password:'123456',\r\n    role:'user'\r\n},\r\n];"]},"_coverageSchema":"1a1c01bbd47fc00a2c39e90264f33305004495a9","hash":"3653ba74de54b04801aec1a9f70cb8ae4da0f55d","contentHash":"17649e0fccf8193d9d4097c42c9c7e84c4b3aa834e24451e782ed71f3ff9513d"}}